{"C:\\Users\\yassi\\Desktop\\dekstop\\zenshe_spa\\backend\\src\\config\\jotform.js": {"path":"C:\\Users\\yassi\\Desktop\\dekstop\\zenshe_spa\\backend\\src\\config\\jotform.js","statementMap":{"0":{"start":{"line":10,"column":0},"end":{"line":35,"column":2}}},"fnMap":{},"branchMap":{"0":{"loc":{"start":{"line":12,"column":10},"end":{"line":12,"column":43}},"type":"binary-expr","locations":[{"start":{"line":12,"column":10},"end":{"line":12,"column":37}},{"start":{"line":12,"column":41},"end":{"line":12,"column":43}}],"line":12},"1":{"loc":{"start":{"line":13,"column":10},"end":{"line":13,"column":66}},"type":"binary-expr","locations":[{"start":{"line":13,"column":10},"end":{"line":13,"column":37}},{"start":{"line":13,"column":41},"end":{"line":13,"column":66}}],"line":13},"2":{"loc":{"start":{"line":17,"column":10},"end":{"line":17,"column":43}},"type":"binary-expr","locations":[{"start":{"line":17,"column":10},"end":{"line":17,"column":37}},{"start":{"line":17,"column":41},"end":{"line":17,"column":43}}],"line":17},"3":{"loc":{"start":{"line":20,"column":14},"end":{"line":20,"column":51}},"type":"binary-expr","locations":[{"start":{"line":20,"column":14},"end":{"line":20,"column":45}},{"start":{"line":20,"column":49},"end":{"line":20,"column":51}}],"line":20},"4":{"loc":{"start":{"line":34,"column":11},"end":{"line":34,"column":58}},"type":"binary-expr","locations":[{"start":{"line":34,"column":11},"end":{"line":34,"column":49}},{"start":{"line":34,"column":53},"end":{"line":34,"column":58}}],"line":34}},"s":{"0":0},"f":{},"b":{"0":[0,0],"1":[0,0],"2":[0,0],"3":[0,0],"4":[0,0]}}
,"C:\\Users\\yassi\\Desktop\\dekstop\\zenshe_spa\\backend\\src\\middleware\\auth.js": {"path":"C:\\Users\\yassi\\Desktop\\dekstop\\zenshe_spa\\backend\\src\\middleware\\auth.js","statementMap":{"0":{"start":{"line":1,"column":12},"end":{"line":1,"column":35}},"1":{"start":{"line":2,"column":15},"end":{"line":2,"column":34}},"2":{"start":{"line":3,"column":25},"end":{"line":3,"column":57}},"3":{"start":{"line":6,"column":26},"end":{"line":32,"column":1}},"4":{"start":{"line":7,"column":4},"end":{"line":31,"column":5}},"5":{"start":{"line":10,"column":22},"end":{"line":10,"column":99}},"6":{"start":{"line":12,"column":8},"end":{"line":14,"column":9}},"7":{"start":{"line":13,"column":12},"end":{"line":13,"column":89}},"8":{"start":{"line":16,"column":24},"end":{"line":16,"column":65}},"9":{"start":{"line":17,"column":22},"end":{"line":20,"column":9}},"10":{"start":{"line":22,"column":8},"end":{"line":24,"column":9}},"11":{"start":{"line":23,"column":12},"end":{"line":23,"column":93}},"12":{"start":{"line":26,"column":8},"end":{"line":26,"column":29}},"13":{"start":{"line":27,"column":8},"end":{"line":27,"column":15}},"14":{"start":{"line":29,"column":8},"end":{"line":29,"column":66}},"15":{"start":{"line":30,"column":8},"end":{"line":30,"column":60}},"16":{"start":{"line":35,"column":20},"end":{"line":47,"column":1}},"17":{"start":{"line":36,"column":4},"end":{"line":46,"column":6}},"18":{"start":{"line":37,"column":8},"end":{"line":39,"column":9}},"19":{"start":{"line":38,"column":12},"end":{"line":38,"column":81}},"20":{"start":{"line":41,"column":8},"end":{"line":43,"column":9}},"21":{"start":{"line":42,"column":12},"end":{"line":42,"column":82}},"22":{"start":{"line":45,"column":8},"end":{"line":45,"column":15}},"23":{"start":{"line":50,"column":27},"end":{"line":82,"column":1}},"24":{"start":{"line":51,"column":4},"end":{"line":81,"column":5}},"25":{"start":{"line":52,"column":22},"end":{"line":52,"column":100}},"26":{"start":{"line":54,"column":8},"end":{"line":56,"column":9}},"27":{"start":{"line":55,"column":12},"end":{"line":55,"column":89}},"28":{"start":{"line":58,"column":24},"end":{"line":58,"column":65}},"29":{"start":{"line":61,"column":8},"end":{"line":63,"column":9}},"30":{"start":{"line":62,"column":12},"end":{"line":62,"column":76}},"31":{"start":{"line":65,"column":23},"end":{"line":68,"column":9}},"32":{"start":{"line":70,"column":8},"end":{"line":72,"column":9}},"33":{"start":{"line":71,"column":12},"end":{"line":71,"column":85}},"34":{"start":{"line":74,"column":8},"end":{"line":74,"column":31}},"35":{"start":{"line":75,"column":8},"end":{"line":75,"column":36}},"36":{"start":{"line":76,"column":8},"end":{"line":76,"column":29}},"37":{"start":{"line":77,"column":8},"end":{"line":77,"column":15}},"38":{"start":{"line":79,"column":8},"end":{"line":79,"column":67}},"39":{"start":{"line":80,"column":8},"end":{"line":80,"column":60}},"40":{"start":{"line":85,"column":21},"end":{"line":88,"column":1}},"41":{"start":{"line":86,"column":23},"end":{"line":86,"column":25}},"42":{"start":{"line":87,"column":4},"end":{"line":87,"column":51}},"43":{"start":{"line":91,"column":23},"end":{"line":124,"column":1}},"44":{"start":{"line":92,"column":4},"end":{"line":123,"column":5}},"45":{"start":{"line":93,"column":8},"end":{"line":93,"column":66}},"46":{"start":{"line":94,"column":8},"end":{"line":94,"column":66}},"47":{"start":{"line":95,"column":8},"end":{"line":95,"column":66}},"48":{"start":{"line":96,"column":8},"end":{"line":96,"column":75}},"49":{"start":{"line":97,"column":8},"end":{"line":97,"column":80}},"50":{"start":{"line":98,"column":8},"end":{"line":98,"column":102}},"51":{"start":{"line":99,"column":8},"end":{"line":99,"column":82}},"52":{"start":{"line":100,"column":8},"end":{"line":100,"column":123}},"53":{"start":{"line":101,"column":8},"end":{"line":101,"column":106}},"54":{"start":{"line":102,"column":8},"end":{"line":102,"column":66}},"55":{"start":{"line":105,"column":24},"end":{"line":105,"column":70}},"56":{"start":{"line":108,"column":8},"end":{"line":108,"column":24}},"57":{"start":{"line":109,"column":8},"end":{"line":109,"column":92}},"58":{"start":{"line":110,"column":8},"end":{"line":110,"column":24}},"59":{"start":{"line":113,"column":8},"end":{"line":116,"column":9}},"60":{"start":{"line":114,"column":12},"end":{"line":114,"column":76}},"61":{"start":{"line":115,"column":12},"end":{"line":115,"column":24}},"62":{"start":{"line":118,"column":8},"end":{"line":118,"column":23}},"63":{"start":{"line":120,"column":8},"end":{"line":120,"column":71}},"64":{"start":{"line":121,"column":8},"end":{"line":121,"column":47}},"65":{"start":{"line":122,"column":8},"end":{"line":122,"column":21}},"66":{"start":{"line":127,"column":22},"end":{"line":129,"column":1}},"67":{"start":{"line":128,"column":4},"end":{"line":128,"column":68}},"68":{"start":{"line":132,"column":22},"end":{"line":135,"column":1}},"69":{"start":{"line":133,"column":23},"end":{"line":133,"column":51}},"70":{"start":{"line":134,"column":4},"end":{"line":134,"column":34}},"71":{"start":{"line":138,"column":28},"end":{"line":145,"column":1}},"72":{"start":{"line":140,"column":23},"end":{"line":140,"column":57}},"73":{"start":{"line":143,"column":23},"end":{"line":143,"column":38}},"74":{"start":{"line":144,"column":4},"end":{"line":144,"column":39}},"75":{"start":{"line":148,"column":22},"end":{"line":151,"column":1}},"76":{"start":{"line":149,"column":4},"end":{"line":149,"column":48}},"77":{"start":{"line":149,"column":35},"end":{"line":149,"column":48}},"78":{"start":{"line":150,"column":4},"end":{"line":150,"column":45}},"79":{"start":{"line":154,"column":32},"end":{"line":177,"column":1}},"80":{"start":{"line":155,"column":76},"end":{"line":155,"column":84}},"81":{"start":{"line":159,"column":4},"end":{"line":163,"column":5}},"82":{"start":{"line":160,"column":8},"end":{"line":162,"column":11}},"83":{"start":{"line":166,"column":28},"end":{"line":166,"column":54}},"84":{"start":{"line":167,"column":18},"end":{"line":167,"column":28}},"85":{"start":{"line":168,"column":4},"end":{"line":168,"column":31}},"86":{"start":{"line":170,"column":4},"end":{"line":174,"column":5}},"87":{"start":{"line":171,"column":8},"end":{"line":173,"column":11}},"88":{"start":{"line":176,"column":4},"end":{"line":176,"column":11}},"89":{"start":{"line":180,"column":27},"end":{"line":203,"column":1}},"90":{"start":{"line":181,"column":46},"end":{"line":181,"column":54}},"91":{"start":{"line":183,"column":4},"end":{"line":187,"column":5}},"92":{"start":{"line":184,"column":8},"end":{"line":186,"column":11}},"93":{"start":{"line":189,"column":4},"end":{"line":191,"column":5}},"94":{"start":{"line":190,"column":8},"end":{"line":190,"column":77}},"95":{"start":{"line":193,"column":4},"end":{"line":195,"column":5}},"96":{"start":{"line":194,"column":8},"end":{"line":194,"column":81}},"97":{"start":{"line":198,"column":4},"end":{"line":198,"column":38}},"98":{"start":{"line":199,"column":4},"end":{"line":199,"column":44}},"99":{"start":{"line":200,"column":4},"end":{"line":200,"column":42}},"100":{"start":{"line":202,"column":4},"end":{"line":202,"column":11}},"101":{"start":{"line":206,"column":35},"end":{"line":233,"column":1}},"102":{"start":{"line":207,"column":60},"end":{"line":207,"column":68}},"103":{"start":{"line":209,"column":4},"end":{"line":213,"column":5}},"104":{"start":{"line":210,"column":8},"end":{"line":212,"column":11}},"105":{"start":{"line":215,"column":4},"end":{"line":217,"column":5}},"106":{"start":{"line":216,"column":8},"end":{"line":216,"column":77}},"107":{"start":{"line":219,"column":4},"end":{"line":221,"column":5}},"108":{"start":{"line":220,"column":8},"end":{"line":220,"column":81}},"109":{"start":{"line":223,"column":4},"end":{"line":225,"column":5}},"110":{"start":{"line":224,"column":8},"end":{"line":224,"column":104}},"111":{"start":{"line":228,"column":4},"end":{"line":228,"column":38}},"112":{"start":{"line":229,"column":4},"end":{"line":229,"column":44}},"113":{"start":{"line":230,"column":4},"end":{"line":230,"column":42}},"114":{"start":{"line":232,"column":4},"end":{"line":232,"column":11}},"115":{"start":{"line":235,"column":0},"end":{"line":248,"column":2}}},"fnMap":{"0":{"name":"(anonymous_0)","decl":{"start":{"line":6,"column":26},"end":{"line":6,"column":27}},"loc":{"start":{"line":6,"column":52},"end":{"line":32,"column":1}},"line":6},"1":{"name":"(anonymous_1)","decl":{"start":{"line":35,"column":20},"end":{"line":35,"column":21}},"loc":{"start":{"line":35,"column":31},"end":{"line":47,"column":1}},"line":35},"2":{"name":"(anonymous_2)","decl":{"start":{"line":36,"column":11},"end":{"line":36,"column":12}},"loc":{"start":{"line":36,"column":31},"end":{"line":46,"column":5}},"line":36},"3":{"name":"(anonymous_3)","decl":{"start":{"line":50,"column":27},"end":{"line":50,"column":28}},"loc":{"start":{"line":50,"column":53},"end":{"line":82,"column":1}},"line":50},"4":{"name":"(anonymous_4)","decl":{"start":{"line":85,"column":21},"end":{"line":85,"column":22}},"loc":{"start":{"line":85,"column":41},"end":{"line":88,"column":1}},"line":85},"5":{"name":"(anonymous_5)","decl":{"start":{"line":91,"column":23},"end":{"line":91,"column":24}},"loc":{"start":{"line":91,"column":59},"end":{"line":124,"column":1}},"line":91},"6":{"name":"(anonymous_6)","decl":{"start":{"line":127,"column":22},"end":{"line":127,"column":23}},"loc":{"start":{"line":127,"column":84},"end":{"line":129,"column":1}},"line":127},"7":{"name":"(anonymous_7)","decl":{"start":{"line":132,"column":22},"end":{"line":132,"column":23}},"loc":{"start":{"line":132,"column":33},"end":{"line":135,"column":1}},"line":132},"8":{"name":"(anonymous_8)","decl":{"start":{"line":138,"column":28},"end":{"line":138,"column":29}},"loc":{"start":{"line":138,"column":39},"end":{"line":145,"column":1}},"line":138},"9":{"name":"(anonymous_9)","decl":{"start":{"line":148,"column":22},"end":{"line":148,"column":23}},"loc":{"start":{"line":148,"column":33},"end":{"line":151,"column":1}},"line":148},"10":{"name":"(anonymous_10)","decl":{"start":{"line":154,"column":32},"end":{"line":154,"column":33}},"loc":{"start":{"line":154,"column":52},"end":{"line":177,"column":1}},"line":154},"11":{"name":"(anonymous_11)","decl":{"start":{"line":180,"column":27},"end":{"line":180,"column":28}},"loc":{"start":{"line":180,"column":47},"end":{"line":203,"column":1}},"line":180},"12":{"name":"(anonymous_12)","decl":{"start":{"line":206,"column":35},"end":{"line":206,"column":36}},"loc":{"start":{"line":206,"column":55},"end":{"line":233,"column":1}},"line":206}},"branchMap":{"0":{"loc":{"start":{"line":10,"column":22},"end":{"line":10,"column":99}},"type":"binary-expr","locations":[{"start":{"line":10,"column":22},"end":{"line":10,"column":73}},{"start":{"line":10,"column":77},"end":{"line":10,"column":99}}],"line":10},"1":{"loc":{"start":{"line":12,"column":8},"end":{"line":14,"column":9}},"type":"if","locations":[{"start":{"line":12,"column":8},"end":{"line":14,"column":9}},{"start":{},"end":{}}],"line":12},"2":{"loc":{"start":{"line":22,"column":8},"end":{"line":24,"column":9}},"type":"if","locations":[{"start":{"line":22,"column":8},"end":{"line":24,"column":9}},{"start":{},"end":{}}],"line":22},"3":{"loc":{"start":{"line":37,"column":8},"end":{"line":39,"column":9}},"type":"if","locations":[{"start":{"line":37,"column":8},"end":{"line":39,"column":9}},{"start":{},"end":{}}],"line":37},"4":{"loc":{"start":{"line":41,"column":8},"end":{"line":43,"column":9}},"type":"if","locations":[{"start":{"line":41,"column":8},"end":{"line":43,"column":9}},{"start":{},"end":{}}],"line":41},"5":{"loc":{"start":{"line":52,"column":22},"end":{"line":52,"column":100}},"type":"binary-expr","locations":[{"start":{"line":52,"column":22},"end":{"line":52,"column":73}},{"start":{"line":52,"column":77},"end":{"line":52,"column":100}}],"line":52},"6":{"loc":{"start":{"line":54,"column":8},"end":{"line":56,"column":9}},"type":"if","locations":[{"start":{"line":54,"column":8},"end":{"line":56,"column":9}},{"start":{},"end":{}}],"line":54},"7":{"loc":{"start":{"line":61,"column":8},"end":{"line":63,"column":9}},"type":"if","locations":[{"start":{"line":61,"column":8},"end":{"line":63,"column":9}},{"start":{},"end":{}}],"line":61},"8":{"loc":{"start":{"line":70,"column":8},"end":{"line":72,"column":9}},"type":"if","locations":[{"start":{"line":70,"column":8},"end":{"line":72,"column":9}},{"start":{},"end":{}}],"line":70},"9":{"loc":{"start":{"line":96,"column":50},"end":{"line":96,"column":73}},"type":"cond-expr","locations":[{"start":{"line":96,"column":61},"end":{"line":96,"column":66}},{"start":{"line":96,"column":69},"end":{"line":96,"column":73}}],"line":96},"10":{"loc":{"start":{"line":97,"column":48},"end":{"line":97,"column":78}},"type":"cond-expr","locations":[{"start":{"line":97,"column":59},"end":{"line":97,"column":74}},{"start":{"line":97,"column":77},"end":{"line":97,"column":78}}],"line":97},"11":{"loc":{"start":{"line":98,"column":48},"end":{"line":98,"column":100}},"type":"cond-expr","locations":[{"start":{"line":98,"column":59},"end":{"line":98,"column":91}},{"start":{"line":98,"column":94},"end":{"line":98,"column":100}}],"line":98},"12":{"loc":{"start":{"line":99,"column":51},"end":{"line":99,"column":80}},"type":"cond-expr","locations":[{"start":{"line":99,"column":68},"end":{"line":99,"column":73}},{"start":{"line":99,"column":76},"end":{"line":99,"column":80}}],"line":99},"13":{"loc":{"start":{"line":100,"column":44},"end":{"line":100,"column":121}},"type":"cond-expr","locations":[{"start":{"line":100,"column":62},"end":{"line":100,"column":112}},{"start":{"line":100,"column":116},"end":{"line":100,"column":121}}],"line":100},"14":{"loc":{"start":{"line":100,"column":62},"end":{"line":100,"column":112}},"type":"cond-expr","locations":[{"start":{"line":100,"column":96},"end":{"line":100,"column":103}},{"start":{"line":100,"column":106},"end":{"line":100,"column":112}}],"line":100},"15":{"loc":{"start":{"line":101,"column":39},"end":{"line":101,"column":104}},"type":"cond-expr","locations":[{"start":{"line":101,"column":56},"end":{"line":101,"column":95}},{"start":{"line":101,"column":98},"end":{"line":101,"column":104}}],"line":101},"16":{"loc":{"start":{"line":109,"column":56},"end":{"line":109,"column":90}},"type":"cond-expr","locations":[{"start":{"line":109,"column":66},"end":{"line":109,"column":75}},{"start":{"line":109,"column":78},"end":{"line":109,"column":90}}],"line":109},"17":{"loc":{"start":{"line":113,"column":8},"end":{"line":116,"column":9}},"type":"if","locations":[{"start":{"line":113,"column":8},"end":{"line":116,"column":9}},{"start":{},"end":{}}],"line":113},"18":{"loc":{"start":{"line":113,"column":12},"end":{"line":113,"column":132}},"type":"binary-expr","locations":[{"start":{"line":113,"column":12},"end":{"line":113,"column":20}},{"start":{"line":113,"column":24},"end":{"line":113,"column":47}},{"start":{"line":113,"column":51},"end":{"line":113,"column":132}}],"line":113},"19":{"loc":{"start":{"line":127,"column":32},"end":{"line":127,"column":79}},"type":"default-arg","locations":[{"start":{"line":127,"column":44},"end":{"line":127,"column":79}}],"line":127},"20":{"loc":{"start":{"line":127,"column":44},"end":{"line":127,"column":79}},"type":"binary-expr","locations":[{"start":{"line":127,"column":44},"end":{"line":127,"column":70}},{"start":{"line":127,"column":74},"end":{"line":127,"column":79}}],"line":127},"21":{"loc":{"start":{"line":149,"column":4},"end":{"line":149,"column":48}},"type":"if","locations":[{"start":{"line":149,"column":4},"end":{"line":149,"column":48}},{"start":{},"end":{}}],"line":149},"22":{"loc":{"start":{"line":159,"column":4},"end":{"line":163,"column":5}},"type":"if","locations":[{"start":{"line":159,"column":4},"end":{"line":163,"column":5}},{"start":{},"end":{}}],"line":159},"23":{"loc":{"start":{"line":159,"column":8},"end":{"line":159,"column":82}},"type":"binary-expr","locations":[{"start":{"line":159,"column":8},"end":{"line":159,"column":19}},{"start":{"line":159,"column":23},"end":{"line":159,"column":40}},{"start":{"line":159,"column":44},"end":{"line":159,"column":56}},{"start":{"line":159,"column":61},"end":{"line":159,"column":71}},{"start":{"line":159,"column":75},"end":{"line":159,"column":81}}],"line":159},"24":{"loc":{"start":{"line":170,"column":4},"end":{"line":174,"column":5}},"type":"if","locations":[{"start":{"line":170,"column":4},"end":{"line":174,"column":5}},{"start":{},"end":{}}],"line":170},"25":{"loc":{"start":{"line":183,"column":4},"end":{"line":187,"column":5}},"type":"if","locations":[{"start":{"line":183,"column":4},"end":{"line":187,"column":5}},{"start":{},"end":{}}],"line":183},"26":{"loc":{"start":{"line":183,"column":8},"end":{"line":183,"column":47}},"type":"binary-expr","locations":[{"start":{"line":183,"column":8},"end":{"line":183,"column":12}},{"start":{"line":183,"column":16},"end":{"line":183,"column":23}},{"start":{"line":183,"column":27},"end":{"line":183,"column":33}},{"start":{"line":183,"column":37},"end":{"line":183,"column":47}}],"line":183},"27":{"loc":{"start":{"line":189,"column":4},"end":{"line":191,"column":5}},"type":"if","locations":[{"start":{"line":189,"column":4},"end":{"line":191,"column":5}},{"start":{},"end":{}}],"line":189},"28":{"loc":{"start":{"line":193,"column":4},"end":{"line":195,"column":5}},"type":"if","locations":[{"start":{"line":193,"column":4},"end":{"line":195,"column":5}},{"start":{},"end":{}}],"line":193},"29":{"loc":{"start":{"line":209,"column":4},"end":{"line":213,"column":5}},"type":"if","locations":[{"start":{"line":209,"column":4},"end":{"line":213,"column":5}},{"start":{},"end":{}}],"line":209},"30":{"loc":{"start":{"line":209,"column":8},"end":{"line":209,"column":64}},"type":"binary-expr","locations":[{"start":{"line":209,"column":8},"end":{"line":209,"column":12}},{"start":{"line":209,"column":16},"end":{"line":209,"column":23}},{"start":{"line":209,"column":27},"end":{"line":209,"column":33}},{"start":{"line":209,"column":37},"end":{"line":209,"column":47}},{"start":{"line":209,"column":51},"end":{"line":209,"column":64}}],"line":209},"31":{"loc":{"start":{"line":215,"column":4},"end":{"line":217,"column":5}},"type":"if","locations":[{"start":{"line":215,"column":4},"end":{"line":217,"column":5}},{"start":{},"end":{}}],"line":215},"32":{"loc":{"start":{"line":219,"column":4},"end":{"line":221,"column":5}},"type":"if","locations":[{"start":{"line":219,"column":4},"end":{"line":221,"column":5}},{"start":{},"end":{}}],"line":219},"33":{"loc":{"start":{"line":223,"column":4},"end":{"line":225,"column":5}},"type":"if","locations":[{"start":{"line":223,"column":4},"end":{"line":225,"column":5}},{"start":{},"end":{}}],"line":223}},"s":{"0":0,"1":0,"2":0,"3":0,"4":0,"5":0,"6":0,"7":0,"8":0,"9":0,"10":0,"11":0,"12":0,"13":0,"14":0,"15":0,"16":0,"17":0,"18":0,"19":0,"20":0,"21":0,"22":0,"23":0,"24":0,"25":0,"26":0,"27":0,"28":0,"29":0,"30":0,"31":0,"32":0,"33":0,"34":0,"35":0,"36":0,"37":0,"38":0,"39":0,"40":0,"41":0,"42":0,"43":0,"44":0,"45":0,"46":0,"47":0,"48":0,"49":0,"50":0,"51":0,"52":0,"53":0,"54":0,"55":0,"56":0,"57":0,"58":0,"59":0,"60":0,"61":0,"62":0,"63":0,"64":0,"65":0,"66":0,"67":0,"68":0,"69":0,"70":0,"71":0,"72":0,"73":0,"74":0,"75":0,"76":0,"77":0,"78":0,"79":0,"80":0,"81":0,"82":0,"83":0,"84":0,"85":0,"86":0,"87":0,"88":0,"89":0,"90":0,"91":0,"92":0,"93":0,"94":0,"95":0,"96":0,"97":0,"98":0,"99":0,"100":0,"101":0,"102":0,"103":0,"104":0,"105":0,"106":0,"107":0,"108":0,"109":0,"110":0,"111":0,"112":0,"113":0,"114":0,"115":0},"f":{"0":0,"1":0,"2":0,"3":0,"4":0,"5":0,"6":0,"7":0,"8":0,"9":0,"10":0,"11":0,"12":0},"b":{"0":[0,0],"1":[0,0],"2":[0,0],"3":[0,0],"4":[0,0],"5":[0,0],"6":[0,0],"7":[0,0],"8":[0,0],"9":[0,0],"10":[0,0],"11":[0,0],"12":[0,0],"13":[0,0],"14":[0,0],"15":[0,0],"16":[0,0],"17":[0,0],"18":[0,0,0],"19":[0],"20":[0,0],"21":[0,0],"22":[0,0],"23":[0,0,0,0,0],"24":[0,0],"25":[0,0],"26":[0,0,0,0],"27":[0,0],"28":[0,0],"29":[0,0],"30":[0,0,0,0,0],"31":[0,0],"32":[0,0],"33":[0,0]}}
,"C:\\Users\\yassi\\Desktop\\dekstop\\zenshe_spa\\backend\\src\\middleware\\security.js": {"path":"C:\\Users\\yassi\\Desktop\\dekstop\\zenshe_spa\\backend\\src\\middleware\\security.js","statementMap":{"0":{"start":{"line":1,"column":15},"end":{"line":1,"column":32}},"1":{"start":{"line":2,"column":18},"end":{"line":2,"column":47}},"2":{"start":{"line":3,"column":35},"end":{"line":3,"column":63}},"3":{"start":{"line":4,"column":12},"end":{"line":4,"column":26}},"4":{"start":{"line":7,"column":24},"end":{"line":30,"column":2}},"5":{"start":{"line":33,"column":20},"end":{"line":49,"column":2}},"6":{"start":{"line":43,"column":8},"end":{"line":47,"column":11}},"7":{"start":{"line":51,"column":23},"end":{"line":64,"column":2}},"8":{"start":{"line":62,"column":8},"end":{"line":62,"column":49}},"9":{"start":{"line":66,"column":27},"end":{"line":75,"column":2}},"10":{"start":{"line":78,"column":22},"end":{"line":112,"column":1}},"11":{"start":{"line":79,"column":4},"end":{"line":111,"column":6}},"12":{"start":{"line":81,"column":8},"end":{"line":81,"column":78}},"13":{"start":{"line":81,"column":56},"end":{"line":81,"column":75}},"14":{"start":{"line":83,"column":23},"end":{"line":83,"column":44}},"15":{"start":{"line":84,"column":8},"end":{"line":93,"column":9}},"16":{"start":{"line":85,"column":12},"end":{"line":92,"column":15}},"17":{"start":{"line":87,"column":52},"end":{"line":91,"column":17}},"18":{"start":{"line":96,"column":31},"end":{"line":104,"column":9}},"19":{"start":{"line":97,"column":12},"end":{"line":103,"column":13}},"20":{"start":{"line":98,"column":16},"end":{"line":102,"column":17}},"21":{"start":{"line":99,"column":20},"end":{"line":99,"column":52}},"22":{"start":{"line":100,"column":23},"end":{"line":102,"column":17}},"23":{"start":{"line":101,"column":20},"end":{"line":101,"column":45}},"24":{"start":{"line":106,"column":8},"end":{"line":108,"column":9}},"25":{"start":{"line":107,"column":12},"end":{"line":107,"column":37}},"26":{"start":{"line":110,"column":8},"end":{"line":110,"column":15}},"27":{"start":{"line":115,"column":24},"end":{"line":118,"column":56}},"28":{"start":{"line":120,"column":27},"end":{"line":124,"column":132}},"29":{"start":{"line":126,"column":24},"end":{"line":128,"column":57}},"30":{"start":{"line":130,"column":23},"end":{"line":134,"column":87}},"31":{"start":{"line":130,"column":34},"end":{"line":134,"column":87}},"32":{"start":{"line":137,"column":24},"end":{"line":147,"column":1}},"33":{"start":{"line":139,"column":4},"end":{"line":143,"column":5}},"34":{"start":{"line":140,"column":8},"end":{"line":140,"column":34}},"35":{"start":{"line":141,"column":8},"end":{"line":141,"column":36}},"36":{"start":{"line":142,"column":8},"end":{"line":142,"column":34}},"37":{"start":{"line":146,"column":4},"end":{"line":146,"column":11}},"38":{"start":{"line":150,"column":23},"end":{"line":191,"column":1}},"39":{"start":{"line":152,"column":31},"end":{"line":160,"column":5}},"40":{"start":{"line":162,"column":28},"end":{"line":164,"column":5}},"41":{"start":{"line":163,"column":8},"end":{"line":163,"column":69}},"42":{"start":{"line":163,"column":50},"end":{"line":163,"column":67}},"43":{"start":{"line":166,"column":26},"end":{"line":175,"column":5}},"44":{"start":{"line":167,"column":8},"end":{"line":174,"column":11}},"45":{"start":{"line":178,"column":4},"end":{"line":180,"column":5}},"46":{"start":{"line":179,"column":8},"end":{"line":179,"column":54}},"47":{"start":{"line":183,"column":4},"end":{"line":188,"column":5}},"48":{"start":{"line":184,"column":27},"end":{"line":184,"column":51}},"49":{"start":{"line":185,"column":8},"end":{"line":187,"column":9}},"50":{"start":{"line":186,"column":12},"end":{"line":186,"column":52}},"51":{"start":{"line":190,"column":4},"end":{"line":190,"column":11}},"52":{"start":{"line":193,"column":0},"end":{"line":205,"column":2}}},"fnMap":{"0":{"name":"(anonymous_0)","decl":{"start":{"line":42,"column":13},"end":{"line":42,"column":14}},"loc":{"start":{"line":42,"column":27},"end":{"line":48,"column":5}},"line":42},"1":{"name":"(anonymous_1)","decl":{"start":{"line":61,"column":10},"end":{"line":61,"column":11}},"loc":{"start":{"line":61,"column":19},"end":{"line":63,"column":5}},"line":61},"2":{"name":"(anonymous_2)","decl":{"start":{"line":78,"column":22},"end":{"line":78,"column":23}},"loc":{"start":{"line":78,"column":39},"end":{"line":112,"column":1}},"line":78},"3":{"name":"(anonymous_3)","decl":{"start":{"line":79,"column":11},"end":{"line":79,"column":12}},"loc":{"start":{"line":79,"column":37},"end":{"line":111,"column":5}},"line":79},"4":{"name":"(anonymous_4)","decl":{"start":{"line":81,"column":42},"end":{"line":81,"column":43}},"loc":{"start":{"line":81,"column":56},"end":{"line":81,"column":75}},"line":81},"5":{"name":"(anonymous_5)","decl":{"start":{"line":87,"column":44},"end":{"line":87,"column":45}},"loc":{"start":{"line":87,"column":52},"end":{"line":91,"column":17}},"line":87},"6":{"name":"(anonymous_6)","decl":{"start":{"line":96,"column":31},"end":{"line":96,"column":32}},"loc":{"start":{"line":96,"column":40},"end":{"line":104,"column":9}},"line":96},"7":{"name":"(anonymous_7)","decl":{"start":{"line":130,"column":23},"end":{"line":130,"column":24}},"loc":{"start":{"line":130,"column":34},"end":{"line":134,"column":87}},"line":130},"8":{"name":"(anonymous_8)","decl":{"start":{"line":137,"column":24},"end":{"line":137,"column":25}},"loc":{"start":{"line":137,"column":44},"end":{"line":147,"column":1}},"line":137},"9":{"name":"(anonymous_9)","decl":{"start":{"line":150,"column":23},"end":{"line":150,"column":24}},"loc":{"start":{"line":150,"column":43},"end":{"line":191,"column":1}},"line":150},"10":{"name":"(anonymous_10)","decl":{"start":{"line":162,"column":28},"end":{"line":162,"column":29}},"loc":{"start":{"line":162,"column":37},"end":{"line":164,"column":5}},"line":162},"11":{"name":"(anonymous_11)","decl":{"start":{"line":163,"column":39},"end":{"line":163,"column":40}},"loc":{"start":{"line":163,"column":50},"end":{"line":163,"column":67}},"line":163},"12":{"name":"(anonymous_12)","decl":{"start":{"line":166,"column":26},"end":{"line":166,"column":27}},"loc":{"start":{"line":166,"column":44},"end":{"line":175,"column":5}},"line":166}},"branchMap":{"0":{"loc":{"start":{"line":84,"column":8},"end":{"line":93,"column":9}},"type":"if","locations":[{"start":{"line":84,"column":8},"end":{"line":93,"column":9}},{"start":{},"end":{}}],"line":84},"1":{"loc":{"start":{"line":98,"column":16},"end":{"line":102,"column":17}},"type":"if","locations":[{"start":{"line":98,"column":16},"end":{"line":102,"column":17}},{"start":{"line":100,"column":23},"end":{"line":102,"column":17}}],"line":98},"2":{"loc":{"start":{"line":100,"column":23},"end":{"line":102,"column":17}},"type":"if","locations":[{"start":{"line":100,"column":23},"end":{"line":102,"column":17}},{"start":{},"end":{}}],"line":100},"3":{"loc":{"start":{"line":100,"column":27},"end":{"line":100,"column":76}},"type":"binary-expr","locations":[{"start":{"line":100,"column":27},"end":{"line":100,"column":55}},{"start":{"line":100,"column":59},"end":{"line":100,"column":76}}],"line":100},"4":{"loc":{"start":{"line":106,"column":8},"end":{"line":108,"column":9}},"type":"if","locations":[{"start":{"line":106,"column":8},"end":{"line":108,"column":9}},{"start":{},"end":{}}],"line":106},"5":{"loc":{"start":{"line":139,"column":4},"end":{"line":143,"column":5}},"type":"if","locations":[{"start":{"line":139,"column":4},"end":{"line":143,"column":5}},{"start":{},"end":{}}],"line":139},"6":{"loc":{"start":{"line":178,"column":4},"end":{"line":180,"column":5}},"type":"if","locations":[{"start":{"line":178,"column":4},"end":{"line":180,"column":5}},{"start":{},"end":{}}],"line":178},"7":{"loc":{"start":{"line":183,"column":4},"end":{"line":188,"column":5}},"type":"if","locations":[{"start":{"line":183,"column":4},"end":{"line":188,"column":5}},{"start":{},"end":{}}],"line":183},"8":{"loc":{"start":{"line":185,"column":8},"end":{"line":187,"column":9}},"type":"if","locations":[{"start":{"line":185,"column":8},"end":{"line":187,"column":9}},{"start":{},"end":{}}],"line":185}},"s":{"0":0,"1":0,"2":0,"3":0,"4":0,"5":0,"6":0,"7":0,"8":0,"9":0,"10":0,"11":0,"12":0,"13":0,"14":0,"15":0,"16":0,"17":0,"18":0,"19":0,"20":0,"21":0,"22":0,"23":0,"24":0,"25":0,"26":0,"27":0,"28":0,"29":0,"30":0,"31":0,"32":0,"33":0,"34":0,"35":0,"36":0,"37":0,"38":0,"39":0,"40":0,"41":0,"42":0,"43":0,"44":0,"45":0,"46":0,"47":0,"48":0,"49":0,"50":0,"51":0,"52":0},"f":{"0":0,"1":0,"2":0,"3":0,"4":0,"5":0,"6":0,"7":0,"8":0,"9":0,"10":0,"11":0,"12":0},"b":{"0":[0,0],"1":[0,0],"2":[0,0],"3":[0,0],"4":[0,0],"5":[0,0],"6":[0,0],"7":[0,0],"8":[0,0]}}
,"C:\\Users\\yassi\\Desktop\\dekstop\\zenshe_spa\\backend\\src\\middleware\\upload.js": {"path":"C:\\Users\\yassi\\Desktop\\dekstop\\zenshe_spa\\backend\\src\\middleware\\upload.js","statementMap":{"0":{"start":{"line":1,"column":15},"end":{"line":1,"column":32}},"1":{"start":{"line":2,"column":13},"end":{"line":2,"column":28}},"2":{"start":{"line":3,"column":11},"end":{"line":3,"column":24}},"3":{"start":{"line":6,"column":18},"end":{"line":6,"column":64}},"4":{"start":{"line":7,"column":0},"end":{"line":9,"column":1}},"5":{"start":{"line":8,"column":4},"end":{"line":8,"column":49}},"6":{"start":{"line":12,"column":16},"end":{"line":25,"column":2}},"7":{"start":{"line":14,"column":8},"end":{"line":14,"column":28}},"8":{"start":{"line":18,"column":29},"end":{"line":18,"column":79}},"9":{"start":{"line":19,"column":20},"end":{"line":19,"column":51}},"10":{"start":{"line":20,"column":31},"end":{"line":20,"column":68}},"11":{"start":{"line":22,"column":26},"end":{"line":22,"column":84}},"12":{"start":{"line":23,"column":8},"end":{"line":23,"column":63}},"13":{"start":{"line":28,"column":19},"end":{"line":36,"column":1}},"14":{"start":{"line":29,"column":25},"end":{"line":29,"column":92}},"15":{"start":{"line":31,"column":4},"end":{"line":35,"column":5}},"16":{"start":{"line":32,"column":8},"end":{"line":32,"column":23}},"17":{"start":{"line":34,"column":8},"end":{"line":34,"column":100}},"18":{"start":{"line":39,"column":15},"end":{"line":45,"column":2}},"19":{"start":{"line":48,"column":21},"end":{"line":48,"column":43}},"20":{"start":{"line":51,"column":23},"end":{"line":51,"column":48}},"21":{"start":{"line":54,"column":26},"end":{"line":79,"column":1}},"22":{"start":{"line":55,"column":4},"end":{"line":77,"column":5}},"23":{"start":{"line":56,"column":8},"end":{"line":61,"column":9}},"24":{"start":{"line":57,"column":12},"end":{"line":60,"column":15}},"25":{"start":{"line":62,"column":8},"end":{"line":67,"column":9}},"26":{"start":{"line":63,"column":12},"end":{"line":66,"column":15}},"27":{"start":{"line":68,"column":8},"end":{"line":71,"column":11}},"28":{"start":{"line":72,"column":11},"end":{"line":77,"column":5}},"29":{"start":{"line":73,"column":8},"end":{"line":76,"column":11}},"30":{"start":{"line":78,"column":4},"end":{"line":78,"column":11}},"31":{"start":{"line":81,"column":0},"end":{"line":85,"column":2}}},"fnMap":{"0":{"name":"(anonymous_0)","decl":{"start":{"line":13,"column":17},"end":{"line":13,"column":18}},"loc":{"start":{"line":13,"column":42},"end":{"line":15,"column":5}},"line":13},"1":{"name":"(anonymous_1)","decl":{"start":{"line":16,"column":14},"end":{"line":16,"column":15}},"loc":{"start":{"line":16,"column":39},"end":{"line":24,"column":5}},"line":16},"2":{"name":"(anonymous_2)","decl":{"start":{"line":28,"column":19},"end":{"line":28,"column":20}},"loc":{"start":{"line":28,"column":38},"end":{"line":36,"column":1}},"line":28},"3":{"name":"(anonymous_3)","decl":{"start":{"line":54,"column":26},"end":{"line":54,"column":27}},"loc":{"start":{"line":54,"column":51},"end":{"line":79,"column":1}},"line":54}},"branchMap":{"0":{"loc":{"start":{"line":7,"column":0},"end":{"line":9,"column":1}},"type":"if","locations":[{"start":{"line":7,"column":0},"end":{"line":9,"column":1}},{"start":{},"end":{}}],"line":7},"1":{"loc":{"start":{"line":31,"column":4},"end":{"line":35,"column":5}},"type":"if","locations":[{"start":{"line":31,"column":4},"end":{"line":35,"column":5}},{"start":{"line":33,"column":11},"end":{"line":35,"column":5}}],"line":31},"2":{"loc":{"start":{"line":55,"column":4},"end":{"line":77,"column":5}},"type":"if","locations":[{"start":{"line":55,"column":4},"end":{"line":77,"column":5}},{"start":{"line":72,"column":11},"end":{"line":77,"column":5}}],"line":55},"3":{"loc":{"start":{"line":56,"column":8},"end":{"line":61,"column":9}},"type":"if","locations":[{"start":{"line":56,"column":8},"end":{"line":61,"column":9}},{"start":{},"end":{}}],"line":56},"4":{"loc":{"start":{"line":62,"column":8},"end":{"line":67,"column":9}},"type":"if","locations":[{"start":{"line":62,"column":8},"end":{"line":67,"column":9}},{"start":{},"end":{}}],"line":62},"5":{"loc":{"start":{"line":72,"column":11},"end":{"line":77,"column":5}},"type":"if","locations":[{"start":{"line":72,"column":11},"end":{"line":77,"column":5}},{"start":{},"end":{}}],"line":72}},"s":{"0":0,"1":0,"2":0,"3":0,"4":0,"5":0,"6":0,"7":0,"8":0,"9":0,"10":0,"11":0,"12":0,"13":0,"14":0,"15":0,"16":0,"17":0,"18":0,"19":0,"20":0,"21":0,"22":0,"23":0,"24":0,"25":0,"26":0,"27":0,"28":0,"29":0,"30":0,"31":0},"f":{"0":0,"1":0,"2":0,"3":0},"b":{"0":[0,0],"1":[0,0],"2":[0,0],"3":[0,0],"4":[0,0],"5":[0,0]}}
,"C:\\Users\\yassi\\Desktop\\dekstop\\zenshe_spa\\backend\\src\\models\\Client.js": {"path":"C:\\Users\\yassi\\Desktop\\dekstop\\zenshe_spa\\backend\\src\\models\\Client.js","statementMap":{"0":{"start":{"line":1,"column":45},"end":{"line":1,"column":77}},"1":{"start":{"line":2,"column":26},"end":{"line":2,"column":51}},"2":{"start":{"line":7,"column":22},"end":{"line":7,"column":60}},"3":{"start":{"line":8,"column":21},"end":{"line":8,"column":23}},"4":{"start":{"line":9,"column":8},"end":{"line":11,"column":9}},"5":{"start":{"line":9,"column":21},"end":{"line":9,"column":22}},"6":{"start":{"line":10,"column":12},"end":{"line":10,"column":77}},"7":{"start":{"line":12,"column":8},"end":{"line":12,"column":22}},"8":{"start":{"line":29,"column":12},"end":{"line":29,"column":22}},"9":{"start":{"line":31,"column":8},"end":{"line":85,"column":11}},"10":{"start":{"line":33,"column":32},"end":{"line":38,"column":13}},"11":{"start":{"line":40,"column":33},"end":{"line":52,"column":14}},"12":{"start":{"line":54,"column":29},"end":{"line":54,"column":50}},"13":{"start":{"line":58,"column":27},"end":{"line":58,"column":32}},"14":{"start":{"line":59,"column":27},"end":{"line":59,"column":28}},"15":{"start":{"line":60,"column":32},"end":{"line":60,"column":34}},"16":{"start":{"line":62,"column":12},"end":{"line":70,"column":13}},"17":{"start":{"line":63,"column":16},"end":{"line":63,"column":59}},"18":{"start":{"line":64,"column":33},"end":{"line":67,"column":17}},"19":{"start":{"line":68,"column":16},"end":{"line":68,"column":49}},"20":{"start":{"line":69,"column":16},"end":{"line":69,"column":27}},"21":{"start":{"line":72,"column":12},"end":{"line":74,"column":13}},"22":{"start":{"line":73,"column":16},"end":{"line":73,"column":75}},"23":{"start":{"line":77,"column":12},"end":{"line":82,"column":14}},"24":{"start":{"line":84,"column":12},"end":{"line":84,"column":28}},"25":{"start":{"line":90,"column":22},"end":{"line":97,"column":9}},"26":{"start":{"line":98,"column":23},"end":{"line":98,"column":54}},"27":{"start":{"line":99,"column":8},"end":{"line":99,"column":25}},"28":{"start":{"line":104,"column":22},"end":{"line":110,"column":9}},"29":{"start":{"line":111,"column":23},"end":{"line":111,"column":57}},"30":{"start":{"line":112,"column":8},"end":{"line":112,"column":25}},"31":{"start":{"line":117,"column":22},"end":{"line":123,"column":9}},"32":{"start":{"line":124,"column":23},"end":{"line":124,"column":57}},"33":{"start":{"line":125,"column":8},"end":{"line":125,"column":25}},"34":{"start":{"line":130,"column":23},"end":{"line":130,"column":41}},"35":{"start":{"line":131,"column":26},"end":{"line":131,"column":46}},"36":{"start":{"line":132,"column":21},"end":{"line":132,"column":23}},"37":{"start":{"line":134,"column":8},"end":{"line":138,"column":9}},"38":{"start":{"line":135,"column":12},"end":{"line":135,"column":100}},"39":{"start":{"line":136,"column":34},"end":{"line":136,"column":47}},"40":{"start":{"line":137,"column":12},"end":{"line":137,"column":84}},"41":{"start":{"line":140,"column":22},"end":{"line":154,"column":9}},"42":{"start":{"line":156,"column":8},"end":{"line":156,"column":35}},"43":{"start":{"line":157,"column":8},"end":{"line":157,"column":49}},"44":{"start":{"line":162,"column":26},"end":{"line":162,"column":46}},"45":{"start":{"line":163,"column":21},"end":{"line":163,"column":23}},"46":{"start":{"line":165,"column":8},"end":{"line":169,"column":9}},"47":{"start":{"line":166,"column":12},"end":{"line":166,"column":80}},"48":{"start":{"line":167,"column":34},"end":{"line":167,"column":47}},"49":{"start":{"line":168,"column":12},"end":{"line":168,"column":69}},"50":{"start":{"line":171,"column":22},"end":{"line":171,"column":76}},"51":{"start":{"line":172,"column":23},"end":{"line":172,"column":56}},"52":{"start":{"line":173,"column":8},"end":{"line":173,"column":31}},"53":{"start":{"line":187,"column":12},"end":{"line":187,"column":22}},"54":{"start":{"line":189,"column":22},"end":{"line":194,"column":9}},"55":{"start":{"line":197,"column":8},"end":{"line":207,"column":11}},"56":{"start":{"line":212,"column":22},"end":{"line":216,"column":9}},"57":{"start":{"line":217,"column":8},"end":{"line":217,"column":74}},"58":{"start":{"line":222,"column":22},"end":{"line":222,"column":69}},"59":{"start":{"line":223,"column":8},"end":{"line":223,"column":47}},"60":{"start":{"line":228,"column":20},"end":{"line":228,"column":77}},"61":{"start":{"line":229,"column":21},"end":{"line":229,"column":28}},"62":{"start":{"line":231,"column":8},"end":{"line":234,"column":9}},"63":{"start":{"line":232,"column":12},"end":{"line":232,"column":36}},"64":{"start":{"line":233,"column":12},"end":{"line":233,"column":35}},"65":{"start":{"line":236,"column":23},"end":{"line":236,"column":56}},"66":{"start":{"line":237,"column":8},"end":{"line":237,"column":33}},"67":{"start":{"line":242,"column":22},"end":{"line":258,"column":9}},"68":{"start":{"line":259,"column":8},"end":{"line":259,"column":60}},"69":{"start":{"line":264,"column":24},"end":{"line":280,"column":9}},"70":{"start":{"line":282,"column":24},"end":{"line":284,"column":9}},"71":{"start":{"line":283,"column":33},"end":{"line":283,"column":64}},"72":{"start":{"line":286,"column":8},"end":{"line":291,"column":10}},"73":{"start":{"line":296,"column":22},"end":{"line":303,"column":9}},"74":{"start":{"line":304,"column":23},"end":{"line":304,"column":60}},"75":{"start":{"line":305,"column":8},"end":{"line":305,"column":33}},"76":{"start":{"line":309,"column":0},"end":{"line":309,"column":29}}},"fnMap":{"0":{"name":"(anonymous_0)","decl":{"start":{"line":6,"column":4},"end":{"line":6,"column":5}},"loc":{"start":{"line":6,"column":44},"end":{"line":13,"column":5}},"line":6},"1":{"name":"(anonymous_1)","decl":{"start":{"line":16,"column":4},"end":{"line":16,"column":5}},"loc":{"start":{"line":16,"column":42},"end":{"line":86,"column":5}},"line":16},"2":{"name":"(anonymous_2)","decl":{"start":{"line":31,"column":34},"end":{"line":31,"column":35}},"loc":{"start":{"line":31,"column":56},"end":{"line":85,"column":9}},"line":31},"3":{"name":"(anonymous_3)","decl":{"start":{"line":89,"column":4},"end":{"line":89,"column":5}},"loc":{"start":{"line":89,"column":35},"end":{"line":100,"column":5}},"line":89},"4":{"name":"(anonymous_4)","decl":{"start":{"line":103,"column":4},"end":{"line":103,"column":5}},"loc":{"start":{"line":103,"column":41},"end":{"line":113,"column":5}},"line":103},"5":{"name":"(anonymous_5)","decl":{"start":{"line":116,"column":4},"end":{"line":116,"column":5}},"loc":{"start":{"line":116,"column":36},"end":{"line":126,"column":5}},"line":116},"6":{"name":"(anonymous_6)","decl":{"start":{"line":129,"column":4},"end":{"line":129,"column":5}},"loc":{"start":{"line":129,"column":66},"end":{"line":158,"column":5}},"line":129},"7":{"name":"(anonymous_7)","decl":{"start":{"line":161,"column":4},"end":{"line":161,"column":5}},"loc":{"start":{"line":161,"column":45},"end":{"line":174,"column":5}},"line":161},"8":{"name":"(anonymous_8)","decl":{"start":{"line":177,"column":4},"end":{"line":177,"column":5}},"loc":{"start":{"line":177,"column":46},"end":{"line":208,"column":5}},"line":177},"9":{"name":"(anonymous_9)","decl":{"start":{"line":211,"column":4},"end":{"line":211,"column":5}},"loc":{"start":{"line":211,"column":78},"end":{"line":218,"column":5}},"line":211},"10":{"name":"(anonymous_10)","decl":{"start":{"line":221,"column":4},"end":{"line":221,"column":5}},"loc":{"start":{"line":221,"column":34},"end":{"line":224,"column":5}},"line":221},"11":{"name":"(anonymous_11)","decl":{"start":{"line":227,"column":4},"end":{"line":227,"column":5}},"loc":{"start":{"line":227,"column":54},"end":{"line":238,"column":5}},"line":227},"12":{"name":"(anonymous_12)","decl":{"start":{"line":241,"column":4},"end":{"line":241,"column":5}},"loc":{"start":{"line":241,"column":61},"end":{"line":260,"column":5}},"line":241},"13":{"name":"(anonymous_13)","decl":{"start":{"line":263,"column":4},"end":{"line":263,"column":5}},"loc":{"start":{"line":263,"column":42},"end":{"line":292,"column":5}},"line":263},"14":{"name":"(anonymous_14)","decl":{"start":{"line":283,"column":24},"end":{"line":283,"column":25}},"loc":{"start":{"line":283,"column":33},"end":{"line":283,"column":64}},"line":283},"15":{"name":"(anonymous_15)","decl":{"start":{"line":295,"column":4},"end":{"line":295,"column":5}},"loc":{"start":{"line":295,"column":49},"end":{"line":306,"column":5}},"line":295}},"branchMap":{"0":{"loc":{"start":{"line":6,"column":32},"end":{"line":6,"column":42}},"type":"default-arg","locations":[{"start":{"line":6,"column":41},"end":{"line":6,"column":42}}],"line":6},"1":{"loc":{"start":{"line":26,"column":12},"end":{"line":26,"column":33}},"type":"default-arg","locations":[{"start":{"line":26,"column":28},"end":{"line":26,"column":33}}],"line":26},"2":{"loc":{"start":{"line":27,"column":12},"end":{"line":27,"column":28}},"type":"default-arg","locations":[{"start":{"line":27,"column":21},"end":{"line":27,"column":28}}],"line":27},"3":{"loc":{"start":{"line":28,"column":12},"end":{"line":28,"column":34}},"type":"default-arg","locations":[{"start":{"line":28,"column":30},"end":{"line":28,"column":34}}],"line":28},"4":{"loc":{"start":{"line":41,"column":16},"end":{"line":41,"column":27}},"type":"binary-expr","locations":[{"start":{"line":41,"column":16},"end":{"line":41,"column":19}},{"start":{"line":41,"column":23},"end":{"line":41,"column":27}}],"line":41},"5":{"loc":{"start":{"line":42,"column":16},"end":{"line":42,"column":30}},"type":"binary-expr","locations":[{"start":{"line":42,"column":16},"end":{"line":42,"column":22}},{"start":{"line":42,"column":26},"end":{"line":42,"column":30}}],"line":42},"6":{"loc":{"start":{"line":43,"column":16},"end":{"line":43,"column":29}},"type":"binary-expr","locations":[{"start":{"line":43,"column":16},"end":{"line":43,"column":21}},{"start":{"line":43,"column":25},"end":{"line":43,"column":29}}],"line":43},"7":{"loc":{"start":{"line":44,"column":16},"end":{"line":44,"column":33}},"type":"binary-expr","locations":[{"start":{"line":44,"column":16},"end":{"line":44,"column":25}},{"start":{"line":44,"column":29},"end":{"line":44,"column":33}}],"line":44},"8":{"loc":{"start":{"line":45,"column":16},"end":{"line":45,"column":38}},"type":"binary-expr","locations":[{"start":{"line":45,"column":16},"end":{"line":45,"column":30}},{"start":{"line":45,"column":34},"end":{"line":45,"column":38}}],"line":45},"9":{"loc":{"start":{"line":46,"column":16},"end":{"line":46,"column":31}},"type":"binary-expr","locations":[{"start":{"line":46,"column":16},"end":{"line":46,"column":23}},{"start":{"line":46,"column":27},"end":{"line":46,"column":31}}],"line":46},"10":{"loc":{"start":{"line":47,"column":16},"end":{"line":47,"column":29}},"type":"binary-expr","locations":[{"start":{"line":47,"column":16},"end":{"line":47,"column":21}},{"start":{"line":47,"column":25},"end":{"line":47,"column":29}}],"line":47},"11":{"loc":{"start":{"line":48,"column":16},"end":{"line":48,"column":36}},"type":"binary-expr","locations":[{"start":{"line":48,"column":16},"end":{"line":48,"column":28}},{"start":{"line":48,"column":32},"end":{"line":48,"column":36}}],"line":48},"12":{"loc":{"start":{"line":62,"column":19},"end":{"line":62,"column":54}},"type":"binary-expr","locations":[{"start":{"line":62,"column":19},"end":{"line":62,"column":28}},{"start":{"line":62,"column":32},"end":{"line":62,"column":54}}],"line":62},"13":{"loc":{"start":{"line":72,"column":12},"end":{"line":74,"column":13}},"type":"if","locations":[{"start":{"line":72,"column":12},"end":{"line":74,"column":13}},{"start":{},"end":{}}],"line":72},"14":{"loc":{"start":{"line":129,"column":31},"end":{"line":129,"column":39}},"type":"default-arg","locations":[{"start":{"line":129,"column":38},"end":{"line":129,"column":39}}],"line":129},"15":{"loc":{"start":{"line":129,"column":41},"end":{"line":129,"column":51}},"type":"default-arg","locations":[{"start":{"line":129,"column":49},"end":{"line":129,"column":51}}],"line":129},"16":{"loc":{"start":{"line":129,"column":53},"end":{"line":129,"column":64}},"type":"default-arg","locations":[{"start":{"line":129,"column":62},"end":{"line":129,"column":64}}],"line":129},"17":{"loc":{"start":{"line":134,"column":8},"end":{"line":138,"column":9}},"type":"if","locations":[{"start":{"line":134,"column":8},"end":{"line":138,"column":9}},{"start":{},"end":{}}],"line":134},"18":{"loc":{"start":{"line":161,"column":32},"end":{"line":161,"column":43}},"type":"default-arg","locations":[{"start":{"line":161,"column":41},"end":{"line":161,"column":43}}],"line":161},"19":{"loc":{"start":{"line":165,"column":8},"end":{"line":169,"column":9}},"type":"if","locations":[{"start":{"line":165,"column":8},"end":{"line":169,"column":9}},{"start":{},"end":{}}],"line":165},"20":{"loc":{"start":{"line":198,"column":12},"end":{"line":198,"column":23}},"type":"binary-expr","locations":[{"start":{"line":198,"column":12},"end":{"line":198,"column":15}},{"start":{"line":198,"column":19},"end":{"line":198,"column":23}}],"line":198},"21":{"loc":{"start":{"line":199,"column":12},"end":{"line":199,"column":26}},"type":"binary-expr","locations":[{"start":{"line":199,"column":12},"end":{"line":199,"column":18}},{"start":{"line":199,"column":22},"end":{"line":199,"column":26}}],"line":199},"22":{"loc":{"start":{"line":200,"column":12},"end":{"line":200,"column":25}},"type":"binary-expr","locations":[{"start":{"line":200,"column":12},"end":{"line":200,"column":17}},{"start":{"line":200,"column":21},"end":{"line":200,"column":25}}],"line":200},"23":{"loc":{"start":{"line":201,"column":12},"end":{"line":201,"column":29}},"type":"binary-expr","locations":[{"start":{"line":201,"column":12},"end":{"line":201,"column":21}},{"start":{"line":201,"column":25},"end":{"line":201,"column":29}}],"line":201},"24":{"loc":{"start":{"line":202,"column":12},"end":{"line":202,"column":34}},"type":"binary-expr","locations":[{"start":{"line":202,"column":12},"end":{"line":202,"column":26}},{"start":{"line":202,"column":30},"end":{"line":202,"column":34}}],"line":202},"25":{"loc":{"start":{"line":203,"column":12},"end":{"line":203,"column":27}},"type":"binary-expr","locations":[{"start":{"line":203,"column":12},"end":{"line":203,"column":19}},{"start":{"line":203,"column":23},"end":{"line":203,"column":27}}],"line":203},"26":{"loc":{"start":{"line":204,"column":12},"end":{"line":204,"column":25}},"type":"binary-expr","locations":[{"start":{"line":204,"column":12},"end":{"line":204,"column":17}},{"start":{"line":204,"column":21},"end":{"line":204,"column":25}}],"line":204},"27":{"loc":{"start":{"line":205,"column":12},"end":{"line":205,"column":46}},"type":"binary-expr","locations":[{"start":{"line":205,"column":12},"end":{"line":205,"column":38}},{"start":{"line":205,"column":42},"end":{"line":205,"column":46}}],"line":205},"28":{"loc":{"start":{"line":227,"column":36},"end":{"line":227,"column":52}},"type":"default-arg","locations":[{"start":{"line":227,"column":48},"end":{"line":227,"column":52}}],"line":227},"29":{"loc":{"start":{"line":231,"column":8},"end":{"line":234,"column":9}},"type":"if","locations":[{"start":{"line":231,"column":8},"end":{"line":234,"column":9}},{"start":{},"end":{}}],"line":231},"30":{"loc":{"start":{"line":241,"column":49},"end":{"line":241,"column":59}},"type":"default-arg","locations":[{"start":{"line":241,"column":57},"end":{"line":241,"column":59}}],"line":241},"31":{"loc":{"start":{"line":289,"column":27},"end":{"line":289,"column":59}},"type":"binary-expr","locations":[{"start":{"line":289,"column":27},"end":{"line":289,"column":54}},{"start":{"line":289,"column":58},"end":{"line":289,"column":59}}],"line":289},"32":{"loc":{"start":{"line":290,"column":29},"end":{"line":290,"column":50}},"type":"binary-expr","locations":[{"start":{"line":290,"column":29},"end":{"line":290,"column":42}},{"start":{"line":290,"column":46},"end":{"line":290,"column":50}}],"line":290},"33":{"loc":{"start":{"line":305,"column":15},"end":{"line":305,"column":32}},"type":"binary-expr","locations":[{"start":{"line":305,"column":15},"end":{"line":305,"column":24}},{"start":{"line":305,"column":28},"end":{"line":305,"column":32}}],"line":305}},"s":{"0":0,"1":0,"2":0,"3":0,"4":0,"5":0,"6":0,"7":0,"8":0,"9":0,"10":0,"11":0,"12":0,"13":0,"14":0,"15":0,"16":0,"17":0,"18":0,"19":0,"20":0,"21":0,"22":0,"23":0,"24":0,"25":0,"26":0,"27":0,"28":0,"29":0,"30":0,"31":0,"32":0,"33":0,"34":0,"35":0,"36":0,"37":0,"38":0,"39":0,"40":0,"41":0,"42":0,"43":0,"44":0,"45":0,"46":0,"47":0,"48":0,"49":0,"50":0,"51":0,"52":0,"53":0,"54":0,"55":0,"56":0,"57":0,"58":0,"59":0,"60":0,"61":0,"62":0,"63":0,"64":0,"65":0,"66":0,"67":0,"68":0,"69":0,"70":0,"71":0,"72":0,"73":0,"74":0,"75":0,"76":0},"f":{"0":0,"1":0,"2":0,"3":0,"4":0,"5":0,"6":0,"7":0,"8":0,"9":0,"10":0,"11":0,"12":0,"13":0,"14":0,"15":0},"b":{"0":[0],"1":[0],"2":[0],"3":[0],"4":[0,0],"5":[0,0],"6":[0,0],"7":[0,0],"8":[0,0],"9":[0,0],"10":[0,0],"11":[0,0],"12":[0,0],"13":[0,0],"14":[0],"15":[0],"16":[0],"17":[0,0],"18":[0],"19":[0,0],"20":[0,0],"21":[0,0],"22":[0,0],"23":[0,0],"24":[0,0],"25":[0,0],"26":[0,0],"27":[0,0],"28":[0],"29":[0,0],"30":[0],"31":[0,0],"32":[0,0],"33":[0,0]}}
,"C:\\Users\\yassi\\Desktop\\dekstop\\zenshe_spa\\backend\\src\\models\\ClientMembership.js": {"path":"C:\\Users\\yassi\\Desktop\\dekstop\\zenshe_spa\\backend\\src\\models\\ClientMembership.js","statementMap":{"0":{"start":{"line":1,"column":25},"end":{"line":1,"column":57}},"1":{"start":{"line":11,"column":22},"end":{"line":31,"column":9}},"2":{"start":{"line":32,"column":23},"end":{"line":32,"column":66}},"3":{"start":{"line":33,"column":8},"end":{"line":33,"column":33}},"4":{"start":{"line":40,"column":27},"end":{"line":40,"column":73}},"5":{"start":{"line":41,"column":8},"end":{"line":41,"column":28}},"6":{"start":{"line":48,"column":65},"end":{"line":48,"column":76}},"7":{"start":{"line":51,"column":22},"end":{"line":51,"column":89}},"8":{"start":{"line":52,"column":8},"end":{"line":52,"column":93}},"9":{"start":{"line":55,"column":23},"end":{"line":55,"column":93}},"10":{"start":{"line":56,"column":8},"end":{"line":56,"column":25}},"11":{"start":{"line":64,"column":22},"end":{"line":69,"column":9}},"12":{"start":{"line":70,"column":8},"end":{"line":70,"column":63}},"13":{"start":{"line":78,"column":22},"end":{"line":83,"column":9}},"14":{"start":{"line":84,"column":8},"end":{"line":84,"column":63}},"15":{"start":{"line":93,"column":22},"end":{"line":108,"column":9}},"16":{"start":{"line":109,"column":8},"end":{"line":109,"column":59}},"17":{"start":{"line":116,"column":22},"end":{"line":116,"column":65}},"18":{"start":{"line":117,"column":8},"end":{"line":117,"column":41}},"19":{"start":{"line":124,"column":22},"end":{"line":128,"column":9}},"20":{"start":{"line":129,"column":8},"end":{"line":129,"column":63}},"21":{"start":{"line":136,"column":22},"end":{"line":141,"column":9}},"22":{"start":{"line":142,"column":8},"end":{"line":142,"column":41}},"23":{"start":{"line":146,"column":0},"end":{"line":146,"column":39}}},"fnMap":{"0":{"name":"(anonymous_0)","decl":{"start":{"line":10,"column":4},"end":{"line":10,"column":5}},"loc":{"start":{"line":10,"column":66},"end":{"line":34,"column":5}},"line":10},"1":{"name":"(anonymous_1)","decl":{"start":{"line":39,"column":4},"end":{"line":39,"column":5}},"loc":{"start":{"line":39,"column":47},"end":{"line":42,"column":5}},"line":39},"2":{"name":"(anonymous_2)","decl":{"start":{"line":47,"column":4},"end":{"line":47,"column":5}},"loc":{"start":{"line":47,"column":73},"end":{"line":57,"column":5}},"line":47},"3":{"name":"(anonymous_3)","decl":{"start":{"line":63,"column":4},"end":{"line":63,"column":5}},"loc":{"start":{"line":63,"column":58},"end":{"line":71,"column":5}},"line":63},"4":{"name":"(anonymous_4)","decl":{"start":{"line":77,"column":4},"end":{"line":77,"column":5}},"loc":{"start":{"line":77,"column":61},"end":{"line":85,"column":5}},"line":77},"5":{"name":"(anonymous_5)","decl":{"start":{"line":92,"column":4},"end":{"line":92,"column":5}},"loc":{"start":{"line":92,"column":67},"end":{"line":110,"column":5}},"line":92},"6":{"name":"(anonymous_6)","decl":{"start":{"line":115,"column":4},"end":{"line":115,"column":5}},"loc":{"start":{"line":115,"column":49},"end":{"line":118,"column":5}},"line":115},"7":{"name":"(anonymous_7)","decl":{"start":{"line":123,"column":4},"end":{"line":123,"column":5}},"loc":{"start":{"line":123,"column":54},"end":{"line":130,"column":5}},"line":123},"8":{"name":"(anonymous_8)","decl":{"start":{"line":135,"column":4},"end":{"line":135,"column":5}},"loc":{"start":{"line":135,"column":40},"end":{"line":143,"column":5}},"line":135}},"branchMap":{"0":{"loc":{"start":{"line":10,"column":53},"end":{"line":10,"column":64}},"type":"default-arg","locations":[{"start":{"line":10,"column":60},"end":{"line":10,"column":64}}],"line":10},"1":{"loc":{"start":{"line":33,"column":15},"end":{"line":33,"column":32}},"type":"binary-expr","locations":[{"start":{"line":33,"column":15},"end":{"line":33,"column":24}},{"start":{"line":33,"column":28},"end":{"line":33,"column":32}}],"line":33},"2":{"loc":{"start":{"line":48,"column":40},"end":{"line":48,"column":60}},"type":"default-arg","locations":[{"start":{"line":48,"column":59},"end":{"line":48,"column":60}}],"line":48},"3":{"loc":{"start":{"line":92,"column":54},"end":{"line":92,"column":65}},"type":"default-arg","locations":[{"start":{"line":92,"column":61},"end":{"line":92,"column":65}}],"line":92}},"s":{"0":0,"1":0,"2":0,"3":0,"4":0,"5":0,"6":0,"7":0,"8":0,"9":0,"10":0,"11":0,"12":0,"13":0,"14":0,"15":0,"16":0,"17":0,"18":0,"19":0,"20":0,"21":0,"22":0,"23":0},"f":{"0":0,"1":0,"2":0,"3":0,"4":0,"5":0,"6":0,"7":0,"8":0},"b":{"0":[0],"1":[0,0],"2":[0],"3":[0]}}
,"C:\\Users\\yassi\\Desktop\\dekstop\\zenshe_spa\\backend\\src\\models\\Membership.js": {"path":"C:\\Users\\yassi\\Desktop\\dekstop\\zenshe_spa\\backend\\src\\models\\Membership.js","statementMap":{"0":{"start":{"line":1,"column":25},"end":{"line":1,"column":57}},"1":{"start":{"line":6,"column":22},"end":{"line":20,"column":9}},"2":{"start":{"line":21,"column":8},"end":{"line":21,"column":41}},"3":{"start":{"line":26,"column":22},"end":{"line":30,"column":9}},"4":{"start":{"line":31,"column":23},"end":{"line":31,"column":54}},"5":{"start":{"line":32,"column":8},"end":{"line":32,"column":25}},"6":{"start":{"line":44,"column":12},"end":{"line":44,"column":26}},"7":{"start":{"line":46,"column":22},"end":{"line":50,"column":9}},"8":{"start":{"line":52,"column":23},"end":{"line":54,"column":10}},"9":{"start":{"line":55,"column":8},"end":{"line":55,"column":31}},"10":{"start":{"line":68,"column":12},"end":{"line":68,"column":26}},"11":{"start":{"line":70,"column":22},"end":{"line":75,"column":9}},"12":{"start":{"line":77,"column":8},"end":{"line":79,"column":11}},"13":{"start":{"line":84,"column":22},"end":{"line":84,"column":73}},"14":{"start":{"line":85,"column":8},"end":{"line":85,"column":47}},"15":{"start":{"line":89,"column":0},"end":{"line":89,"column":33}}},"fnMap":{"0":{"name":"(anonymous_0)","decl":{"start":{"line":5,"column":4},"end":{"line":5,"column":5}},"loc":{"start":{"line":5,"column":37},"end":{"line":22,"column":5}},"line":5},"1":{"name":"(anonymous_1)","decl":{"start":{"line":25,"column":4},"end":{"line":25,"column":5}},"loc":{"start":{"line":25,"column":39},"end":{"line":33,"column":5}},"line":25},"2":{"name":"(anonymous_2)","decl":{"start":{"line":36,"column":4},"end":{"line":36,"column":5}},"loc":{"start":{"line":36,"column":50},"end":{"line":56,"column":5}},"line":36},"3":{"name":"(anonymous_3)","decl":{"start":{"line":59,"column":4},"end":{"line":59,"column":5}},"loc":{"start":{"line":59,"column":54},"end":{"line":80,"column":5}},"line":59},"4":{"name":"(anonymous_4)","decl":{"start":{"line":83,"column":4},"end":{"line":83,"column":5}},"loc":{"start":{"line":83,"column":38},"end":{"line":86,"column":5}},"line":83}},"branchMap":{},"s":{"0":0,"1":0,"2":0,"3":0,"4":0,"5":0,"6":0,"7":0,"8":0,"9":0,"10":0,"11":0,"12":0,"13":0,"14":0,"15":0},"f":{"0":0,"1":0,"2":0,"3":0,"4":0},"b":{}}
,"C:\\Users\\yassi\\Desktop\\dekstop\\zenshe_spa\\backend\\src\\models\\Product.js": {"path":"C:\\Users\\yassi\\Desktop\\dekstop\\zenshe_spa\\backend\\src\\models\\Product.js","statementMap":{"0":{"start":{"line":1,"column":45},"end":{"line":1,"column":77}},"1":{"start":{"line":15,"column":12},"end":{"line":15,"column":19}},"2":{"start":{"line":22,"column":12},"end":{"line":22,"column":22}},"3":{"start":{"line":24,"column":23},"end":{"line":24,"column":41}},"4":{"start":{"line":25,"column":30},"end":{"line":25,"column":49}},"5":{"start":{"line":26,"column":26},"end":{"line":26,"column":37}},"6":{"start":{"line":29,"column":8},"end":{"line":32,"column":9}},"7":{"start":{"line":30,"column":12},"end":{"line":30,"column":54}},"8":{"start":{"line":31,"column":12},"end":{"line":31,"column":42}},"9":{"start":{"line":34,"column":8},"end":{"line":37,"column":9}},"10":{"start":{"line":35,"column":12},"end":{"line":35,"column":51}},"11":{"start":{"line":36,"column":12},"end":{"line":36,"column":39}},"12":{"start":{"line":39,"column":8},"end":{"line":42,"column":9}},"13":{"start":{"line":40,"column":12},"end":{"line":40,"column":54}},"14":{"start":{"line":41,"column":12},"end":{"line":41,"column":42}},"15":{"start":{"line":44,"column":8},"end":{"line":48,"column":9}},"16":{"start":{"line":45,"column":12},"end":{"line":45,"column":109}},"17":{"start":{"line":46,"column":31},"end":{"line":46,"column":44}},"18":{"start":{"line":47,"column":12},"end":{"line":47,"column":65}},"19":{"start":{"line":50,"column":8},"end":{"line":53,"column":9}},"20":{"start":{"line":51,"column":12},"end":{"line":51,"column":49}},"21":{"start":{"line":52,"column":12},"end":{"line":52,"column":40}},"22":{"start":{"line":55,"column":8},"end":{"line":58,"column":9}},"23":{"start":{"line":56,"column":12},"end":{"line":56,"column":49}},"24":{"start":{"line":57,"column":12},"end":{"line":57,"column":40}},"25":{"start":{"line":61,"column":33},"end":{"line":61,"column":64}},"26":{"start":{"line":62,"column":27},"end":{"line":62,"column":80}},"27":{"start":{"line":63,"column":30},"end":{"line":63,"column":82}},"28":{"start":{"line":65,"column":22},"end":{"line":80,"column":9}},"29":{"start":{"line":83,"column":8},"end":{"line":83,"column":48}},"30":{"start":{"line":84,"column":8},"end":{"line":84,"column":40}},"31":{"start":{"line":86,"column":25},"end":{"line":86,"column":63}},"32":{"start":{"line":89,"column":27},"end":{"line":94,"column":9}},"33":{"start":{"line":96,"column":28},"end":{"line":96,"column":67}},"34":{"start":{"line":97,"column":28},"end":{"line":97,"column":71}},"35":{"start":{"line":99,"column":8},"end":{"line":107,"column":10}},"36":{"start":{"line":112,"column":22},"end":{"line":125,"column":9}},"37":{"start":{"line":127,"column":26},"end":{"line":127,"column":77}},"38":{"start":{"line":128,"column":8},"end":{"line":128,"column":60}},"39":{"start":{"line":133,"column":22},"end":{"line":141,"column":9}},"40":{"start":{"line":143,"column":26},"end":{"line":143,"column":58}},"41":{"start":{"line":144,"column":8},"end":{"line":144,"column":60}},"42":{"start":{"line":149,"column":22},"end":{"line":163,"column":9}},"43":{"start":{"line":165,"column":25},"end":{"line":165,"column":79}},"44":{"start":{"line":166,"column":8},"end":{"line":166,"column":48}},"45":{"start":{"line":171,"column":20},"end":{"line":184,"column":9}},"46":{"start":{"line":186,"column":23},"end":{"line":186,"column":55}},"47":{"start":{"line":188,"column":8},"end":{"line":191,"column":9}},"48":{"start":{"line":189,"column":12},"end":{"line":189,"column":32}},"49":{"start":{"line":190,"column":12},"end":{"line":190,"column":31}},"50":{"start":{"line":193,"column":25},"end":{"line":193,"column":58}},"51":{"start":{"line":194,"column":8},"end":{"line":194,"column":48}},"52":{"start":{"line":215,"column":12},"end":{"line":215,"column":23}},"53":{"start":{"line":218,"column":8},"end":{"line":220,"column":9}},"54":{"start":{"line":219,"column":12},"end":{"line":219,"column":59}},"55":{"start":{"line":223,"column":8},"end":{"line":228,"column":9}},"56":{"start":{"line":224,"column":36},"end":{"line":224,"column":67}},"57":{"start":{"line":225,"column":12},"end":{"line":227,"column":13}},"58":{"start":{"line":226,"column":16},"end":{"line":226,"column":54}},"59":{"start":{"line":230,"column":22},"end":{"line":237,"column":9}},"60":{"start":{"line":239,"column":23},"end":{"line":255,"column":10}},"61":{"start":{"line":257,"column":8},"end":{"line":257,"column":52}},"62":{"start":{"line":262,"column":32},"end":{"line":262,"column":61}},"63":{"start":{"line":263,"column":8},"end":{"line":265,"column":9}},"64":{"start":{"line":264,"column":12},"end":{"line":264,"column":49}},"65":{"start":{"line":283,"column":12},"end":{"line":283,"column":23}},"66":{"start":{"line":286,"column":8},"end":{"line":291,"column":9}},"67":{"start":{"line":287,"column":32},"end":{"line":287,"column":63}},"68":{"start":{"line":288,"column":12},"end":{"line":290,"column":13}},"69":{"start":{"line":289,"column":16},"end":{"line":289,"column":54}},"70":{"start":{"line":293,"column":22},"end":{"line":312,"column":9}},"71":{"start":{"line":314,"column":8},"end":{"line":331,"column":11}},"72":{"start":{"line":333,"column":8},"end":{"line":333,"column":39}},"73":{"start":{"line":338,"column":22},"end":{"line":343,"column":9}},"74":{"start":{"line":345,"column":8},"end":{"line":345,"column":40}},"75":{"start":{"line":346,"column":8},"end":{"line":346,"column":78}},"76":{"start":{"line":352,"column":32},"end":{"line":355,"column":9}},"77":{"start":{"line":357,"column":8},"end":{"line":359,"column":9}},"78":{"start":{"line":358,"column":12},"end":{"line":358,"column":107}},"79":{"start":{"line":361,"column":22},"end":{"line":361,"column":57}},"80":{"start":{"line":362,"column":8},"end":{"line":362,"column":40}},"81":{"start":{"line":363,"column":8},"end":{"line":363,"column":74}},"82":{"start":{"line":371,"column":22},"end":{"line":386,"column":9}},"83":{"start":{"line":388,"column":31},"end":{"line":388,"column":48}},"84":{"start":{"line":389,"column":25},"end":{"line":391,"column":10}},"85":{"start":{"line":393,"column":8},"end":{"line":393,"column":48}},"86":{"start":{"line":398,"column":8},"end":{"line":398,"column":34}},"87":{"start":{"line":398,"column":22},"end":{"line":398,"column":34}},"88":{"start":{"line":400,"column":8},"end":{"line":420,"column":10}},"89":{"start":{"line":424,"column":0},"end":{"line":424,"column":30}}},"fnMap":{"0":{"name":"(anonymous_0)","decl":{"start":{"line":5,"column":4},"end":{"line":5,"column":5}},"loc":{"start":{"line":5,"column":63},"end":{"line":108,"column":5}},"line":5},"1":{"name":"(anonymous_1)","decl":{"start":{"line":111,"column":4},"end":{"line":111,"column":5}},"loc":{"start":{"line":111,"column":53},"end":{"line":129,"column":5}},"line":111},"2":{"name":"(anonymous_2)","decl":{"start":{"line":132,"column":4},"end":{"line":132,"column":5}},"loc":{"start":{"line":132,"column":38},"end":{"line":145,"column":5}},"line":132},"3":{"name":"(anonymous_3)","decl":{"start":{"line":148,"column":4},"end":{"line":148,"column":5}},"loc":{"start":{"line":148,"column":65},"end":{"line":167,"column":5}},"line":148},"4":{"name":"(anonymous_4)","decl":{"start":{"line":170,"column":4},"end":{"line":170,"column":5}},"loc":{"start":{"line":170,"column":82},"end":{"line":195,"column":5}},"line":170},"5":{"name":"(anonymous_5)","decl":{"start":{"line":198,"column":4},"end":{"line":198,"column":5}},"loc":{"start":{"line":198,"column":44},"end":{"line":258,"column":5}},"line":198},"6":{"name":"(anonymous_6)","decl":{"start":{"line":261,"column":4},"end":{"line":261,"column":5}},"loc":{"start":{"line":261,"column":48},"end":{"line":334,"column":5}},"line":261},"7":{"name":"(anonymous_7)","decl":{"start":{"line":337,"column":4},"end":{"line":337,"column":5}},"loc":{"start":{"line":337,"column":35},"end":{"line":347,"column":5}},"line":337},"8":{"name":"(anonymous_8)","decl":{"start":{"line":350,"column":4},"end":{"line":350,"column":5}},"loc":{"start":{"line":350,"column":39},"end":{"line":364,"column":5}},"line":350},"9":{"name":"(anonymous_9)","decl":{"start":{"line":370,"column":4},"end":{"line":370,"column":5}},"loc":{"start":{"line":370,"column":56},"end":{"line":394,"column":5}},"line":370},"10":{"name":"(anonymous_10)","decl":{"start":{"line":397,"column":4},"end":{"line":397,"column":5}},"loc":{"start":{"line":397,"column":34},"end":{"line":421,"column":5}},"line":397}},"branchMap":{"0":{"loc":{"start":{"line":5,"column":32},"end":{"line":5,"column":44}},"type":"default-arg","locations":[{"start":{"line":5,"column":42},"end":{"line":5,"column":44}}],"line":5},"1":{"loc":{"start":{"line":5,"column":46},"end":{"line":5,"column":61}},"type":"default-arg","locations":[{"start":{"line":5,"column":59},"end":{"line":5,"column":61}}],"line":5},"2":{"loc":{"start":{"line":9,"column":12},"end":{"line":9,"column":28}},"type":"default-arg","locations":[{"start":{"line":9,"column":24},"end":{"line":9,"column":28}}],"line":9},"3":{"loc":{"start":{"line":14,"column":12},"end":{"line":14,"column":27}},"type":"default-arg","locations":[{"start":{"line":14,"column":23},"end":{"line":14,"column":27}}],"line":14},"4":{"loc":{"start":{"line":18,"column":12},"end":{"line":18,"column":20}},"type":"default-arg","locations":[{"start":{"line":18,"column":19},"end":{"line":18,"column":20}}],"line":18},"5":{"loc":{"start":{"line":19,"column":12},"end":{"line":19,"column":22}},"type":"default-arg","locations":[{"start":{"line":19,"column":20},"end":{"line":19,"column":22}}],"line":19},"6":{"loc":{"start":{"line":20,"column":12},"end":{"line":20,"column":28}},"type":"default-arg","locations":[{"start":{"line":20,"column":22},"end":{"line":20,"column":28}}],"line":20},"7":{"loc":{"start":{"line":21,"column":12},"end":{"line":21,"column":30}},"type":"default-arg","locations":[{"start":{"line":21,"column":25},"end":{"line":21,"column":30}}],"line":21},"8":{"loc":{"start":{"line":29,"column":8},"end":{"line":32,"column":9}},"type":"if","locations":[{"start":{"line":29,"column":8},"end":{"line":32,"column":9}},{"start":{},"end":{}}],"line":29},"9":{"loc":{"start":{"line":34,"column":8},"end":{"line":37,"column":9}},"type":"if","locations":[{"start":{"line":34,"column":8},"end":{"line":37,"column":9}},{"start":{},"end":{}}],"line":34},"10":{"loc":{"start":{"line":39,"column":8},"end":{"line":42,"column":9}},"type":"if","locations":[{"start":{"line":39,"column":8},"end":{"line":42,"column":9}},{"start":{},"end":{}}],"line":39},"11":{"loc":{"start":{"line":44,"column":8},"end":{"line":48,"column":9}},"type":"if","locations":[{"start":{"line":44,"column":8},"end":{"line":48,"column":9}},{"start":{},"end":{}}],"line":44},"12":{"loc":{"start":{"line":50,"column":8},"end":{"line":53,"column":9}},"type":"if","locations":[{"start":{"line":50,"column":8},"end":{"line":53,"column":9}},{"start":{},"end":{}}],"line":50},"13":{"loc":{"start":{"line":55,"column":8},"end":{"line":58,"column":9}},"type":"if","locations":[{"start":{"line":55,"column":8},"end":{"line":58,"column":9}},{"start":{},"end":{}}],"line":55},"14":{"loc":{"start":{"line":62,"column":27},"end":{"line":62,"column":80}},"type":"cond-expr","locations":[{"start":{"line":62,"column":64},"end":{"line":62,"column":71}},{"start":{"line":62,"column":74},"end":{"line":62,"column":80}}],"line":62},"15":{"loc":{"start":{"line":63,"column":30},"end":{"line":63,"column":82}},"type":"cond-expr","locations":[{"start":{"line":63,"column":68},"end":{"line":63,"column":74}},{"start":{"line":63,"column":77},"end":{"line":63,"column":82}}],"line":63},"16":{"loc":{"start":{"line":111,"column":36},"end":{"line":111,"column":51}},"type":"default-arg","locations":[{"start":{"line":111,"column":47},"end":{"line":111,"column":51}}],"line":111},"17":{"loc":{"start":{"line":128,"column":15},"end":{"line":128,"column":59}},"type":"cond-expr","locations":[{"start":{"line":128,"column":25},"end":{"line":128,"column":52}},{"start":{"line":128,"column":55},"end":{"line":128,"column":59}}],"line":128},"18":{"loc":{"start":{"line":144,"column":15},"end":{"line":144,"column":59}},"type":"cond-expr","locations":[{"start":{"line":144,"column":25},"end":{"line":144,"column":52}},{"start":{"line":144,"column":55},"end":{"line":144,"column":59}}],"line":144},"19":{"loc":{"start":{"line":148,"column":37},"end":{"line":148,"column":46}},"type":"default-arg","locations":[{"start":{"line":148,"column":45},"end":{"line":148,"column":46}}],"line":148},"20":{"loc":{"start":{"line":148,"column":48},"end":{"line":148,"column":63}},"type":"default-arg","locations":[{"start":{"line":148,"column":59},"end":{"line":148,"column":63}}],"line":148},"21":{"loc":{"start":{"line":170,"column":51},"end":{"line":170,"column":63}},"type":"default-arg","locations":[{"start":{"line":170,"column":59},"end":{"line":170,"column":63}}],"line":170},"22":{"loc":{"start":{"line":170,"column":65},"end":{"line":170,"column":80}},"type":"default-arg","locations":[{"start":{"line":170,"column":76},"end":{"line":170,"column":80}}],"line":170},"23":{"loc":{"start":{"line":188,"column":8},"end":{"line":191,"column":9}},"type":"if","locations":[{"start":{"line":188,"column":8},"end":{"line":191,"column":9}},{"start":{},"end":{}}],"line":188},"24":{"loc":{"start":{"line":208,"column":12},"end":{"line":208,"column":28}},"type":"default-arg","locations":[{"start":{"line":208,"column":24},"end":{"line":208,"column":28}}],"line":208},"25":{"loc":{"start":{"line":209,"column":12},"end":{"line":209,"column":31}},"type":"default-arg","locations":[{"start":{"line":209,"column":26},"end":{"line":209,"column":31}}],"line":209},"26":{"loc":{"start":{"line":210,"column":12},"end":{"line":210,"column":30}},"type":"default-arg","locations":[{"start":{"line":210,"column":26},"end":{"line":210,"column":30}}],"line":210},"27":{"loc":{"start":{"line":211,"column":12},"end":{"line":211,"column":40}},"type":"default-arg","locations":[{"start":{"line":211,"column":38},"end":{"line":211,"column":40}}],"line":211},"28":{"loc":{"start":{"line":212,"column":12},"end":{"line":212,"column":25}},"type":"default-arg","locations":[{"start":{"line":212,"column":21},"end":{"line":212,"column":25}}],"line":212},"29":{"loc":{"start":{"line":218,"column":8},"end":{"line":220,"column":9}},"type":"if","locations":[{"start":{"line":218,"column":8},"end":{"line":220,"column":9}},{"start":{},"end":{}}],"line":218},"30":{"loc":{"start":{"line":218,"column":12},"end":{"line":218,"column":27}},"type":"binary-expr","locations":[{"start":{"line":218,"column":12},"end":{"line":218,"column":17}},{"start":{"line":218,"column":21},"end":{"line":218,"column":27}}],"line":218},"31":{"loc":{"start":{"line":223,"column":8},"end":{"line":228,"column":9}},"type":"if","locations":[{"start":{"line":223,"column":8},"end":{"line":228,"column":9}},{"start":{},"end":{}}],"line":223},"32":{"loc":{"start":{"line":225,"column":12},"end":{"line":227,"column":13}},"type":"if","locations":[{"start":{"line":225,"column":12},"end":{"line":227,"column":13}},{"start":{},"end":{}}],"line":225},"33":{"loc":{"start":{"line":241,"column":12},"end":{"line":241,"column":31}},"type":"binary-expr","locations":[{"start":{"line":241,"column":12},"end":{"line":241,"column":23}},{"start":{"line":241,"column":27},"end":{"line":241,"column":31}}],"line":241},"34":{"loc":{"start":{"line":242,"column":12},"end":{"line":242,"column":40}},"type":"binary-expr","locations":[{"start":{"line":242,"column":12},"end":{"line":242,"column":32}},{"start":{"line":242,"column":36},"end":{"line":242,"column":40}}],"line":242},"35":{"loc":{"start":{"line":244,"column":12},"end":{"line":244,"column":28}},"type":"binary-expr","locations":[{"start":{"line":244,"column":12},"end":{"line":244,"column":20}},{"start":{"line":244,"column":24},"end":{"line":244,"column":28}}],"line":244},"36":{"loc":{"start":{"line":245,"column":12},"end":{"line":245,"column":31}},"type":"binary-expr","locations":[{"start":{"line":245,"column":12},"end":{"line":245,"column":23}},{"start":{"line":245,"column":27},"end":{"line":245,"column":31}}],"line":245},"37":{"loc":{"start":{"line":246,"column":12},"end":{"line":246,"column":29}},"type":"binary-expr","locations":[{"start":{"line":246,"column":12},"end":{"line":246,"column":21}},{"start":{"line":246,"column":25},"end":{"line":246,"column":29}}],"line":246},"38":{"loc":{"start":{"line":247,"column":12},"end":{"line":247,"column":66}},"type":"cond-expr","locations":[{"start":{"line":247,"column":29},"end":{"line":247,"column":59}},{"start":{"line":247,"column":62},"end":{"line":247,"column":66}}],"line":247},"39":{"loc":{"start":{"line":253,"column":12},"end":{"line":253,"column":30}},"type":"binary-expr","locations":[{"start":{"line":253,"column":12},"end":{"line":253,"column":22}},{"start":{"line":253,"column":26},"end":{"line":253,"column":30}}],"line":253},"40":{"loc":{"start":{"line":254,"column":12},"end":{"line":254,"column":23}},"type":"binary-expr","locations":[{"start":{"line":254,"column":12},"end":{"line":254,"column":15}},{"start":{"line":254,"column":19},"end":{"line":254,"column":23}}],"line":254},"41":{"loc":{"start":{"line":263,"column":8},"end":{"line":265,"column":9}},"type":"if","locations":[{"start":{"line":263,"column":8},"end":{"line":265,"column":9}},{"start":{},"end":{}}],"line":263},"42":{"loc":{"start":{"line":286,"column":8},"end":{"line":291,"column":9}},"type":"if","locations":[{"start":{"line":286,"column":8},"end":{"line":291,"column":9}},{"start":{},"end":{}}],"line":286},"43":{"loc":{"start":{"line":286,"column":12},"end":{"line":286,"column":46}},"type":"binary-expr","locations":[{"start":{"line":286,"column":12},"end":{"line":286,"column":15}},{"start":{"line":286,"column":19},"end":{"line":286,"column":46}}],"line":286},"44":{"loc":{"start":{"line":288,"column":12},"end":{"line":290,"column":13}},"type":"if","locations":[{"start":{"line":288,"column":12},"end":{"line":290,"column":13}},{"start":{},"end":{}}],"line":288},"45":{"loc":{"start":{"line":288,"column":16},"end":{"line":288,"column":52}},"type":"binary-expr","locations":[{"start":{"line":288,"column":16},"end":{"line":288,"column":27}},{"start":{"line":288,"column":31},"end":{"line":288,"column":52}}],"line":288},"46":{"loc":{"start":{"line":322,"column":12},"end":{"line":322,"column":66}},"type":"cond-expr","locations":[{"start":{"line":322,"column":29},"end":{"line":322,"column":59}},{"start":{"line":322,"column":62},"end":{"line":322,"column":66}}],"line":322},"47":{"loc":{"start":{"line":357,"column":8},"end":{"line":359,"column":9}},"type":"if","locations":[{"start":{"line":357,"column":8},"end":{"line":359,"column":9}},{"start":{},"end":{}}],"line":357},"48":{"loc":{"start":{"line":370,"column":44},"end":{"line":370,"column":54}},"type":"default-arg","locations":[{"start":{"line":370,"column":52},"end":{"line":370,"column":54}}],"line":370},"49":{"loc":{"start":{"line":398,"column":8},"end":{"line":398,"column":34}},"type":"if","locations":[{"start":{"line":398,"column":8},"end":{"line":398,"column":34}},{"start":{},"end":{}}],"line":398},"50":{"loc":{"start":{"line":410,"column":28},"end":{"line":410,"column":92}},"type":"cond-expr","locations":[{"start":{"line":410,"column":53},"end":{"line":410,"column":87}},{"start":{"line":410,"column":90},"end":{"line":410,"column":92}}],"line":410},"51":{"loc":{"start":{"line":412,"column":46},"end":{"line":412,"column":83}},"type":"binary-expr","locations":[{"start":{"line":412,"column":46},"end":{"line":412,"column":77}},{"start":{"line":412,"column":81},"end":{"line":412,"column":83}}],"line":412},"52":{"loc":{"start":{"line":415,"column":31},"end":{"line":415,"column":50}},"type":"binary-expr","locations":[{"start":{"line":415,"column":31},"end":{"line":415,"column":45}},{"start":{"line":415,"column":49},"end":{"line":415,"column":50}}],"line":415}},"s":{"0":1,"1":4,"2":4,"3":4,"4":4,"5":4,"6":4,"7":1,"8":1,"9":4,"10":0,"11":0,"12":4,"13":0,"14":0,"15":4,"16":1,"17":1,"18":1,"19":4,"20":0,"21":0,"22":4,"23":0,"24":0,"25":4,"26":4,"27":4,"28":4,"29":4,"30":4,"31":4,"32":4,"33":4,"34":4,"35":4,"36":6,"37":6,"38":6,"39":1,"40":1,"41":1,"42":0,"43":0,"44":0,"45":0,"46":0,"47":0,"48":0,"49":0,"50":0,"51":0,"52":2,"53":2,"54":0,"55":2,"56":1,"57":1,"58":0,"59":2,"60":2,"61":2,"62":1,"63":1,"64":0,"65":1,"66":1,"67":0,"68":0,"69":0,"70":1,"71":1,"72":1,"73":0,"74":0,"75":0,"76":0,"77":0,"78":0,"79":0,"80":0,"81":0,"82":0,"83":0,"84":0,"85":0,"86":17,"87":1,"88":16,"89":1},"f":{"0":4,"1":6,"2":1,"3":0,"4":0,"5":2,"6":1,"7":0,"8":0,"9":0,"10":17},"b":{"0":[1],"1":[3],"2":[4],"3":[4],"4":[3],"5":[3],"6":[4],"7":[4],"8":[1,3],"9":[0,4],"10":[0,4],"11":[1,3],"12":[0,4],"13":[0,4],"14":[4,0],"15":[0,4],"16":[5],"17":[5,1],"18":[0,1],"19":[0],"20":[0],"21":[0],"22":[0],"23":[0,0],"24":[1],"25":[2],"26":[0],"27":[0],"28":[2],"29"
[...]
e":313,"column":12},"end":{"line":313,"column":69}},"97":{"start":{"line":314,"column":12},"end":{"line":314,"column":25}},"98":{"start":{"line":319,"column":0},"end":{"line":319,"column":39}}},"fnMap":{"0":{"name":"(anonymous_0)","decl":{"start":{"line":4,"column":4},"end":{"line":4,"column":5}},"loc":{"start":{"line":4,"column":18},"end":{"line":15,"column":5}},"line":4},"1":{"name":"(anonymous_1)","decl":{"start":{"line":7,"column":75},"end":{"line":7,"column":76}},"loc":{"start":{"line":7,"column":81},"end":{"line":7,"column":90}},"line":7},"2":{"name":"(anonymous_2)","decl":{"start":{"line":23,"column":4},"end":{"line":23,"column":5}},"loc":{"start":{"line":23,"column":69},"end":{"line":79,"column":5}},"line":23},"3":{"name":"(anonymous_3)","decl":{"start":{"line":40,"column":49},"end":{"line":40,"column":50}},"loc":{"start":{"line":40,"column":55},"end":{"line":40,"column":64}},"line":40},"4":{"name":"(anonymous_4)","decl":{"start":{"line":87,"column":4},"end":{"line":87,"column":5}},"loc":{"start":{"line":87,"column":59},"end":{"line":132,"column":5}},"line":87},"5":{"name":"(anonymous_5)","decl":{"start":{"line":139,"column":4},"end":{"line":139,"column":5}},"loc":{"start":{"line":139,"column":56},"end":{"line":166,"column":5}},"line":139},"6":{"name":"(anonymous_6)","decl":{"start":{"line":172,"column":4},"end":{"line":172,"column":5}},"loc":{"start":{"line":172,"column":58},"end":{"line":182,"column":5}},"line":172},"7":{"name":"(anonymous_7)","decl":{"start":{"line":188,"column":4},"end":{"line":188,"column":5}},"loc":{"start":{"line":188,"column":67},"end":{"line":224,"column":5}},"line":188},"8":{"name":"(anonymous_8)","decl":{"start":{"line":231,"column":4},"end":{"line":231,"column":5}},"loc":{"start":{"line":231,"column":65},"end":{"line":240,"column":5}},"line":231},"9":{"name":"(anonymous_9)","decl":{"start":{"line":246,"column":4},"end":{"line":246,"column":5}},"loc":{"start":{"line":246,"column":53},"end":{"line":277,"column":5}},"line":246},"10":{"name":"(anonymous_10)","decl":{"start":{"line":262,"column":37},"end":{"line":262,"column":38}},"loc":{"start":{"line":262,"column":53},"end":{"line":266,"column":17}},"line":262},"11":{"name":"(anonymous_11)","decl":{"start":{"line":268,"column":52},"end":{"line":268,"column":53}},"loc":{"start":{"line":268,"column":66},"end":{"line":268,"column":98}},"line":268},"12":{"name":"(anonymous_12)","decl":{"start":{"line":282,"column":4},"end":{"line":282,"column":5}},"loc":{"start":{"line":282,"column":26},"end":{"line":290,"column":5}},"line":282},"13":{"name":"(anonymous_13)","decl":{"start":{"line":295,"column":4},"end":{"line":295,"column":5}},"loc":{"start":{"line":295,"column":26},"end":{"line":303,"column":5}},"line":295},"14":{"name":"(anonymous_14)","decl":{"start":{"line":308,"column":4},"end":{"line":308,"column":5}},"loc":{"start":{"line":308,"column":27},"end":{"line":316,"column":5}},"line":308}},"branchMap":{"0":{"loc":{"start":{"line":7,"column":24},"end":{"line":7,"column":58}},"type":"binary-expr","locations":[{"start":{"line":7,"column":24},"end":{"line":7,"column":52}},{"start":{"line":7,"column":56},"end":{"line":7,"column":58}}],"line":7},"1":{"loc":{"start":{"line":12,"column":34},"end":{"line":12,"column":78}},"type":"cond-expr","locations":[{"start":{"line":12,"column":50},"end":{"line":12,"column":64}},{"start":{"line":12,"column":67},"end":{"line":12,"column":78}}],"line":12},"2":{"loc":{"start":{"line":23,"column":31},"end":{"line":23,"column":43}},"type":"default-arg","locations":[{"start":{"line":23,"column":41},"end":{"line":23,"column":43}}],"line":23},"3":{"loc":{"start":{"line":23,"column":45},"end":{"line":23,"column":67}},"type":"default-arg","locations":[{"start":{"line":23,"column":63},"end":{"line":23,"column":67}}],"line":23},"4":{"loc":{"start":{"line":27,"column":12},"end":{"line":33,"column":13}},"type":"if","locations":[{"start":{"line":27,"column":12},"end":{"line":33,"column":13}},{"start":{},"end":{}}],"line":27},"5":{"loc":{"start":{"line":27,"column":16},"end":{"line":27,"column":76}},"type":"binary-expr","locations":[{"start":{"line":27,"column":16},"end":{"line":27,"column":30}},{"start":{"line":27,"column":35},"end":{"line":27,"column":55}},{"start":{"line":27,"column":59},"end":{"line":27,"column":75}}],"line":27},"6":{"loc":{"start":{"line":37,"column":12},"end":{"line":41,"column":13}},"type":"if","locations":[{"start":{"line":37,"column":12},"end":{"line":41,"column":13}},{"start":{"line":39,"column":19},"end":{"line":41,"column":13}}],"line":37},"7":{"loc":{"start":{"line":39,"column":19},"end":{"line":41,"column":13}},"type":"if","locations":[{"start":{"line":39,"column":19},"end":{"line":41,"column":13}},{"start":{},"end":{}}],"line":39},"8":{"loc":{"start":{"line":42,"column":12},"end":{"line":42,"column":61}},"type":"if","locations":[{"start":{"line":42,"column":12},"end":{"line":42,"column":61}},{"start":{},"end":{}}],"line":42},"9":{"loc":{"start":{"line":43,"column":12},"end":{"line":46,"column":13}},"type":"if","locations":[{"start":{"line":43,"column":12},"end":{"line":46,"column":13}},{"start":{},"end":{}}],"line":43},"10":{"loc":{"start":{"line":56,"column":32},"end":{"line":56,"column":60}},"type":"binary-expr","locations":[{"start":{"line":56,"column":32},"end":{"line":56,"column":50}},{"start":{"line":56,"column":54},"end":{"line":56,"column":60}}],"line":56},"11":{"loc":{"start":{"line":57,"column":46},"end":{"line":57,"column":77}},"type":"binary-expr","locations":[{"start":{"line":57,"column":46},"end":{"line":57,"column":69}},{"start":{"line":57,"column":73},"end":{"line":57,"column":77}}],"line":57},"12":{"loc":{"start":{"line":62,"column":20},"end":{"line":67,"column":21}},"type":"if","locations":[{"start":{"line":62,"column":20},"end":{"line":67,"column":21}},{"start":{"line":64,"column":27},"end":{"line":67,"column":21}}],"line":62},"13":{"loc":{"start":{"line":73,"column":54},"end":{"line":73,"column":94}},"type":"cond-expr","locations":[{"start":{"line":73,"column":62},"end":{"line":73,"column":78}},{"start":{"line":73,"column":81},"end":{"line":73,"column":94}}],"line":73},"14":{"loc":{"start":{"line":95,"column":28},"end":{"line":95,"column":61}},"type":"binary-expr","locations":[{"start":{"line":95,"column":28},"end":{"line":95,"column":53}},{"start":{"line":95,"column":57},"end":{"line":95,"column":61}}],"line":95},"15":{"loc":{"start":{"line":111,"column":11},"end":{"line":111,"column":42}},"type":"binary-expr","locations":[{"start":{"line":111,"column":11},"end":{"line":111,"column":23}},{"start":{"line":111,"column":27},"end":{"line":111,"column":42}}],"line":111},"16":{"loc":{"start":{"line":124,"column":2},"end":{"line":124,"column":43}},"type":"binary-expr","locations":[{"start":{"line":124,"column":2},"end":{"line":124,"column":26}},{"start":{"line":124,"column":30},"end":{"line":124,"column":43}}],"line":124},"17":{"loc":{"start":{"line":147,"column":28},"end":{"line":147,"column":49}},"type":"binary-expr","locations":[{"start":{"line":147,"column":28},"end":{"line":147,"column":41}},{"start":{"line":147,"column":45},"end":{"line":147,"column":49}}],"line":147},"18":{"loc":{"start":{"line":209,"column":18},"end":{"line":209,"column":56}},"type":"binary-expr","locations":[{"start":{"line":209,"column":18},"end":{"line":209,"column":40}},{"start":{"line":209,"column":44},"end":{"line":209,"column":56}}],"line":209},"19":{"loc":{"start":{"line":214,"column":2},"end":{"line":214,"column":80}},"type":"cond-expr","locations":[{"start":{"line":214,"column":29},"end":{"line":214,"column":75}},{"start":{"line":214,"column":78},"end":{"line":214,"column":80}}],"line":214},"20":{"loc":{"start":{"line":257,"column":12},"end":{"line":270,"column":13}},"type":"if","locations":[{"start":{"line":257,"column":12},"end":{"line":270,"column":13}},{"start":{"line":259,"column":19},"end":{"line":270,"column":13}}],"line":257},"21":{"loc":{"start":{"line":289,"column":15},"end":{"line":289,"column":42}},"type":"binary-expr","locations":[{"start":{"line":289,"column":15},"end":{"line":289,"column":32}},{"start":{"line":289,"column":36},"end":{"line":289,"column":42}}],"line":289},"22":{"loc":{"start":{"line":302,"column":15},"end":{"line":302,"column":42}},"type":"binary-expr","locations":[{"start":{"line":302,"column":15},"end":{"line":302,"column":32}},{"start":{"line":302,"column":36},"end":{"line":302,"column":42}}],"line":302}},"s":{"0":0,"1":0,"2":0,"3":0,"4":0,"5":0,"6":0,"7":0,"8":0,"9":0,"10":0,"11":0,"12":0,"13":0,"14":0,"15":0,"16":0,"17":0,"18":0,"19":0,"20":0,"21":0,"22":0,"23":0,"24":0,"25":0,"26":0,"27":0,"28":0,"29":0,"30":0,"31":0,"32":0,"33":0,"34":0,"35":0,"36":0,"37":0,"38":0,"39":0,"40":0,"41":0,"42":0,"43":0,"44":0,"45":0,"46":0,"47":0,"48":0,"49":0,"50":0,"51":0,"52":0,"53":0,"54":0,"55":0,"56":0,"57":0,"58":0,"59":0,"60":0,"61":0,"62":0,"63":0,"64":0,"65":0,"66":0,"67":0,"68":0,"69":0,"70":0,"71":0,"72":0,"73":0,"74":0,"75":0,"76":0,"77":0,"78":0,"79":0,"80":0,"81":0,"82":0,"83":0,"84":0,"85":0,"86":0,"87":0,"88":0,"89":0,"90":0,"91":0,"92":0,"93":0,"94":0,"95":0,"96":0,"97":0,"98":0},"f":{"0":0,"1":0,"2":0,"3":0,"4":0,"5":0,"6":0,"7":0,"8":0,"9":0,"10":0,"11":0,"12":0,"13":0,"14":0},"b":{"0":[0,0],"1":[0,0],"2":[0],"3":[0],"4":[0,0],"5":[0,0,0],"6":[0,0],"7":[0,0],"8":[0,0],"9":[0,0],"10":[0,0],"11":[0,0],"12":[0,0],"13":[0,0],"14":[0,0],"15":[0,0],"16":[0,0],"17":[0,0],"18":[0,0],"19":[0,0],"20":[0,0],"21":[0,0],"22":[0,0]}}
,"C:\\Users\\yassi\\Desktop\\dekstop\\zenshe_spa\\backend\\src\\utils\\mem-monitor.js": {"path":"C:\\Users\\yassi\\Desktop\\dekstop\\zenshe_spa\\backend\\src\\utils\\mem-monitor.js","statementMap":{"0":{"start":{"line":11,"column":11},"end":{"line":11,"column":24}},"1":{"start":{"line":12,"column":13},"end":{"line":12,"column":28}},"2":{"start":{"line":14,"column":12},"end":{"line":14,"column":23}},"3":{"start":{"line":15,"column":26},"end":{"line":15,"column":86}},"4":{"start":{"line":16,"column":29},"end":{"line":16,"column":84}},"5":{"start":{"line":17,"column":28},"end":{"line":17,"column":82}},"6":{"start":{"line":18,"column":36},"end":{"line":18,"column":100}},"7":{"start":{"line":19,"column":24},"end":{"line":19,"column":71}},"8":{"start":{"line":22,"column":0},"end":{"line":28,"column":1}},"9":{"start":{"line":23,"column":2},"end":{"line":27,"column":3}},"10":{"start":{"line":24,"column":4},"end":{"line":24,"column":35}},"11":{"start":{"line":26,"column":4},"end":{"line":26,"column":104}},"12":{"start":{"line":31,"column":2},"end":{"line":31,"column":52}},"13":{"start":{"line":35,"column":2},"end":{"line":35,"column":24}},"14":{"start":{"line":35,"column":17},"end":{"line":35,"column":24}},"15":{"start":{"line":36,"column":19},"end":{"line":36,"column":85}},"16":{"start":{"line":37,"column":2},"end":{"line":37,"column":54}},"17":{"start":{"line":38,"column":2},"end":{"line":43,"column":5}},"18":{"start":{"line":39,"column":4},"end":{"line":42,"column":7}},"19":{"start":{"line":40,"column":6},"end":{"line":40,"column":34}},"20":{"start":{"line":40,"column":15},"end":{"line":40,"column":34}},"21":{"start":{"line":41,"column":6},"end":{"line":41,"column":24}},"22":{"start":{"line":47,"column":14},"end":{"line":47,"column":35}},"23":{"start":{"line":48,"column":14},"end":{"line":48,"column":21}},"24":{"start":{"line":49,"column":20},"end":{"line":49,"column":33}},"25":{"start":{"line":50,"column":19},"end":{"line":50,"column":31}},"26":{"start":{"line":52,"column":2},"end":{"line":52,"column":130}},"27":{"start":{"line":54,"column":2},"end":{"line":57,"column":3}},"28":{"start":{"line":55,"column":4},"end":{"line":55,"column":112}},"29":{"start":{"line":56,"column":4},"end":{"line":56,"column":49}},"30":{"start":{"line":56,"column":25},"end":{"line":56,"column":49}},"31":{"start":{"line":59,"column":2},"end":{"line":62,"column":3}},"32":{"start":{"line":60,"column":4},"end":{"line":60,"column":123}},"33":{"start":{"line":61,"column":4},"end":{"line":61,"column":54}},"34":{"start":{"line":61,"column":25},"end":{"line":61,"column":54}},"35":{"start":{"line":66,"column":15},"end":{"line":66,"column":25}},"36":{"start":{"line":68,"column":16},"end":{"line":68,"column":39}},"37":{"start":{"line":69,"column":2},"end":{"line":79,"column":24}},"38":{"start":{"line":70,"column":16},"end":{"line":70,"column":39}},"39":{"start":{"line":71,"column":20},"end":{"line":71,"column":51}},"40":{"start":{"line":72,"column":16},"end":{"line":72,"column":45}},"41":{"start":{"line":74,"column":21},"end":{"line":74,"column":34}},"42":{"start":{"line":75,"column":4},"end":{"line":78,"column":5}},"43":{"start":{"line":76,"column":6},"end":{"line":76,"column":86}},"44":{"start":{"line":77,"column":6},"end":{"line":77,"column":57}},"45":{"start":{"line":77,"column":27},"end":{"line":77,"column":57}},"46":{"start":{"line":82,"column":0},"end":{"line":82,"column":73}},"47":{"start":{"line":85,"column":0},"end":{"line":88,"column":22}},"48":{"start":{"line":86,"column":2},"end":{"line":86,"column":16}},"49":{"start":{"line":87,"column":2},"end":{"line":87,"column":22}},"50":{"start":{"line":91,"column":0},"end":{"line":95,"column":3}},"51":{"start":{"line":92,"column":2},"end":{"line":92,"column":61}},"52":{"start":{"line":93,"column":2},"end":{"line":93,"column":52}},"53":{"start":{"line":93,"column":23},"end":{"line":93,"column":52}},"54":{"start":{"line":97,"column":0},"end":{"line":100,"column":3}},"55":{"start":{"line":98,"column":2},"end":{"line":98,"column":62}},"56":{"start":{"line":99,"column":2},"end":{"line":99,"column":62}},"57":{"start":{"line":99,"column":23},"end":{"line":99,"column":62}},"58":{"start":{"line":103,"column":0},"end":{"line":103,"column":23}}},"fnMap":{"0":{"name":"bytesToMB","decl":{"start":{"line":30,"column":9},"end":{"line":30,"column":18}},"loc":{"start":{"line":30,"column":26},"end":{"line":32,"column":1}},"line":30},"1":{"name":"takeHeapSnapshot","decl":{"start":{"line":34,"column":15},"end":{"line":34,"column":31}},"loc":{"start":{"line":34,"column":50},"end":{"line":44,"column":1}},"line":34},"2":{"name":"(anonymous_2)","decl":{"start":{"line":38,"column":21},"end":{"line":38,"column":22}},"loc":{"start":{"line":38,"column":42},"end":{"line":43,"column":3}},"line":38},"3":{"name":"(anonymous_3)","decl":{"start":{"line":39,"column":37},"end":{"line":39,"column":38}},"loc":{"start":{"line":39,"column":56},"end":{"line":42,"column":5}},"line":39},"4":{"name":"checkMemory","decl":{"start":{"line":46,"column":9},"end":{"line":46,"column":20}},"loc":{"start":{"line":46,"column":23},"end":{"line":63,"column":1}},"line":46},"5":{"name":"checkEventLoopLag","decl":{"start":{"line":67,"column":9},"end":{"line":67,"column":26}},"loc":{"start":{"line":67,"column":29},"end":{"line":80,"column":1}},"line":67},"6":{"name":"(anonymous_6)","decl":{"start":{"line":69,"column":13},"end":{"line":69,"column":14}},"loc":{"start":{"line":69,"column":19},"end":{"line":79,"column":3}},"line":69},"7":{"name":"(anonymous_7)","decl":{"start":{"line":85,"column":12},"end":{"line":85,"column":13}},"loc":{"start":{"line":85,"column":18},"end":{"line":88,"column":1}},"line":85},"8":{"name":"(anonymous_8)","decl":{"start":{"line":91,"column":32},"end":{"line":91,"column":33}},"loc":{"start":{"line":91,"column":41},"end":{"line":95,"column":1}},"line":91},"9":{"name":"(anonymous_9)","decl":{"start":{"line":97,"column":33},"end":{"line":97,"column":34}},"loc":{"start":{"line":97,"column":42},"end":{"line":100,"column":1}},"line":97}},"branchMap":{"0":{"loc":{"start":{"line":15,"column":35},"end":{"line":15,"column":81}},"type":"binary-expr","locations":[{"start":{"line":15,"column":35},"end":{"line":15,"column":70}},{"start":{"line":15,"column":74},"end":{"line":15,"column":81}}],"line":15},"1":{"loc":{"start":{"line":16,"column":38},"end":{"line":16,"column":79}},"type":"binary-expr","locations":[{"start":{"line":16,"column":38},"end":{"line":16,"column":72}},{"start":{"line":16,"column":76},"end":{"line":16,"column":79}}],"line":16},"2":{"loc":{"start":{"line":17,"column":37},"end":{"line":17,"column":77}},"type":"binary-expr","locations":[{"start":{"line":17,"column":37},"end":{"line":17,"column":70}},{"start":{"line":17,"column":74},"end":{"line":17,"column":77}}],"line":17},"3":{"loc":{"start":{"line":18,"column":45},"end":{"line":18,"column":95}},"type":"binary-expr","locations":[{"start":{"line":18,"column":45},"end":{"line":18,"column":86}},{"start":{"line":18,"column":90},"end":{"line":18,"column":95}}],"line":18},"4":{"loc":{"start":{"line":22,"column":0},"end":{"line":28,"column":1}},"type":"if","locations":[{"start":{"line":22,"column":0},"end":{"line":28,"column":1}},{"start":{},"end":{}}],"line":22},"5":{"loc":{"start":{"line":34,"column":32},"end":{"line":34,"column":48}},"type":"default-arg","locations":[{"start":{"line":34,"column":38},"end":{"line":34,"column":48}}],"line":34},"6":{"loc":{"start":{"line":35,"column":2},"end":{"line":35,"column":24}},"type":"if","locations":[{"start":{"line":35,"column":2},"end":{"line":35,"column":24}},{"start":{},"end":{}}],"line":35},"7":{"loc":{"start":{"line":40,"column":6},"end":{"line":40,"column":34}},"type":"if","locations":[{"start":{"line":40,"column":6},"end":{"line":40,"column":34}},{"start":{},"end":{}}],"line":40},"8":{"loc":{"start":{"line":54,"column":2},"end":{"line":57,"column":3}},"type":"if","locations":[{"start":{"line":54,"column":2},"end":{"line":57,"column":3}},{"start":{},"end":{}}],"line":54},"9":{"loc":{"start":{"line":54,"column":6},"end":{"line":54,"column":58}},"type":"binary-expr","locations":[{"start":{"line":54,"column":6},"end":{"line":54,"column":29}},{"start":{"line":54,"column":33},"end":{"line":54,"column":58}}],"line":54},"10":{"loc":{"start":{"line":56,"column":4},"end":{"line":56,"column":49}},"type":"if","locations":[{"start":{"line":56,"column":4},"end":{"line":56,"column":49}},{"start":{},"end":{}}],"line":56},"11":{"loc":{"start":{"line":59,"column":2},"end":{"line":62,"column":3}},"type":"if","locations":[{"start":{"line":59,"column":2},"end":{"line":62,"column":3}},{"start":{},"end":{}}],"line":59},"12":{"loc":{"start":{"line":59,"column":6},"end":{"line":59,"column":65}},"type":"binary-expr","locations":[{"start":{"line":59,"column":6},"end":{"line":59,"column":30}},{"start":{"line":59,"column":34},"end":{"line":59,"column":65}}],"line":59},"13":{"loc":{"start":{"line":61,"column":4},"end":{"line":61,"column":54}},"type":"if","locations":[{"start":{"line":61,"column":4},"end":{"line":61,"column":54}},{"start":{},"end":{}}],"line":61},"14":{"loc":{"start":{"line":75,"column":4},"end":{"line":78,"column":5}},"type":"if","locations":[{"start":{"line":75,"column":4},"end":{"line":78,"column":5}},{"start":{},"end":{}}],"line":75},"15":{"loc":{"start":{"line":77,"column":6},"end":{"line":77,"column":57}},"type":"if","locations":[{"start":{"line":77,"column":6},"end":{"line":77,"column":57}},{"start":{},"end":{}}],"line":77},"16":{"loc":{"start":{"line":93,"column":2},"end":{"line":93,"column":52}},"type":"if","locations":[{"start":{"line":93,"column":2},"end":{"line":93,"column":52}},{"start":{},"end":{}}],"line":93},"17":{"loc":{"start":{"line":99,"column":2},"end":{"line":99,"column":62}},"type":"if","locations":[{"start":{"line":99,"column":2},"end":{"line":99,"column":62}},{"start":{},"end":{}}],"line":99}},"s":{"0":0,"1":0,"2":0,"3":0,"4":0,"5":0,"6":0,"7":0,"8":0,"9":0,"10":0,"11":0,"12":0,"13":0,"14":0,"15":0,"16":0,"17":0,"18":0,"19":0,"20":0,"21":0,"22":0,"23":0,"24":0,"25":0,"26":0,"27":0,"28":0,"29":0,"30":0,"31":0,"32":0,"33":0,"34":0,"35":0,"36":0,"37":0,"38":0,"39":0,"40":0,"41":0,"42":0,"43":0,"44":0,"45":0,"46":0,"47":0,"48":0,"49":0,"50":0,"51":0,"52":0,"53":0,"54":0,"55":0,"56":0,"57":0,"58":0},"f":{"0":0,"1":0,"2":0,"3":0,"4":0,"5":0,"6":0,"7":0,"8":0,"9":0},"b":{"0":[0,0],"1":[0,0],"2":[0,0],"3":[0,0],"4":[0,0],"5":[0],"6":[0,0],"7":[0,0],"8":[0,0],"9":[0,0],"10":[0,0],"11":[0,0],"12":[0,0],"13":[0,0],"14":[0,0],"15":[0,0],"16":[0,0],"17":[0,0]}}
}
