TN:
SF:backend\src\config\jotform.js
FNF:0
FNH:0
DA:10,0
LF:1
LH:0
BRDA:12,0,0,0
BRDA:12,0,1,0
BRDA:13,1,0,0
BRDA:13,1,1,0
BRDA:17,2,0,0
BRDA:17,2,1,0
BRDA:20,3,0,0
BRDA:20,3,1,0
BRDA:34,4,0,0
BRDA:34,4,1,0
BRF:10
BRH:0
end_of_record
TN:
SF:backend\src\middleware\auth.js
FN:6,(anonymous_0)
FN:35,(anonymous_1)
FN:36,(anonymous_2)
FN:50,(anonymous_3)
FN:84,(anonymous_4)
FN:90,(anonymous_5)
FN:126,(anonymous_6)
FN:131,(anonymous_7)
FN:137,(anonymous_8)
FN:147,(anonymous_9)
FN:153,(anonymous_10)
FN:179,(anonymous_11)
FN:205,(anonymous_12)
FNF:13
FNH:0
FNDA:0,(anonymous_0)
FNDA:0,(anonymous_1)
FNDA:0,(anonymous_2)
FNDA:0,(anonymous_3)
FNDA:0,(anonymous_4)
FNDA:0,(anonymous_5)
FNDA:0,(anonymous_6)
FNDA:0,(anonymous_7)
FNDA:0,(anonymous_8)
FNDA:0,(anonymous_9)
FNDA:0,(anonymous_10)
FNDA:0,(anonymous_11)
FNDA:0,(anonymous_12)
DA:1,0
DA:2,0
DA:3,0
DA:6,0
DA:7,0
DA:10,0
DA:12,0
DA:13,0
DA:16,0
DA:17,0
DA:22,0
DA:23,0
DA:26,0
DA:27,0
DA:29,0
DA:30,0
DA:35,0
DA:36,0
DA:37,0
DA:38,0
DA:41,0
DA:42,0
DA:45,0
DA:50,0
DA:51,0
DA:52,0
DA:54,0
DA:55,0
DA:58,0
DA:61,0
DA:62,0
DA:65,0
DA:70,0
DA:71,0
DA:74,0
DA:75,0
DA:76,0
DA:78,0
DA:79,0
DA:84,0
DA:85,0
DA:86,0
DA:90,0
DA:91,0
DA:92,0
DA:93,0
DA:94,0
DA:95,0
DA:96,0
DA:97,0
DA:98,0
DA:99,0
DA:100,0
DA:101,0
DA:104,0
DA:107,0
DA:108,0
DA:109,0
DA:112,0
DA:113,0
DA:114,0
DA:117,0
DA:119,0
DA:120,0
DA:121,0
DA:126,0
DA:127,0
DA:131,0
DA:132,0
DA:133,0
DA:137,0
DA:139,0
DA:142,0
DA:143,0
DA:147,0
DA:148,0
DA:149,0
DA:153,0
DA:154,0
DA:158,0
DA:159,0
DA:165,0
DA:166,0
DA:167,0
DA:169,0
DA:170,0
DA:175,0
DA:179,0
DA:180,0
DA:182,0
DA:183,0
DA:188,0
DA:189,0
DA:192,0
DA:193,0
DA:197,0
DA:198,0
DA:199,0
DA:201,0
DA:205,0
DA:206,0
DA:208,0
DA:209,0
DA:214,0
DA:215,0
DA:218,0
DA:219,0
DA:222,0
DA:223,0
DA:227,0
DA:228,0
DA:229,0
DA:231,0
DA:234,0
LF:114
LH:0
BRDA:10,0,0,0
BRDA:10,0,1,0
BRDA:12,1,0,0
BRDA:12,1,1,0
BRDA:22,2,0,0
BRDA:22,2,1,0
BRDA:37,3,0,0
BRDA:37,3,1,0
BRDA:41,4,0,0
BRDA:41,4,1,0
BRDA:52,5,0,0
BRDA:52,5,1,0
BRDA:54,6,0,0
BRDA:54,6,1,0
BRDA:61,7,0,0
BRDA:61,7,1,0
BRDA:70,8,0,0
BRDA:70,8,1,0
BRDA:95,9,0,0
BRDA:95,9,1,0
BRDA:96,10,0,0
BRDA:96,10,1,0
BRDA:97,11,0,0
BRDA:97,11,1,0
BRDA:98,12,0,0
BRDA:98,12,1,0
BRDA:99,13,0,0
BRDA:99,13,1,0
BRDA:99,14,0,0
BRDA:99,14,1,0
BRDA:100,15,0,0
BRDA:100,15,1,0
BRDA:108,16,0,0
BRDA:108,16,1,0
BRDA:112,17,0,0
BRDA:112,17,1,0
BRDA:112,18,0,0
BRDA:112,18,1,0
BRDA:112,18,2,0
BRDA:126,19,0,0
BRDA:126,20,0,0
BRDA:126,20,1,0
BRDA:148,21,0,0
BRDA:148,21,1,0
BRDA:158,22,0,0
BRDA:158,22,1,0
BRDA:158,23,0,0
BRDA:158,23,1,0
BRDA:158,23,2,0
BRDA:158,23,3,0
BRDA:158,23,4,0
BRDA:169,24,0,0
BRDA:169,24,1,0
BRDA:182,25,0,0
BRDA:182,25,1,0
BRDA:182,26,0,0
BRDA:182,26,1,0
BRDA:182,26,2,0
BRDA:182,26,3,0
BRDA:188,27,0,0
BRDA:188,27,1,0
BRDA:192,28,0,0
BRDA:192,28,1,0
BRDA:208,29,0,0
BRDA:208,29,1,0
BRDA:208,30,0,0
BRDA:208,30,1,0
BRDA:208,30,2,0
BRDA:208,30,3,0
BRDA:208,30,4,0
BRDA:214,31,0,0
BRDA:214,31,1,0
BRDA:218,32,0,0
BRDA:218,32,1,0
BRDA:222,33,0,0
BRDA:222,33,1,0
BRF:76
BRH:0
end_of_record
TN:
SF:backend\src\middleware\security.js
FN:42,(anonymous_0)
FN:61,(anonymous_1)
FN:78,(anonymous_2)
FN:79,(anonymous_3)
FN:81,(anonymous_4)
FN:87,(anonymous_5)
FN:96,(anonymous_6)
FN:130,(anonymous_7)
FN:137,(anonymous_8)
FN:150,(anonymous_9)
FN:162,(anonymous_10)
FN:163,(anonymous_11)
FN:166,(anonymous_12)
FNF:13
FNH:0
FNDA:0,(anonymous_0)
FNDA:0,(anonymous_1)
FNDA:0,(anonymous_2)
FNDA:0,(anonymous_3)
FNDA:0,(anonymous_4)
FNDA:0,(anonymous_5)
FNDA:0,(anonymous_6)
FNDA:0,(anonymous_7)
FNDA:0,(anonymous_8)
FNDA:0,(anonymous_9)
FNDA:0,(anonymous_10)
FNDA:0,(anonymous_11)
FNDA:0,(anonymous_12)
DA:1,0
DA:2,0
DA:3,0
DA:4,0
DA:7,0
DA:33,0
DA:43,0
DA:51,0
DA:62,0
DA:66,0
DA:78,0
DA:79,0
DA:81,0
DA:83,0
DA:84,0
DA:85,0
DA:87,0
DA:96,0
DA:97,0
DA:98,0
DA:99,0
DA:100,0
DA:101,0
DA:106,0
DA:107,0
DA:110,0
DA:115,0
DA:120,0
DA:126,0
DA:130,0
DA:137,0
DA:139,0
DA:140,0
DA:141,0
DA:142,0
DA:146,0
DA:150,0
DA:152,0
DA:162,0
DA:163,0
DA:166,0
DA:167,0
DA:178,0
DA:179,0
DA:183,0
DA:184,0
DA:185,0
DA:186,0
DA:190,0
DA:193,0
LF:50
LH:0
BRDA:84,0,0,0
BRDA:84,0,1,0
BRDA:98,1,0,0
BRDA:98,1,1,0
BRDA:100,2,0,0
BRDA:100,2,1,0
BRDA:100,3,0,0
BRDA:100,3,1,0
BRDA:106,4,0,0
BRDA:106,4,1,0
BRDA:139,5,0,0
BRDA:139,5,1,0
BRDA:178,6,0,0
BRDA:178,6,1,0
BRDA:183,7,0,0
BRDA:183,7,1,0
BRDA:185,8,0,0
BRDA:185,8,1,0
BRF:18
BRH:0
end_of_record
TN:
SF:backend\src\middleware\upload.js
FN:13,(anonymous_0)
FN:16,(anonymous_1)
FN:28,(anonymous_2)
FN:54,(anonymous_3)
FNF:4
FNH:0
FNDA:0,(anonymous_0)
FNDA:0,(anonymous_1)
FNDA:0,(anonymous_2)
FNDA:0,(anonymous_3)
DA:1,0
DA:2,0
DA:3,0
DA:6,0
DA:7,0
DA:8,0
DA:12,0
DA:14,0
DA:18,0
DA:19,0
DA:20,0
DA:22,0
DA:23,0
DA:28,0
DA:29,0
DA:31,0
DA:32,0
DA:34,0
DA:39,0
DA:48,0
DA:51,0
DA:54,0
DA:55,0
DA:56,0
DA:57,0
DA:62,0
DA:63,0
DA:68,0
DA:72,0
DA:73,0
DA:78,0
DA:81,0
LF:32
LH:0
BRDA:7,0,0,0
BRDA:7,0,1,0
BRDA:31,1,0,0
BRDA:31,1,1,0
BRDA:55,2,0,0
BRDA:55,2,1,0
BRDA:56,3,0,0
BRDA:56,3,1,0
BRDA:62,4,0,0
BRDA:62,4,1,0
BRDA:72,5,0,0
BRDA:72,5,1,0
BRF:12
BRH:0
end_of_record
TN:
SF:backend\src\models\Client.js
FN:6,(anonymous_0)
FN:16,(anonymous_1)
FN:31,(anonymous_2)
FN:89,(anonymous_3)
FN:103,(anonymous_4)
FN:116,(anonymous_5)
FN:129,(anonymous_6)
FN:161,(anonymous_7)
FN:177,(anonymous_8)
FN:209,(anonymous_9)
FN:215,(anonymous_10)
FN:229,(anonymous_11)
FN:251,(anonymous_12)
FN:271,(anonymous_13)
FN:283,(anonymous_14)
FNF:15
FNH:0
FNDA:0,(anonymous_0)
FNDA:0,(anonymous_1)
FNDA:0,(anonymous_2)
FNDA:0,(anonymous_3)
FNDA:0,(anonymous_4)
FNDA:0,(anonymous_5)
FNDA:0,(anonymous_6)
FNDA:0,(anonymous_7)
FNDA:0,(anonymous_8)
FNDA:0,(anonymous_9)
FNDA:0,(anonymous_10)
FNDA:0,(anonymous_11)
FNDA:0,(anonymous_12)
FNDA:0,(anonymous_13)
FNDA:0,(anonymous_14)
DA:1,0
DA:2,0
DA:7,0
DA:8,0
DA:9,0
DA:10,0
DA:12,0
DA:29,0
DA:31,0
DA:33,0
DA:40,0
DA:54,0
DA:58,0
DA:59,0
DA:60,0
DA:62,0
DA:63,0
DA:64,0
DA:68,0
DA:69,0
DA:72,0
DA:73,0
DA:77,0
DA:84,0
DA:90,0
DA:98,0
DA:99,0
DA:104,0
DA:111,0
DA:112,0
DA:117,0
DA:124,0
DA:125,0
DA:130,0
DA:131,0
DA:132,0
DA:134,0
DA:135,0
DA:136,0
DA:137,0
DA:140,0
DA:156,0
DA:157,0
DA:162,0
DA:163,0
DA:165,0
DA:166,0
DA:167,0
DA:168,0
DA:171,0
DA:172,0
DA:173,0
DA:186,0
DA:188,0
DA:196,0
DA:210,0
DA:211,0
DA:216,0
DA:217,0
DA:219,0
DA:220,0
DA:221,0
DA:224,0
DA:225,0
DA:230,0
DA:247,0
DA:252,0
DA:270,0
DA:271,0
DA:274,0
DA:284,0
DA:292,0
DA:293,0
DA:297,0
LF:74
LH:0
BRDA:6,0,0,0
BRDA:26,1,0,0
BRDA:27,2,0,0
BRDA:28,3,0,0
BRDA:41,4,0,0
BRDA:41,4,1,0
BRDA:42,5,0,0
BRDA:42,5,1,0
BRDA:43,6,0,0
BRDA:43,6,1,0
BRDA:44,7,0,0
BRDA:44,7,1,0
BRDA:45,8,0,0
BRDA:45,8,1,0
BRDA:46,9,0,0
BRDA:46,9,1,0
BRDA:47,10,0,0
BRDA:47,10,1,0
BRDA:48,11,0,0
BRDA:48,11,1,0
BRDA:62,12,0,0
BRDA:62,12,1,0
BRDA:72,13,0,0
BRDA:72,13,1,0
BRDA:129,14,0,0
BRDA:129,15,0,0
BRDA:129,16,0,0
BRDA:134,17,0,0
BRDA:134,17,1,0
BRDA:161,18,0,0
BRDA:165,19,0,0
BRDA:165,19,1,0
BRDA:197,20,0,0
BRDA:197,20,1,0
BRDA:198,21,0,0
BRDA:198,21,1,0
BRDA:199,22,0,0
BRDA:199,22,1,0
BRDA:200,23,0,0
BRDA:200,23,1,0
BRDA:201,24,0,0
BRDA:201,24,1,0
BRDA:202,25,0,0
BRDA:202,25,1,0
BRDA:203,26,0,0
BRDA:203,26,1,0
BRDA:215,27,0,0
BRDA:219,28,0,0
BRDA:219,28,1,0
BRDA:229,29,0,0
BRDA:277,30,0,0
BRDA:277,30,1,0
BRDA:278,31,0,0
BRDA:278,31,1,0
BRDA:293,32,0,0
BRDA:293,32,1,0
BRF:56
BRH:0
end_of_record
TN:
SF:backend\src\models\Membership.js
FN:5,(anonymous_0)
FN:25,(anonymous_1)
FN:36,(anonymous_2)
FN:59,(anonymous_3)
FN:83,(anonymous_4)
FNF:5
FNH:0
FNDA:0,(anonymous_0)
FNDA:0,(anonymous_1)
FNDA:0,(anonymous_2)
FNDA:0,(anonymous_3)
FNDA:0,(anonymous_4)
DA:1,0
DA:6,0
DA:21,0
DA:26,0
DA:31,0
DA:32,0
DA:44,0
DA:46,0
DA:52,0
DA:55,0
DA:68,0
DA:70,0
DA:77,0
DA:84,0
DA:85,0
DA:89,0
LF:16
LH:0
BRF:0
BRH:0
end_of_record
TN:
SF:backend\src\models\Product.js
FN:5,(anonymous_0)
FN:111,(anonymous_1)
FN:132,(anonymous_2)
FN:148,(anonymous_3)
FN:170,(anonymous_4)
FN:198,(anonymous_5)
FN:261,(anonymous_6)
FN:337,(anonymous_7)
FN:350,(anonymous_8)
FN:370,(anonymous_9)
FN:397,(anonymous_10)
FNF:11
FNH:6
FNDA:4,(anonymous_0)
FNDA:6,(anonymous_1)
FNDA:1,(anonymous_2)
FNDA:0,(anonymous_3)
FNDA:0,(anonymous_4)
FNDA:2,(anonymous_5)
FNDA:1,(anonymous_6)
FNDA:0,(anonymous_7)
FNDA:0,(anonymous_8)
FNDA:0,(anonymous_9)
FNDA:17,(anonymous_10)
DA:1,1
DA:15,4
DA:22,4
DA:24,4
DA:25,4
DA:26,4
DA:29,4
DA:30,1
DA:31,1
DA:34,4
DA:35,0
DA:36,0
DA:39,4
DA:40,0
DA:41,0
DA:44,4
DA:45,1
DA:46,1
DA:47,1
DA:50,4
DA:51,0
DA:52,0
DA:55,4
DA:56,0
DA:57,0
DA:61,4
DA:62,4
DA:63,4
DA:65,4
DA:83,4
DA:84,4
DA:86,4
DA:89,4
DA:96,4
DA:97,4
DA:99,4
DA:112,6
DA:127,6
DA:128,6
DA:133,1
DA:143,1
DA:144,1
DA:149,0
DA:165,0
DA:166,0
DA:171,0
DA:186,0
DA:188,0
DA:189,0
DA:190,0
DA:193,0
DA:194,0
DA:215,2
DA:218,2
DA:219,0
DA:223,2
DA:224,1
DA:225,1
DA:226,0
DA:230,2
DA:239,2
DA:257,2
DA:262,1
DA:263,1
DA:264,0
DA:283,1
DA:286,1
DA:287,0
DA:288,0
DA:289,0
DA:293,1
DA:314,1
DA:333,1
DA:338,0
DA:345,0
DA:346,0
DA:352,0
DA:357,0
DA:358,0
DA:361,0
DA:362,0
DA:363,0
DA:371,0
DA:388,0
DA:389,0
DA:393,0
DA:398,17
DA:400,16
DA:424,1
LF:89
LH:52
BRDA:5,0,0,1
BRDA:5,1,0,3
BRDA:9,2,0,4
BRDA:14,3,0,4
BRDA:18,4,0,3
BRDA:19,5,0,3
BRDA:20,6,0,4
BRDA:21,7,0,4
BRDA:29,8,0,1
BRDA:29,8,1,3
BRDA:34,9,0,0
BRDA:34,9,1,4
BRDA:39,10,0,0
BRDA:39,10,1,4
BRDA:44,11,0,1
BRDA:44,11,1,3
BRDA:50,12,0,0
BRDA:50,12,1,4
BRDA:55,13,0,0
BRDA:55,13,1,4
BRDA:62,14,0,4
BRDA:62,14,1,0
BRDA:63,15,0,0
BRDA:63,15,1,4
BRDA:111,16,0,5
BRDA:128,17,0,5
BRDA:128,17,1,1
BRDA:144,18,0,0
BRDA:144,18,1,1
BRDA:148,19,0,0
BRDA:148,20,0,0
BRDA:170,21,0,0
BRDA:170,22,0,0
BRDA:188,23,0,0
BRDA:188,23,1,0
BRDA:208,24,0,1
BRDA:209,25,0,2
BRDA:210,26,0,0
BRDA:211,27,0,0
BRDA:212,28,0,2
BRDA:218,29,0,0
BRDA:218,29,1,2
BRDA:218,30,0,2
BRDA:218,30,1,2
BRDA:223,31,0,1
BRDA:223,31,1,1
BRDA:225,32,0,0
BRDA:225,32,1,1
BRDA:241,33,0,2
BRDA:241,33,1,1
BRDA:242,34,0,2
BRDA:242,34,1,2
BRDA:244,35,0,2
BRDA:244,35,1,2
BRDA:245,36,0,2
BRDA:245,36,1,1
BRDA:246,37,0,2
BRDA:246,37,1,2
BRDA:247,38,0,0
BRDA:247,38,1,2
BRDA:253,39,0,2
BRDA:253,39,1,2
BRDA:254,40,0,2
BRDA:254,40,1,1
BRDA:263,41,0,0
BRDA:263,41,1,1
BRDA:286,42,0,0
BRDA:286,42,1,1
BRDA:286,43,0,1
BRDA:286,43,1,0
BRDA:288,44,0,0
BRDA:288,44,1,0
BRDA:288,45,0,0
BRDA:288,45,1,0
BRDA:322,46,0,0
BRDA:322,46,1,1
BRDA:357,47,0,0
BRDA:357,47,1,0
BRDA:370,48,0,0
BRDA:398,49,0,1
BRDA:398,49,1,16
BRDA:410,50,0,1
BRDA:410,50,1,15
BRDA:412,51,0,16
BRDA:412,51,1,14
BRDA:415,52,0,16
BRDA:415,52,1,14
BRF:87
BRH:58
end_of_record
TN:
SF:backend\src\models\ProductCategory.js
FN:5,(anonymous_0)
FN:31,(anonymous_1)
FN:48,(anonymous_2)
FN:64,(anonymous_3)
FN:100,(anonymous_4)
FN:145,(anonymous_5)
FN:162,(anonymous_6)
FN:169,(anonymous_7)
FN:176,(anonymous_8)
FN:182,(anonymous_9)
FN:199,(anonymous_10)
FN:217,(anonymous_11)
FN:231,(anonymous_12)
FN:266,(anonymous_13)
FN:278,(anonymous_14)
FNF:15
FNH:0
FNDA:0,(anonymous_0)
FNDA:0,(anonymous_1)
FNDA:0,(anonymous_2)
FNDA:0,(anonymous_3)
FNDA:0,(anonymous_4)
FNDA:0,(anonymous_5)
FNDA:0,(anonymous_6)
FNDA:0,(anonymous_7)
FNDA:0,(anonymous_8)
FNDA:0,(anonymous_9)
FNDA:0,(anonymous_10)
FNDA:0,(anonymous_11)
FNDA:0,(anonymous_12)
FNDA:0,(anonymous_13)
FNDA:0,(anonymous_14)
DA:1,0
DA:6,0
DA:15,0
DA:17,0
DA:18,0
DA:21,0
DA:26,0
DA:27,0
DA:32,0
DA:43,0
DA:44,0
DA:49,0
DA:59,0
DA:60,0
DA:71,0
DA:73,0
DA:74,0
DA:78,0
DA:79,0
DA:80,0
DA:83,0
DA:88,0
DA:96,0
DA:101,0
DA:102,0
DA:103,0
DA:112,0
DA:115,0
DA:116,0
DA:117,0
DA:118,0
DA:122,0
DA:132,0
DA:141,0
DA:146,0
DA:147,0
DA:148,0
DA:151,0
DA:152,0
DA:155,0
DA:156,0
DA:158,0
DA:163,0
DA:164,0
DA:165,0
DA:170,0
DA:171,0
DA:172,0
DA:178,0
DA:179,0
DA:182,0
DA:183,0
DA:184,0
DA:187,0
DA:193,0
DA:195,0
DA:200,0
DA:215,0
DA:217,0
DA:232,0
DA:233,0
DA:235,0
DA:236,0
DA:237,0
DA:238,0
DA:239,0
DA:240,0
DA:241,0
DA:242,0
DA:243,0
DA:246,0
DA:264,0
DA:266,0
DA:279,0
DA:281,0
DA:295,0
LF:76
LH:0
BRDA:5,0,0,0
BRDA:17,1,0,0
BRDA:17,1,1,0
BRDA:44,2,0,0
BRDA:44,2,1,0
BRDA:60,3,0,0
BRDA:60,3,1,0
BRDA:67,4,0,0
BRDA:68,5,0,0
BRDA:69,6,0,0
BRDA:70,7,0,0
BRDA:73,8,0,0
BRDA:73,8,1,0
BRDA:79,9,0,0
BRDA:79,9,1,0
BRDA:102,10,0,0
BRDA:102,10,1,0
BRDA:115,11,0,0
BRDA:115,11,1,0
BRDA:115,12,0,0
BRDA:115,12,1,0
BRDA:117,13,0,0
BRDA:117,13,1,0
BRDA:117,14,0,0
BRDA:117,14,1,0
BRDA:147,15,0,0
BRDA:147,15,1,0
BRDA:151,16,0,0
BRDA:151,16,1,0
BRDA:178,17,0,0
BRDA:178,17,1,0
BRDA:183,18,0,0
BRDA:183,18,1,0
BRDA:183,19,0,0
BRDA:183,19,1,0
BRDA:220,20,0,0
BRDA:220,20,1,0
BRDA:221,21,0,0
BRDA:221,21,1,0
BRDA:222,22,0,0
BRDA:222,22,1,0
BRDA:223,23,0,0
BRDA:223,23,1,0
BRDA:224,24,0,0
BRDA:224,24,1,0
BRDA:225,25,0,0
BRDA:225,25,1,0
BRDA:231,26,0,0
BRDA:231,27,0,0
BRDA:235,28,0,0
BRDA:235,28,1,0
BRDA:235,29,0,0
BRDA:235,29,1,0
BRDA:238,30,0,0
BRDA:238,30,1,0
BRDA:241,31,0,0
BRDA:241,31,1,0
BRDA:270,32,0,0
BRDA:270,32,1,0
BRDA:271,33,0,0
BRDA:271,33,1,0
BRDA:272,34,0,0
BRDA:272,34,1,0
BRDA:273,35,0,0
BRDA:273,35,1,0
BRDA:279,36,0,0
BRDA:279,36,1,0
BRDA:288,37,0,0
BRDA:288,37,1,0
BRDA:289,38,0,0
BRDA:289,38,1,0
BRF:71
BRH:0
end_of_record
TN:
SF:backend\src\models\ReferralCode.js
FN:4,(anonymous_0)
FN:9,(anonymous_1)
FN:19,(anonymous_2)
FN:65,(anonymous_3)
FN:118,(anonymous_4)
FN:167,(anonymous_5)
FN:189,(anonymous_6)
FN:209,(anonymous_7)
FN:241,(anonymous_8)
FN:275,(anonymous_9)
FN:290,(anonymous_10)
FNF:11
FNH:0
FNDA:0,(anonymous_0)
FNDA:0,(anonymous_1)
FNDA:0,(anonymous_2)
FNDA:0,(anonymous_3)
FNDA:0,(anonymous_4)
FNDA:0,(anonymous_5)
FNDA:0,(anonymous_6)
FNDA:0,(anonymous_7)
FNDA:0,(anonymous_8)
FNDA:0,(anonymous_9)
FNDA:0,(anonymous_10)
DA:1,0
DA:10,0
DA:11,0
DA:12,0
DA:13,0
DA:15,0
DA:20,0
DA:22,0
DA:23,0
DA:24,0
DA:27,0
DA:28,0
DA:29,0
DA:33,0
DA:34,0
DA:37,0
DA:38,0
DA:41,0
DA:48,0
DA:59,0
DA:60,0
DA:66,0
DA:67,0
DA:75,0
DA:76,0
DA:79,0
DA:82,0
DA:83,0
DA:87,0
DA:88,0
DA:92,0
DA:97,0
DA:98,0
DA:102,0
DA:103,0
DA:106,0
DA:112,0
DA:113,0
DA:119,0
DA:121,0
DA:126,0
DA:127,0
DA:130,0
DA:133,0
DA:134,0
DA:135,0
DA:139,0
DA:152,0
DA:153,0
DA:155,0
DA:161,0
DA:162,0
DA:168,0
DA:169,0
DA:181,0
DA:183,0
DA:184,0
DA:190,0
DA:191,0
DA:201,0
DA:203,0
DA:204,0
DA:210,0
DA:211,0
DA:224,0
DA:228,0
DA:235,0
DA:236,0
DA:242,0
DA:243,0
DA:257,0
DA:262,0
DA:269,0
DA:270,0
DA:276,0
DA:277,0
DA:282,0
DA:284,0
DA:285,0
DA:291,0
DA:295,0
LF:81
LH:0
BRDA:9,0,0,0
BRDA:19,1,0,0
BRDA:19,2,0,0
BRDA:19,3,0,0
BRDA:27,4,0,0
BRDA:27,4,1,0
BRDA:37,5,0,0
BRDA:37,5,1,0
BRDA:75,6,0,0
BRDA:75,6,1,0
BRDA:82,7,0,0
BRDA:82,7,1,0
BRDA:82,8,0,0
BRDA:82,8,1,0
BRDA:87,9,0,0
BRDA:87,9,1,0
BRDA:87,10,0,0
BRDA:87,10,1,0
BRDA:97,11,0,0
BRDA:97,11,1,0
BRDA:102,12,0,0
BRDA:102,12,1,0
BRDA:118,13,0,0
BRDA:118,14,0,0
BRDA:126,15,0,0
BRDA:126,15,1,0
BRDA:134,16,0,0
BRDA:134,16,1,0
BRDA:209,17,0,0
BRDA:209,18,0,0
BRDA:241,19,0,0
BRDA:241,20,0,0
BRF:32
BRH:0
end_of_record
TN:
SF:backend\src\models\Reservation.js
FN:9,(anonymous_0)
FN:78,(anonymous_1)
FN:79,(anonymous_2)
FN:149,(anonymous_3)
FN:202,(anonymous_4)
FN:277,(anonymous_5)
FN:284,(anonymous_6)
FN:290,(anonymous_7)
FN:302,(anonymous_8)
FN:369,(anonymous_9)
FN:383,(anonymous_10)
FN:428,(anonymous_11)
FN:429,(anonymous_12)
FN:445,(anonymous_13)
FN:492,(anonymous_14)
FN:531,(anonymous_15)
FN:558,(anonymous_16)
FN:571,(anonymous_17)
FN:593,(anonymous_18)
FN:609,(anonymous_19)
FN:655,(anonymous_20)
FN:656,(anonymous_21)
FN:707,(anonymous_22)
FNF:23
FNH:0
FNDA:0,(anonymous_0)
FNDA:0,(anonymous_1)
FNDA:0,(anonymous_2)
FNDA:0,(anonymous_3)
FNDA:0,(anonymous_4)
FNDA:0,(anonymous_5)
FNDA:0,(anonymous_6)
FNDA:0,(anonymous_7)
FNDA:0,(anonymous_8)
FNDA:0,(anonymous_9)
FNDA:0,(anonymous_10)
FNDA:0,(anonymous_11)
FNDA:0,(anonymous_12)
FNDA:0,(anonymous_13)
FNDA:0,(anonymous_14)
FNDA:0,(anonymous_15)
FNDA:0,(anonymous_16)
FNDA:0,(anonymous_17)
FNDA:0,(anonymous_18)
FNDA:0,(anonymous_19)
FNDA:0,(anonymous_20)
FNDA:0,(anonymous_21)
FNDA:0,(anonymous_22)
DA:1,0
DA:30,0
DA:33,0
DA:36,0
DA:45,0
DA:71,0
DA:72,0
DA:74,0
DA:79,0
DA:81,0
DA:85,0
DA:87,0
DA:88,0
DA:91,0
DA:92,0
DA:95,0
DA:96,0
DA:100,0
DA:104,0
DA:105,0
DA:108,0
DA:112,0
DA:115,0
DA:120,0
DA:121,0
DA:122,0
DA:125,0
DA:140,0
DA:144,0
DA:150,0
DA:165,0
DA:166,0
DA:168,0
DA:171,0
DA:183,0
DA:186,0
DA:187,0
DA:188,0
DA:190,0
DA:191,0
DA:195,0
DA:203,0
DA:204,0
DA:207,0
DA:208,0
DA:209,0
DA:210,0
DA:211,0
DA:212,0
DA:216,0
DA:217,0
DA:218,0
DA:221,0
DA:222,0
DA:223,0
DA:227,0
DA:228,0
DA:229,0
DA:232,0
DA:234,0
DA:274,0
DA:277,0
DA:285,0
DA:286,0
DA:291,0
DA:292,0
DA:293,0
DA:295,0
DA:303,0
DA:306,0
DA:307,0
DA:309,0
DA:310,0
DA:313,0
DA:314,0
DA:322,0
DA:323,0
DA:326,0
DA:330,0
DA:331,0
DA:332,0
DA:334,0
DA:336,0
DA:337,0
DA:339,0
DA:341,0
DA:342,0
DA:343,0
DA:344,0
DA:345,0
DA:346,0
DA:347,0
DA:351,0
DA:352,0
DA:353,0
DA:356,0
DA:358,0
DA:359,0
DA:360,0
DA:362,0
DA:363,0
DA:365,0
DA:381,0
DA:383,0
DA:385,0
DA:393,0
DA:400,0
DA:402,0
DA:405,0
DA:411,0
DA:412,0
DA:423,0
DA:429,0
DA:431,0
DA:434,0
DA:436,0
DA:447,0
DA:452,0
DA:453,0
DA:456,0
DA:468,0
DA:470,0
DA:471,0
DA:472,0
DA:475,0
DA:476,0
DA:477,0
DA:479,0
DA:480,0
DA:482,0
DA:483,0
DA:484,0
DA:487,0
DA:488,0
DA:494,0
DA:495,0
DA:497,0
DA:502,0
DA:504,0
DA:505,0
DA:509,0
DA:515,0
DA:518,0
DA:519,0
DA:523,0
DA:532,0
DA:557,0
DA:558,0
DA:561,0
DA:572,0
DA:585,0
DA:595,0
DA:600,0
DA:602,0
DA:603,0
DA:606,0
DA:607,0
DA:609,0
DA:611,0
DA:617,0
DA:622,0
DA:628,0
DA:629,0
DA:632,0
DA:638,0
DA:639,0
DA:642,0
DA:648,0
DA:650,0
DA:656,0
DA:658,0
DA:663,0
DA:665,0
DA:666,0
DA:670,0
DA:676,0
DA:682,0
DA:683,0
DA:686,0
DA:692,0
DA:693,0
DA:696,0
DA:702,0
DA:708,0
DA:719,0
DA:723,0
LF:186
LH:0
BRDA:19,0,0,0
BRDA:20,1,0,0
BRDA:21,2,0,0
BRDA:53,3,0,0
BRDA:53,3,1,0
BRDA:54,4,0,0
BRDA:54,4,1,0
BRDA:55,5,0,0
BRDA:55,5,1,0
BRDA:56,6,0,0
BRDA:56,6,1,0
BRDA:56,6,2,0
BRDA:57,7,0,0
BRDA:57,7,1,0
BRDA:58,8,0,0
BRDA:58,8,1,0
BRDA:59,9,0,0
BRDA:59,9,1,0
BRDA:60,10,0,0
BRDA:60,10,1,0
BRDA:61,11,0,0
BRDA:61,11,1,0
BRDA:62,12,0,0
BRDA:62,12,1,0
BRDA:63,13,0,0
BRDA:63,13,1,0
BRDA:64,14,0,0
BRDA:64,14,1,0
BRDA:65,15,0,0
BRDA:65,15,1,0
BRDA:66,16,0,0
BRDA:66,16,1,0
BRDA:87,17,0,0
BRDA:87,17,1,0
BRDA:95,18,0,0
BRDA:95,18,1,0
BRDA:95,19,0,0
BRDA:95,19,1,0
BRDA:95,19,2,0
BRDA:104,20,0,0
BRDA:104,20,1,0
BRDA:122,21,0,0
BRDA:122,21,1,0
BRDA:168,22,0,0
BRDA:168,22,1,0
BRDA:186,23,0,0
BRDA:186,23,1,0
BRDA:202,24,0,0
BRDA:207,25,0,0
BRDA:207,25,1,0
BRDA:207,26,0,0
BRDA:207,26,1,0
BRDA:210,27,0,0
BRDA:210,27,1,0
BRDA:216,28,0,0
BRDA:216,28,1,0
BRDA:221,29,0,0
BRDA:221,29,1,0
BRDA:227,30,0,0
BRDA:227,30,1,0
BRDA:232,31,0,0
BRDA:232,31,1,0
BRDA:302,32,0,0
BRDA:309,33,0,0
BRDA:309,33,1,0
BRDA:326,34,0,0
BRDA:326,34,1,0
BRDA:326,34,2,0
BRDA:326,34,3,0
BRDA:326,34,4,0
BRDA:326,34,5,0
BRDA:326,34,6,0
BRDA:334,35,0,0
BRDA:334,35,1,0
BRDA:341,36,0,0
BRDA:341,36,1,0
BRDA:351,37,0,0
BRDA:351,37,1,0
BRDA:400,38,0,0
BRDA:400,38,1,0
BRDA:415,39,0,0
BRDA:415,39,1,0
BRDA:416,40,0,0
BRDA:416,40,1,0
BRDA:445,41,0,0
BRDA:470,42,0,0
BRDA:470,42,1,0
BRDA:482,43,0,0
BRDA:482,43,1,0
BRDA:504,44,0,0
BRDA:504,44,1,0
BRDA:564,45,0,0
BRDA:564,45,1,0
BRDA:565,46,0,0
BRDA:565,46,1,0
BRDA:593,47,0,0
BRDA:602,48,0,0
BRDA:602,48,1,0
BRDA:629,49,0,0
BRDA:629,49,1,0
BRDA:665,50,0,0
BRDA:665,50,1,0
BRDA:683,51,0,0
BRDA:683,51,1,0
BRF:104
BRH:0
end_of_record
TN:
SF:backend\src\models\Service.js
FN:9,(anonymous_0)
FN:58,(anonymous_1)
FN:75,(anonymous_2)
FN:116,(anonymous_3)
FN:158,(anonymous_4)
FN:168,(anonymous_5)
FN:173,(anonymous_6)
FN:193,(anonymous_7)
FN:216,(anonymous_8)
FN:225,(anonymous_9)
FN:247,(anonymous_10)
FN:285,(anonymous_11)
FN:309,(anonymous_12)
FN:337,(anonymous_13)
FN:348,(anonymous_14)
FN:394,(anonymous_15)
FN:414,(anonymous_16)
FN:432,(anonymous_17)
FN:497,(anonymous_18)
FN:515,(anonymous_19)
FN:584,(anonymous_20)
FNF:21
FNH:0
FNDA:0,(anonymous_0)
FNDA:0,(anonymous_1)
FNDA:0,(anonymous_2)
FNDA:0,(anonymous_3)
FNDA:0,(anonymous_4)
FNDA:0,(anonymous_5)
FNDA:0,(anonymous_6)
FNDA:0,(anonymous_7)
FNDA:0,(anonymous_8)
FNDA:0,(anonymous_9)
FNDA:0,(anonymous_10)
FNDA:0,(anonymous_11)
FNDA:0,(anonymous_12)
FNDA:0,(anonymous_13)
FNDA:0,(anonymous_14)
FNDA:0,(anonymous_15)
FNDA:0,(anonymous_16)
FNDA:0,(anonymous_17)
FNDA:0,(anonymous_18)
FNDA:0,(anonymous_19)
FNDA:0,(anonymous_20)
DA:1,0
DA:10,0
DA:41,0
DA:43,0
DA:44,0
DA:45,0
DA:48,0
DA:49,0
DA:52,0
DA:54,0
DA:59,0
DA:70,0
DA:71,0
DA:95,0
DA:97,0
DA:105,0
DA:112,0
DA:137,0
DA:139,0
DA:149,0
DA:159,0
DA:160,0
DA:169,0
DA:174,0
DA:189,0
DA:194,0
DA:212,0
DA:217,0
DA:226,0
DA:227,0
DA:230,0
DA:235,0
DA:239,0
DA:248,0
DA:265,0
DA:266,0
DA:267,0
DA:268,0
DA:270,0
DA:277,0
DA:286,0
DA:305,0
DA:310,0
DA:329,0
DA:338,0
DA:344,0
DA:349,0
DA:372,0
DA:373,0
DA:375,0
DA:378,0
DA:385,0
DA:388,0
DA:394,0
DA:395,0
DA:396,0
DA:407,0
DA:430,0
DA:432,0
DA:434,0
DA:442,0
DA:458,0
DA:461,0
DA:462,0
DA:463,0
DA:464,0
DA:478,0
DA:492,0
DA:513,0
DA:515,0
DA:517,0
DA:526,0
DA:544,0
DA:545,0
DA:546,0
DA:547,0
DA:561,0
DA:575,0
DA:585,0
DA:591,0
DA:592,0
DA:593,0
DA:594,0
DA:600,0
DA:604,0
LF:85
LH:0
BRDA:9,0,0,0
BRDA:9,1,0,0
BRDA:43,2,0,0
BRDA:43,2,1,0
BRDA:48,3,0,0
BRDA:48,3,1,0
BRDA:80,4,0,0
BRDA:92,5,0,0
BRDA:93,6,0,0
BRDA:94,7,0,0
BRDA:106,8,0,0
BRDA:106,8,1,0
BRDA:108,9,0,0
BRDA:108,9,1,0
BRDA:108,10,0,0
BRDA:108,10,1,0
BRDA:108,11,0,0
BRDA:108,11,1,0
BRDA:150,12,0,0
BRDA:150,12,1,0
BRDA:152,13,0,0
BRDA:152,13,1,0
BRDA:152,14,0,0
BRDA:152,14,1,0
BRDA:152,15,0,0
BRDA:152,15,1,0
BRDA:227,16,0,0
BRDA:227,16,1,0
BRDA:230,17,0,0
BRDA:230,17,1,0
BRDA:235,18,0,0
BRDA:235,18,1,0
BRDA:285,19,0,0
BRDA:309,20,0,0
BRDA:373,21,0,0
BRDA:373,21,1,0
BRDA:395,22,0,0
BRDA:395,22,1,0
BRDA:397,23,0,0
BRDA:397,23,1,0
BRDA:398,24,0,0
BRDA:398,24,1,0
BRDA:399,25,0,0
BRDA:399,25,1,0
BRDA:400,26,0,0
BRDA:400,26,1,0
BRDA:401,27,0,0
BRDA:401,27,1,0
BRDA:402,28,0,0
BRDA:402,28,1,0
BRDA:416,29,0,0
BRDA:425,30,0,0
BRDA:426,31,0,0
BRDA:427,32,0,0
BRDA:428,33,0,0
BRDA:444,34,0,0
BRDA:444,34,1,0
BRDA:448,35,0,0
BRDA:448,35,1,0
BRDA:449,36,0,0
BRDA:449,36,1,0
BRDA:450,37,0,0
BRDA:450,37,1,0
BRDA:451,38,0,0
BRDA:451,38,1,0
BRDA:461,39,0,0
BRDA:461,39,1,0
BRDA:463,40,0,0
BRDA:463,40,1,0
BRDA:481,41,0,0
BRDA:481,41,1,0
BRDA:482,42,0,0
BRDA:482,42,1,0
BRDA:483,43,0,0
BRDA:483,43,1,0
BRDA:484,44,0,0
BRDA:484,44,1,0
BRDA:485,45,0,0
BRDA:485,45,1,0
BRDA:486,46,0,0
BRDA:486,46,1,0
BRDA:528,47,0,0
BRDA:528,47,1,0
BRDA:532,48,0,0
BRDA:532,48,1,0
BRDA:533,49,0,0
BRDA:533,49,1,0
BRDA:534,50,0,0
BRDA:534,50,1,0
BRDA:535,51,0,0
BRDA:535,51,1,0
BRDA:544,52,0,0
BRDA:544,52,1,0
BRDA:546,53,0,0
BRDA:546,53,1,0
BRDA:564,54,0,0
BRDA:564,54,1,0
BRDA:565,55,0,0
BRDA:565,55,1,0
BRDA:566,56,0,0
BRDA:566,56,1,0
BRDA:567,57,0,0
BRDA:567,57,1,0
BRDA:568,58,0,0
BRDA:568,58,1,0
BRDA:569,59,0,0
BRDA:569,59,1,0
BRF:107
BRH:0
end_of_record
TN:
SF:backend\src\models\StoreOrder.js
FN:5,(anonymous_0)
FN:51,(anonymous_1)
FN:71,(anonymous_2)
FN:172,(anonymous_3)
FN:204,(anonymous_4)
FN:234,(anonymous_5)
FN:266,(anonymous_6)
FN:351,(anonymous_7)
FN:373,(anonymous_8)
FN:374,(anonymous_9)
FN:405,(anonymous_10)
FN:455,(anonymous_11)
FN:485,(anonymous_12)
FN:488,(anonymous_13)
FN:514,(anonymous_14)
FN:573,(anonymous_15)
FN:629,(anonymous_16)
FN:675,(anonymous_17)
FN:681,(anonymous_18)
FN:693,(anonymous_19)
FN:704,(anonymous_20)
FNF:21
FNH:7
FNDA:0,(anonymous_0)
FNDA:2,(anonymous_1)
FNDA:0,(anonymous_2)
FNDA:4,(anonymous_3)
FNDA:0,(anonymous_4)
FNDA:0,(anonymous_5)
FNDA:0,(anonymous_6)
FNDA:0,(anonymous_7)
FNDA:1,(anonymous_8)
FNDA:1,(anonymous_9)
FNDA:0,(anonymous_10)
FNDA:4,(anonymous_11)
FNDA:4,(anonymous_12)
FNDA:2,(anonymous_13)
FNDA:0,(anonymous_14)
FNDA:0,(anonymous_15)
FNDA:0,(anonymous_16)
FNDA:0,(anonymous_17)
FNDA:0,(anonymous_18)
FNDA:0,(anonymous_19)
FNDA:0,(anonymous_20)
DA:1,1
DA:6,0
DA:9,0
DA:10,0
DA:15,0
DA:30,0
DA:31,0
DA:33,0
DA:34,0
DA:36,0
DA:37,0
DA:38,0
DA:39,0
DA:40,0
DA:41,0
DA:46,0
DA:47,0
DA:60,2
DA:63,2
DA:64,0
DA:67,2
DA:68,0
DA:71,2
DA:73,0
DA:75,0
DA:83,0
DA:84,0
DA:87,0
DA:88,0
DA:89,0
DA:91,0
DA:92,0
DA:95,0
DA:107,0
DA:110,0
DA:112,0
DA:117,0
DA:118,0
DA:119,0
DA:122,0
DA:129,0
DA:144,0
DA:145,0
DA:156,0
DA:173,4
DA:182,4
DA:183,4
DA:186,4
DA:198,4
DA:200,4
DA:205,0
DA:214,0
DA:215,0
DA:217,0
DA:228,0
DA:230,0
DA:235,0
DA:236,0
DA:238,0
DA:246,0
DA:249,0
DA:254,0
DA:273,0
DA:275,0
DA:276,0
DA:278,0
DA:279,0
DA:281,0
DA:282,0
DA:283,0
DA:286,0
DA:287,0
DA:288,0
DA:291,0
DA:292,0
DA:293,0
DA:296,0
DA:297,0
DA:298,0
DA:301,0
DA:302,0
DA:303,0
DA:304,0
DA:307,0
DA:309,0
DA:310,0
DA:311,0
DA:313,0
DA:324,0
DA:326,0
DA:329,0
DA:336,0
DA:337,0
DA:339,0
DA:352,0
DA:353,0
DA:354,0
DA:357,0
DA:358,0
DA:359,0
DA:360,0
DA:362,0
DA:368,0
DA:369,0
DA:374,1
DA:376,1
DA:377,1
DA:378,0
DA:381,1
DA:382,0
DA:385,1
DA:386,0
DA:392,1
DA:400,1
DA:406,0
DA:407,0
DA:409,0
DA:410,0
DA:411,0
DA:412,0
DA:413,0
DA:414,0
DA:415,0
DA:416,0
DA:417,0
DA:420,0
DA:436,0
DA:438,0
DA:456,4
DA:458,4
DA:486,4
DA:488,4
DA:506,4
DA:522,0
DA:525,0
DA:526,0
DA:528,0
DA:529,0
DA:530,0
DA:531,0
DA:535,0
DA:543,0
DA:554,0
DA:556,0
DA:569,0
DA:581,0
DA:584,0
DA:585,0
DA:587,0
DA:588,0
DA:589,0
DA:590,0
DA:594,0
DA:605,0
DA:613,0
DA:625,0
DA:630,0
DA:639,0
DA:641,0
DA:642,0
DA:645,0
DA:648,0
DA:649,0
DA:650,0
DA:651,0
DA:653,0
DA:657,0
DA:676,0
DA:677,0
DA:682,0
DA:688,0
DA:689,0
DA:702,0
DA:704,0
DA:706,0
DA:707,0
DA:709,0
DA:710,0
DA:711,0
DA:715,0
DA:723,0
DA:736,0
DA:739,0
DA:740,0
DA:746,0
DA:747,0
DA:762,0
DA:767,1
LF:188
LH:24
BRDA:5,0,0,0
BRDA:6,1,0,0
BRDA:6,1,1,0
BRDA:34,2,0,0
BRDA:34,2,1,0
BRDA:34,3,0,0
BRDA:34,3,1,0
BRDA:38,4,0,0
BRDA:38,4,1,0
BRDA:40,5,0,0
BRDA:40,5,1,0
BRDA:53,6,0,2
BRDA:58,7,0,2
BRDA:59,8,0,0
BRDA:63,9,0,0
BRDA:63,9,1,2
BRDA:63,10,0,2
BRDA:63,10,1,2
BRDA:63,10,2,2
BRDA:63,10,3,2
BRDA:67,11,0,0
BRDA:67,11,1,2
BRDA:67,12,0,2
BRDA:67,12,1,2
BRDA:88,13,0,0
BRDA:88,13,1,0
BRDA:88,14,0,0
BRDA:88,14,1,0
BRDA:88,14,2,0
BRDA:118,15,0,0
BRDA:118,15,1,0
BRDA:144,16,0,0
BRDA:144,16,1,0
BRDA:183,17,0,0
BRDA:183,17,1,4
BRDA:215,18,0,0
BRDA:215,18,1,0
BRDA:234,19,0,0
BRDA:235,20,0,0
BRDA:235,21,0,0
BRDA:266,22,0,0
BRDA:266,23,0,0
BRDA:275,24,0,0
BRDA:275,25,0,0
BRDA:275,26,0,0
BRDA:275,27,0,0
BRDA:281,28,0,0
BRDA:281,28,1,0
BRDA:286,29,0,0
BRDA:286,29,1,0
BRDA:291,30,0,0
BRDA:291,30,1,0
BRDA:296,31,0,0
BRDA:296,31,1,0
BRDA:301,32,0,0
BRDA:301,32,1,0
BRDA:307,33,0,0
BRDA:307,33,1,0
BRDA:310,34,0,0
BRDA:310,34,1,0
BRDA:311,35,0,0
BRDA:311,35,1,0
BRDA:351,36,0,0
BRDA:353,37,0,0
BRDA:353,37,1,0
BRDA:358,38,0,0
BRDA:358,38,1,0
BRDA:359,39,0,0
BRDA:359,39,1,0
BRDA:360,40,0,0
BRDA:360,40,1,0
BRDA:373,41,0,1
BRDA:377,42,0,0
BRDA:377,42,1,1
BRDA:381,43,0,0
BRDA:381,43,1,1
BRDA:385,44,0,0
BRDA:385,44,1,1
BRDA:405,45,0,0
BRDA:405,46,0,0
BRDA:409,47,0,0
BRDA:409,47,1,0
BRDA:409,48,0,0
BRDA:409,48,1,0
BRDA:412,49,0,0
BRDA:412,49,1,0
BRDA:415,50,0,0
BRDA:415,50,1,0
BRDA:440,51,0,0
BRDA:440,51,1,0
BRDA:441,52,0,0
BRDA:441,52,1,0
BRDA:442,53,0,0
BRDA:442,53,1,0
BRDA:456,54,0,0
BRDA:456,54,1,4
BRDA:477,55,0,0
BRDA:477,55,1,4
BRDA:528,56,0,0
BRDA:528,56,1,0
BRDA:528,57,0,0
BRDA:528,57,1,0
BRDA:530,58,0,0
BRDA:530,58,1,0
BRDA:530,59,0,0
BRDA:530,59,1,0
BRDA:531,60,0,0
BRDA:531,60,1,0
BRDA:544,61,0,0
BRDA:544,61,1,0
BRDA:587,62,0,0
BRDA:587,62,1,0
BRDA:587,63,0,0
BRDA:587,63,1,0
BRDA:589,64,0,0
BRDA:589,64,1,0
BRDA:589,65,0,0
BRDA:589,65,1,0
BRDA:590,66,0,0
BRDA:590,66,1,0
BRDA:595,67,0,0
BRDA:595,67,1,0
BRDA:641,68,0,0
BRDA:641,68,1,0
BRDA:649,69,0,0
BRDA:649,69,1,0
BRDA:667,70,0,0
BRDA:667,70,1,0
BRDA:668,71,0,0
BRDA:668,71,1,0
BRDA:695,72,0,0
BRDA:700,73,0,0
BRDA:701,74,0,0
BRF:133
BRH:17
end_of_record
TN:
SF:backend\src\models\StoreOrderItem.js
FN:5,(anonymous_0)
FN:24,(anonymous_1)
FN:42,(anonymous_2)
FN:97,(anonymous_3)
FN:134,(anonymous_4)
FN:153,(anonymous_5)
FN:191,(anonymous_6)
FN:205,(anonymous_7)
FN:271,(anonymous_8)
FN:299,(anonymous_9)
FN:319,(anonymous_10)
FNF:11
FNH:0
FNDA:0,(anonymous_0)
FNDA:0,(anonymous_1)
FNDA:0,(anonymous_2)
FNDA:0,(anonymous_3)
FNDA:0,(anonymous_4)
FNDA:0,(anonymous_5)
FNDA:0,(anonymous_6)
FNDA:0,(anonymous_7)
FNDA:0,(anonymous_8)
FNDA:0,(anonymous_9)
FNDA:0,(anonymous_10)
DA:1,0
DA:6,0
DA:19,0
DA:20,0
DA:25,0
DA:37,0
DA:38,0
DA:47,0
DA:49,0
DA:50,0
DA:54,0
DA:55,0
DA:57,0
DA:58,0
DA:62,0
DA:63,0
DA:67,0
DA:74,0
DA:93,0
DA:98,0
DA:99,0
DA:102,0
DA:103,0
DA:104,0
DA:107,0
DA:108,0
DA:109,0
DA:114,0
DA:120,0
DA:130,0
DA:135,0
DA:136,0
DA:137,0
DA:147,0
DA:149,0
DA:154,0
DA:155,0
DA:157,0
DA:158,0
DA:159,0
DA:160,0
DA:161,0
DA:162,0
DA:163,0
DA:164,0
DA:165,0
DA:168,0
DA:188,0
DA:189,0
DA:191,0
DA:206,0
DA:207,0
DA:209,0
DA:210,0
DA:211,0
DA:212,0
DA:213,0
DA:214,0
DA:215,0
DA:216,0
DA:217,0
DA:220,0
DA:239,0
DA:241,0
DA:242,0
DA:253,0
DA:272,0
DA:273,0
DA:275,0
DA:290,0
DA:293,0
DA:298,0
DA:299,0
DA:320,0
DA:322,0
DA:344,0
LF:76
LH:0
BRDA:38,0,0,0
BRDA:38,0,1,0
BRDA:46,1,0,0
BRDA:49,2,0,0
BRDA:49,2,1,0
BRDA:49,3,0,0
BRDA:49,3,1,0
BRDA:49,3,2,0
BRDA:57,4,0,0
BRDA:57,4,1,0
BRDA:62,5,0,0
BRDA:62,5,1,0
BRDA:98,6,0,0
BRDA:98,6,1,0
BRDA:98,7,0,0
BRDA:98,7,1,0
BRDA:103,8,0,0
BRDA:103,8,1,0
BRDA:136,9,0,0
BRDA:136,9,1,0
BRDA:153,10,0,0
BRDA:153,11,0,0
BRDA:153,12,0,0
BRDA:157,13,0,0
BRDA:157,13,1,0
BRDA:157,14,0,0
BRDA:157,14,1,0
BRDA:160,15,0,0
BRDA:160,15,1,0
BRDA:163,16,0,0
BRDA:163,16,1,0
BRDA:205,17,0,0
BRDA:205,18,0,0
BRDA:209,19,0,0
BRDA:209,19,1,0
BRDA:209,20,0,0
BRDA:209,20,1,0
BRDA:212,21,0,0
BRDA:212,21,1,0
BRDA:215,22,0,0
BRDA:215,22,1,0
BRDA:241,23,0,0
BRDA:241,23,1,0
BRDA:256,24,0,0
BRDA:256,24,1,0
BRDA:257,25,0,0
BRDA:257,25,1,0
BRDA:258,26,0,0
BRDA:258,26,1,0
BRDA:259,27,0,0
BRDA:259,27,1,0
BRDA:260,28,0,0
BRDA:260,28,1,0
BRDA:263,29,0,0
BRDA:263,29,1,0
BRDA:265,30,0,0
BRDA:265,30,1,0
BRDA:271,31,0,0
BRDA:272,32,0,0
BRDA:272,33,0,0
BRDA:320,34,0,0
BRDA:320,34,1,0
BRDA:337,35,0,0
BRDA:337,35,1,0
BRF:64
BRH:0
end_of_record
TN:
SF:backend\src\routes\admin.js
FN:12,(anonymous_0)
FN:65,(anonymous_1)
FN:84,(anonymous_2)
FN:131,(anonymous_3)
FN:143,(anonymous_4)
FN:168,(anonymous_5)
FN:187,(anonymous_6)
FN:204,(anonymous_7)
FN:274,(anonymous_8)
FN:334,(anonymous_9)
FN:351,(anonymous_10)
FN:401,(anonymous_11)
FN:462,(anonymous_12)
FN:496,(anonymous_13)
FN:531,(anonymous_14)
FN:548,(anonymous_15)
FN:595,(anonymous_16)
FN:621,(anonymous_17)
FN:671,(anonymous_18)
FN:709,(anonymous_19)
FN:729,(anonymous_20)
FN:756,(anonymous_21)
FN:802,(anonymous_22)
FN:832,(anonymous_23)
FN:868,(anonymous_24)
FN:910,(anonymous_25)
FN:930,(anonymous_26)
FNF:27
FNH:0
FNDA:0,(anonymous_0)
FNDA:0,(anonymous_1)
FNDA:0,(anonymous_2)
FNDA:0,(anonymous_3)
FNDA:0,(anonymous_4)
FNDA:0,(anonymous_5)
FNDA:0,(anonymous_6)
FNDA:0,(anonymous_7)
FNDA:0,(anonymous_8)
FNDA:0,(anonymous_9)
FNDA:0,(anonymous_10)
FNDA:0,(anonymous_11)
FNDA:0,(anonymous_12)
FNDA:0,(anonymous_13)
FNDA:0,(anonymous_14)
FNDA:0,(anonymous_15)
FNDA:0,(anonymous_16)
FNDA:0,(anonymous_17)
FNDA:0,(anonymous_18)
FNDA:0,(anonymous_19)
FNDA:0,(anonymous_20)
FNDA:0,(anonymous_21)
FNDA:0,(anonymous_22)
FNDA:0,(anonymous_23)
FNDA:0,(anonymous_24)
FNDA:0,(anonymous_25)
FNDA:0,(anonymous_26)
DA:1,0
DA:2,0
DA:3,0
DA:4,0
DA:5,0
DA:6,0
DA:9,0
DA:12,0
DA:13,0
DA:14,0
DA:15,0
DA:17,0
DA:65,0
DA:67,0
DA:78,0
DA:79,0
DA:84,0
DA:85,0
DA:86,0
DA:88,0
DA:89,0
DA:94,0
DA:97,0
DA:107,0
DA:118,0
DA:125,0
DA:126,0
DA:131,0
DA:132,0
DA:133,0
DA:134,0
DA:135,0
DA:137,0
DA:138,0
DA:143,0
DA:144,0
DA:145,0
DA:146,0
DA:148,0
DA:149,0
DA:150,0
DA:153,0
DA:155,0
DA:157,0
DA:162,0
DA:163,0
DA:168,0
DA:169,0
DA:170,0
DA:171,0
DA:173,0
DA:174,0
DA:176,0
DA:181,0
DA:182,0
DA:187,0
DA:188,0
DA:189,0
DA:190,0
DA:191,0
DA:193,0
DA:198,0
DA:199,0
DA:204,0
DA:205,0
DA:206,0
DA:207,0
DA:210,0
DA:211,0
DA:213,0
DA:214,0
DA:215,0
DA:217,0
DA:218,0
DA:219,0
DA:221,0
DA:222,0
DA:223,0
DA:225,0
DA:226,0
DA:227,0
DA:229,0
DA:230,0
DA:231,0
DA:235,0
DA:237,0
DA:238,0
DA:239,0
DA:240,0
DA:241,0
DA:243,0
DA:247,0
DA:248,0
DA:251,0
DA:253,0
DA:259,0
DA:261,0
DA:263,0
DA:268,0
DA:269,0
DA:274,0
DA:275,0
DA:281,0
DA:284,0
DA:290,0
DA:291,0
DA:294,0
DA:298,0
DA:302,0
DA:303,0
DA:306,0
DA:319,0
DA:321,0
DA:327,0
DA:328,0
DA:334,0
DA:335,0
DA:336,0
DA:340,0
DA:345,0
DA:346,0
DA:351,0
DA:352,0
DA:353,0
DA:355,0
DA:356,0
DA:360,0
DA:365,0
DA:366,0
DA:370,0
DA:371,0
DA:374,0
DA:377,0
DA:383,0
DA:388,0
DA:395,0
DA:396,0
DA:401,0
DA:402,0
DA:403,0
DA:404,0
DA:406,0
DA:407,0
DA:411,0
DA:416,0
DA:417,0
DA:421,0
DA:423,0
DA:424,0
DA:427,0
DA:428,0
DA:429,0
DA:430,0
DA:431,0
DA:434,0
DA:435,0
DA:437,0
DA:440,0
DA:445,0
DA:446,0
DA:449,0
DA:456,0
DA:457,0
DA:462,0
DA:463,0
DA:464,0
DA:467,0
DA:472,0
DA:473,0
DA:476,0
DA:479,0
DA:484,0
DA:490,0
DA:491,0
DA:496,0
DA:497,0
DA:498,0
DA:501,0
DA:502,0
DA:506,0
DA:511,0
DA:512,0
DA:516,0
DA:518,0
DA:524,0
DA:525,0
DA:531,0
DA:532,0
DA:533,0
DA:537,0
DA:542,0
DA:543,0
DA:548,0
DA:549,0
DA:559,0
DA:562,0
DA:564,0
DA:566,0
DA:575,0
DA:583,0
DA:589,0
DA:590,0
DA:595,0
DA:596,0
DA:597,0
DA:599,0
DA:600,0
DA:605,0
DA:611,0
DA:612,0
DA:621,0
DA:622,0
DA:623,0
DA:625,0
DA:640,0
DA:642,0
DA:643,0
DA:649,0
DA:655,0
DA:656,0
DA:668,0
DA:671,0
DA:672,0
DA:673,0
DA:674,0
DA:676,0
DA:678,0
DA:679,0
DA:680,0
DA:686,0
DA:687,0
DA:699,0
DA:700,0
DA:709,0
DA:710,0
DA:711,0
DA:712,0
DA:714,0
DA:719,0
DA:720,0
DA:729,0
DA:730,0
DA:731,0
DA:732,0
DA:734,0
DA:735,0
DA:740,0
DA:746,0
DA:747,0
DA:756,0
DA:757,0
DA:758,0
DA:760,0
DA:761,0
DA:767,0
DA:770,0
DA:772,0
DA:773,0
DA:782,0
DA:784,0
DA:790,0
DA:791,0
DA:802,0
DA:803,0
DA:804,0
DA:821,0
DA:826,0
DA:827,0
DA:832,0
DA:833,0
DA:834,0
DA:837,0
DA:838,0
DA:840,0
DA:841,0
DA:847,0
DA:848,0
DA:849,0
DA:852,0
DA:857,0
DA:862,0
DA:863,0
DA:868,0
DA:869,0
DA:870,0
DA:871,0
DA:874,0
DA:875,0
DA:876,0
DA:880,0
DA:881,0
DA:882,0
DA:885,0
DA:889,0
DA:892,0
DA:893,0
DA:894,0
DA:897,0
DA:898,0
DA:900,0
DA:902,0
DA:904,0
DA:905,0
DA:910,0
DA:911,0
DA:912,0
DA:915,0
DA:916,0
DA:917,0
DA:920,0
DA:922,0
DA:924,0
DA:925,0
DA:930,0
DA:931,0
DA:932,0
DA:933,0
DA:936,0
DA:937,0
DA:938,0
DA:941,0
DA:943,0
DA:945,0
DA:946,0
DA:950,0
LF:325
LH:0
BRDA:68,0,0,0
BRDA:68,0,1,0
BRDA:69,1,0,0
BRDA:69,1,1,0
BRDA:70,2,0,0
BRDA:70,2,1,0
BRDA:71,3,0,0
BRDA:71,3,1,0
BRDA:74,4,0,0
BRDA:74,4,1,0
BRDA:88,5,0,0
BRDA:88,5,1,0
BRDA:88,6,0,0
BRDA:88,6,1,0
BRDA:149,7,0,0
BRDA:149,7,1,0
BRDA:213,8,0,0
BRDA:213,8,1,0
BRDA:217,9,0,0
BRDA:217,9,1,0
BRDA:221,10,0,0
BRDA:221,10,1,0
BRDA:225,11,0,0
BRDA:225,11,1,0
BRDA:229,12,0,0
BRDA:229,12,1,0
BRDA:235,13,0,0
BRDA:235,13,1,0
BRDA:238,14,0,0
BRDA:238,14,1,0
BRDA:247,15,0,0
BRDA:247,15,1,0
BRDA:290,16,0,0
BRDA:290,16,1,0
BRDA:303,17,0,0
BRDA:303,17,1,0
BRDA:353,18,0,0
BRDA:353,19,0,0
BRDA:353,20,0,0
BRDA:355,21,0,0
BRDA:355,21,1,0
BRDA:355,22,0,0
BRDA:355,22,1,0
BRDA:355,22,2,0
BRDA:365,23,0,0
BRDA:365,23,1,0
BRDA:374,24,0,0
BRDA:374,24,1,0
BRDA:406,25,0,0
BRDA:406,25,1,0
BRDA:406,26,0,0
BRDA:406,26,1,0
BRDA:416,27,0,0
BRDA:416,27,1,0
BRDA:421,28,0,0
BRDA:421,28,1,0
BRDA:427,29,0,0
BRDA:427,29,1,0
BRDA:445,30,0,0
BRDA:445,30,1,0
BRDA:472,31,0,0
BRDA:472,31,1,0
BRDA:486,32,0,0
BRDA:486,32,1,0
BRDA:501,33,0,0
BRDA:501,33,1,0
BRDA:511,34,0,0
BRDA:511,34,1,0
BRDA:539,35,0,0
BRDA:539,35,1,0
BRDA:564,36,0,0
BRDA:564,36,1,0
BRDA:599,37,0,0
BRDA:599,37,1,0
BRDA:642,38,0,0
BRDA:642,38,1,0
BRDA:673,39,0,0
BRDA:673,40,0,0
BRDA:676,41,0,0
BRDA:676,41,1,0
BRDA:682,42,0,0
BRDA:682,42,1,0
BRDA:734,43,0,0
BRDA:734,43,1,0
BRDA:760,44,0,0
BRDA:760,44,1,0
BRDA:772,45,0,0
BRDA:772,45,1,0
BRDA:834,46,0,0
BRDA:840,47,0,0
BRDA:840,47,1,0
BRDA:848,48,0,0
BRDA:848,48,1,0
BRDA:875,49,0,0
BRDA:875,49,1,0
BRDA:881,50,0,0
BRDA:881,50,1,0
BRDA:892,51,0,0
BRDA:892,51,1,0
BRDA:916,52,0,0
BRDA:916,52,1,0
BRDA:937,53,0,0
BRDA:937,53,1,0
BRF:103
BRH:0
end_of_record
TN:
SF:backend\src\routes\adminStore.js
FN:19,(anonymous_0)
FN:56,(anonymous_1)
FN:76,(anonymous_2)
FN:102,(anonymous_3)
FN:124,(anonymous_4)
FN:143,(anonymous_5)
FN:215,(anonymous_6)
FN:233,(anonymous_7)
FN:253,(anonymous_8)
FN:275,(anonymous_9)
FN:294,(anonymous_10)
FN:317,(anonymous_11)
FN:351,(anonymous_12)
FN:377,(anonymous_13)
FN:406,(anonymous_14)
FN:432,(anonymous_15)
FN:455,(anonymous_16)
FN:480,(anonymous_17)
FN:503,(anonymous_18)
FN:532,(anonymous_19)
FN:533,(anonymous_20)
FN:534,(anonymous_21)
FN:561,(anonymous_22)
FN:562,(anonymous_23)
FN:563,(anonymous_24)
FN:572,(anonymous_25)
FN:590,(anonymous_26)
FNF:27
FNH:0
FNDA:0,(anonymous_0)
FNDA:0,(anonymous_1)
FNDA:0,(anonymous_2)
FNDA:0,(anonymous_3)
FNDA:0,(anonymous_4)
FNDA:0,(anonymous_5)
FNDA:0,(anonymous_6)
FNDA:0,(anonymous_7)
FNDA:0,(anonymous_8)
FNDA:0,(anonymous_9)
FNDA:0,(anonymous_10)
FNDA:0,(anonymous_11)
FNDA:0,(anonymous_12)
FNDA:0,(anonymous_13)
FNDA:0,(anonymous_14)
FNDA:0,(anonymous_15)
FNDA:0,(anonymous_16)
FNDA:0,(anonymous_17)
FNDA:0,(anonymous_18)
FNDA:0,(anonymous_19)
FNDA:0,(anonymous_20)
FNDA:0,(anonymous_21)
FNDA:0,(anonymous_22)
FNDA:0,(anonymous_23)
FNDA:0,(anonymous_24)
FNDA:0,(anonymous_25)
FNDA:0,(anonymous_26)
DA:1,0
DA:2,0
DA:3,0
DA:4,0
DA:5,0
DA:6,0
DA:7,0
DA:8,0
DA:9,0
DA:19,0
DA:20,0
DA:21,0
DA:32,0
DA:39,0
DA:41,0
DA:47,0
DA:48,0
DA:56,0
DA:57,0
DA:58,0
DA:59,0
DA:61,0
DA:67,0
DA:68,0
DA:76,0
DA:77,0
DA:78,0
DA:79,0
DA:81,0
DA:82,0
DA:88,0
DA:93,0
DA:94,0
DA:102,0
DA:103,0
DA:104,0
DA:105,0
DA:107,0
DA:109,0
DA:115,0
DA:116,0
DA:124,0
DA:125,0
DA:126,0
DA:127,0
DA:129,0
DA:134,0
DA:135,0
DA:143,0
DA:144,0
DA:145,0
DA:146,0
DA:148,0
DA:153,0
DA:154,0
DA:215,0
DA:216,0
DA:217,0
DA:219,0
DA:224,0
DA:225,0
DA:233,0
DA:234,0
DA:235,0
DA:236,0
DA:238,0
DA:244,0
DA:245,0
DA:253,0
DA:254,0
DA:255,0
DA:256,0
DA:258,0
DA:260,0
DA:266,0
DA:267,0
DA:275,0
DA:276,0
DA:277,0
DA:278,0
DA:280,0
DA:285,0
DA:286,0
DA:294,0
DA:295,0
DA:296,0
DA:297,0
DA:299,0
DA:304,0
DA:305,0
DA:317,0
DA:318,0
DA:319,0
DA:327,0
DA:334,0
DA:336,0
DA:342,0
DA:343,0
DA:351,0
DA:352,0
DA:353,0
DA:354,0
DA:356,0
DA:357,0
DA:363,0
DA:368,0
DA:369,0
DA:377,0
DA:378,0
DA:379,0
DA:380,0
DA:382,0
DA:383,0
DA:389,0
DA:391,0
DA:397,0
DA:398,0
DA:406,0
DA:407,0
DA:408,0
DA:409,0
DA:411,0
DA:413,0
DA:419,0
DA:420,0
DA:432,0
DA:433,0
DA:434,0
DA:435,0
DA:437,0
DA:446,0
DA:447,0
DA:455,0
DA:456,0
DA:457,0
DA:458,0
DA:460,0
DA:462,0
DA:471,0
DA:472,0
DA:480,0
DA:481,0
DA:482,0
DA:483,0
DA:485,0
DA:494,0
DA:495,0
DA:503,0
DA:504,0
DA:505,0
DA:506,0
DA:508,0
DA:510,0
DA:519,0
DA:520,0
DA:532,0
DA:533,0
DA:534,0
DA:535,0
DA:536,0
DA:543,0
DA:545,0
DA:561,0
DA:562,0
DA:563,0
DA:564,0
DA:565,0
DA:572,0
DA:580,0
DA:590,0
DA:591,0
DA:592,0
DA:593,0
DA:596,0
DA:597,0
DA:604,0
DA:606,0
DA:611,0
DA:612,0
DA:619,0
LF:180
LH:0
BRDA:22,0,0,0
BRDA:22,0,1,0
BRDA:24,1,0,0
BRDA:24,1,1,0
BRDA:25,2,0,0
BRDA:25,2,1,0
BRDA:27,3,0,0
BRDA:27,3,1,0
BRDA:28,4,0,0
BRDA:28,4,1,0
BRDA:33,5,0,0
BRDA:33,5,1,0
BRDA:34,6,0,0
BRDA:34,6,1,0
BRDA:35,7,0,0
BRDA:35,7,1,0
BRDA:36,8,0,0
BRDA:36,8,1,0
BRDA:70,9,0,0
BRDA:70,9,1,0
BRDA:81,10,0,0
BRDA:81,10,1,0
BRDA:118,11,0,0
BRDA:118,11,1,0
BRDA:137,12,0,0
BRDA:137,12,1,0
BRDA:156,13,0,0
BRDA:156,13,1,0
BRDA:247,14,0,0
BRDA:247,14,1,0
BRDA:269,15,0,0
BRDA:269,15,1,0
BRDA:288,16,0,0
BRDA:288,16,1,0
BRDA:307,17,0,0
BRDA:307,17,1,0
BRDA:328,18,0,0
BRDA:328,18,1,0
BRDA:329,19,0,0
BRDA:329,19,1,0
BRDA:330,20,0,0
BRDA:330,20,1,0
BRDA:331,21,0,0
BRDA:331,21,1,0
BRDA:356,22,0,0
BRDA:356,22,1,0
BRDA:382,23,0,0
BRDA:382,23,1,0
BRDA:400,24,0,0
BRDA:400,24,1,0
BRDA:422,25,0,0
BRDA:422,25,1,0
BRDA:441,26,0,0
BRDA:441,26,1,0
BRDA:442,27,0,0
BRDA:442,27,1,0
BRDA:457,28,0,0
BRDA:457,28,1,0
BRDA:466,29,0,0
BRDA:466,29,1,0
BRDA:467,30,0,0
BRDA:467,30,1,0
BRDA:489,31,0,0
BRDA:489,31,1,0
BRDA:490,32,0,0
BRDA:490,32,1,0
BRDA:514,33,0,0
BRDA:514,33,1,0
BRDA:515,34,0,0
BRDA:515,34,1,0
BRDA:535,35,0,0
BRDA:535,35,1,0
BRDA:564,36,0,0
BRDA:564,36,1,0
BRDA:564,37,0,0
BRDA:564,37,1,0
BRDA:596,38,0,0
BRDA:596,38,1,0
BRF:78
BRH:0
end_of_record
TN:
SF:backend\src\routes\auth.js
FN:12,(anonymous_0)
FN:130,(anonymous_1)
FN:189,(anonymous_2)
FN:195,(anonymous_3)
FN:279,(anonymous_4)
FN:291,(anonymous_5)
FN:335,(anonymous_6)
FNF:7
FNH:0
FNDA:0,(anonymous_0)
FNDA:0,(anonymous_1)
FNDA:0,(anonymous_2)
FNDA:0,(anonymous_3)
FNDA:0,(anonymous_4)
FNDA:0,(anonymous_5)
FNDA:0,(anonymous_6)
DA:1,0
DA:2,0
DA:3,0
DA:4,0
DA:5,0
DA:6,0
DA:7,0
DA:12,0
DA:13,0
DA:14,0
DA:15,0
DA:16,0
DA:17,0
DA:18,0
DA:19,0
DA:20,0
DA:24,0
DA:25,0
DA:26,0
DA:30,0
DA:31,0
DA:33,0
DA:35,0
DA:36,0
DA:40,0
DA:44,0
DA:45,0
DA:47,0
DA:48,0
DA:49,0
DA:50,0
DA:51,0
DA:52,0
DA:53,0
DA:54,0
DA:55,0
DA:57,0
DA:59,0
DA:61,0
DA:62,0
DA:63,0
DA:68,0
DA:73,0
DA:74,0
DA:81,0
DA:82,0
DA:83,0
DA:84,0
DA:85,0
DA:87,0
DA:89,0
DA:90,0
DA:92,0
DA:93,0
DA:94,0
DA:97,0
DA:100,0
DA:107,0
DA:109,0
DA:116,0
DA:124,0
DA:125,0
DA:130,0
DA:132,0
DA:133,0
DA:136,0
DA:137,0
DA:140,0
DA:145,0
DA:147,0
DA:148,0
DA:153,0
DA:159,0
DA:162,0
DA:168,0
DA:175,0
DA:183,0
DA:184,0
DA:189,0
DA:190,0
DA:191,0
DA:195,0
DA:196,0
DA:197,0
DA:199,0
DA:200,0
DA:208,0
DA:209,0
DA:211,0
DA:213,0
DA:214,0
DA:215,0
DA:216,0
DA:222,0
DA:228,0
DA:236,0
DA:241,0
DA:242,0
DA:249,0
DA:256,0
DA:263,0
DA:270,0
DA:271,0
DA:279,0
DA:280,0
DA:281,0
DA:285,0
DA:286,0
DA:291,0
DA:292,0
DA:294,0
DA:295,0
DA:298,0
DA:300,0
DA:301,0
DA:305,0
DA:310,0
DA:311,0
DA:315,0
DA:318,0
DA:323,0
DA:329,0
DA:330,0
DA:335,0
DA:336,0
DA:337,0
DA:339,0
DA:340,0
DA:344,0
DA:350,0
DA:351,0
DA:352,0
DA:356,0
DA:359,0
DA:364,0
DA:367,0
DA:368,0
DA:372,0
LF:138
LH:0
BRDA:17,0,0,0
BRDA:17,0,1,0
BRDA:24,1,0,0
BRDA:24,1,1,0
BRDA:24,2,0,0
BRDA:24,2,1,0
BRDA:33,3,0,0
BRDA:33,3,1,0
BRDA:45,4,0,0
BRDA:45,4,1,0
BRDA:47,5,0,0
BRDA:47,5,1,0
BRDA:54,6,0,0
BRDA:54,6,1,0
BRDA:55,7,0,0
BRDA:55,7,1,0
BRDA:61,8,0,0
BRDA:61,8,1,0
BRDA:62,9,0,0
BRDA:62,9,1,0
BRDA:73,10,0,0
BRDA:73,10,1,0
BRDA:73,11,0,0
BRDA:73,11,1,0
BRDA:73,11,2,0
BRDA:83,12,0,0
BRDA:83,12,1,0
BRDA:84,13,0,0
BRDA:84,13,1,0
BRDA:85,14,0,0
BRDA:85,14,1,0
BRDA:89,15,0,0
BRDA:89,15,1,0
BRDA:92,16,0,0
BRDA:92,16,1,0
BRDA:117,17,0,0
BRDA:117,17,1,0
BRDA:132,18,0,0
BRDA:132,18,1,0
BRDA:145,19,0,0
BRDA:145,19,1,0
BRDA:197,20,0,0
BRDA:197,20,1,0
BRDA:199,21,0,0
BRDA:199,21,1,0
BRDA:211,22,0,0
BRDA:211,22,1,0
BRDA:215,23,0,0
BRDA:215,23,1,0
BRDA:215,24,0,0
BRDA:215,24,1,0
BRDA:241,25,0,0
BRDA:241,25,1,0
BRDA:294,26,0,0
BRDA:294,26,1,0
BRDA:298,27,0,0
BRDA:300,28,0,0
BRDA:300,28,1,0
BRDA:300,29,0,0
BRDA:300,29,1,0
BRDA:300,29,2,0
BRDA:310,30,0,0
BRDA:310,30,1,0
BRDA:339,31,0,0
BRDA:339,31,1,0
BRDA:339,32,0,0
BRDA:339,32,1,0
BRDA:351,33,0,0
BRDA:351,33,1,0
BRF:69
BRH:0
end_of_record
TN:
SF:backend\src\routes\clientAuth.js
FN:17,(anonymous_0)
FN:26,(anonymous_1)
FN:110,(anonymous_2)
FN:242,(anonymous_3)
FN:266,(anonymous_4)
FN:298,(anonymous_5)
FN:352,(anonymous_6)
FN:401,(anonymous_7)
FN:429,(anonymous_8)
FN:456,(anonymous_9)
FN:526,(anonymous_10)
FN:589,(anonymous_11)
FN:674,(anonymous_12)
FN:714,(anonymous_13)
FN:766,(anonymous_14)
FN:808,(anonymous_15)
FNF:16
FNH:0
FNDA:0,(anonymous_0)
FNDA:0,(anonymous_1)
FNDA:0,(anonymous_2)
FNDA:0,(anonymous_3)
FNDA:0,(anonymous_4)
FNDA:0,(anonymous_5)
FNDA:0,(anonymous_6)
FNDA:0,(anonymous_7)
FNDA:0,(anonymous_8)
FNDA:0,(anonymous_9)
FNDA:0,(anonymous_10)
FNDA:0,(anonymous_11)
FNDA:0,(anonymous_12)
FNDA:0,(anonymous_13)
FNDA:0,(anonymous_14)
FNDA:0,(anonymous_15)
DA:1,0
DA:2,0
DA:3,0
DA:4,0
DA:5,0
DA:6,0
DA:7,0
DA:8,0
DA:9,0
DA:12,0
DA:13,0
DA:14,0
DA:17,0
DA:18,0
DA:26,0
DA:27,0
DA:28,0
DA:31,0
DA:36,0
DA:37,0
DA:43,0
DA:46,0
DA:47,0
DA:49,0
DA:50,0
DA:55,0
DA:66,0
DA:69,0
DA:70,0
DA:71,0
DA:72,0
DA:75,0
DA:77,0
DA:79,0
DA:84,0
DA:87,0
DA:93,0
DA:95,0
DA:101,0
DA:102,0
DA:110,0
DA:111,0
DA:112,0
DA:113,0
DA:115,0
DA:117,0
DA:118,0
DA:119,0
DA:121,0
DA:122,0
DA:123,0
DA:129,0
DA:130,0
DA:132,0
DA:133,0
DA:135,0
DA:136,0
DA:137,0
DA:144,0
DA:145,0
DA:150,0
DA:151,0
DA:152,0
DA:155,0
DA:156,0
DA:158,0
DA:159,0
DA:164,0
DA:169,0
DA:170,0
DA:173,0
DA:174,0
DA:175,0
DA:180,0
DA:182,0
DA:183,0
DA:185,0
DA:186,0
DA:188,0
DA:189,0
DA:194,0
DA:199,0
DA:201,0
DA:203,0
DA:205,0
DA:206,0
DA:208,0
DA:210,0
DA:217,0
DA:218,0
DA:229,0
DA:230,0
DA:231,0
DA:232,0
DA:233,0
DA:242,0
DA:243,0
DA:244,0
DA:246,0
DA:247,0
DA:253,0
DA:255,0
DA:257,0
DA:258,0
DA:266,0
DA:267,0
DA:268,0
DA:269,0
DA:271,0
DA:272,0
DA:273,0
DA:274,0
DA:275,0
DA:277,0
DA:278,0
DA:283,0
DA:285,0
DA:289,0
DA:290,0
DA:298,0
DA:299,0
DA:300,0
DA:301,0
DA:303,0
DA:304,0
DA:310,0
DA:315,0
DA:316,0
DA:322,0
DA:324,0
DA:325,0
DA:331,0
DA:334,0
DA:339,0
DA:343,0
DA:344,0
DA:352,0
DA:353,0
DA:354,0
DA:356,0
DA:357,0
DA:363,0
DA:368,0
DA:369,0
DA:374,0
DA:377,0
DA:383,0
DA:388,0
DA:392,0
DA:393,0
DA:401,0
DA:402,0
DA:403,0
DA:406,0
DA:407,0
DA:414,0
DA:416,0
DA:420,0
DA:421,0
DA:429,0
DA:430,0
DA:431,0
DA:433,0
DA:434,0
DA:440,0
DA:442,0
DA:447,0
DA:448,0
DA:456,0
DA:457,0
DA:458,0
DA:460,0
DA:461,0
DA:468,0
DA:471,0
DA:473,0
DA:475,0
DA:476,0
DA:479,0
DA:481,0
DA:484,0
DA:496,0
DA:497,0
DA:503,0
DA:505,0
DA:511,0
DA:517,0
DA:518,0
DA:526,0
DA:527,0
DA:528,0
DA:530,0
DA:531,0
DA:538,0
DA:539,0
DA:540,0
DA:547,0
DA:554,0
DA:555,0
DA:562,0
DA:563,0
DA:566,0
DA:573,0
DA:580,0
DA:581,0
DA:589,0
DA:590,0
DA:591,0
DA:593,0
DA:594,0
DA:601,0
DA:602,0
DA:609,0
DA:612,0
DA:622,0
DA:623,0
DA:629,0
DA:632,0
DA:635,0
DA:637,0
DA:639,0
DA:645,0
DA:650,0
DA:652,0
DA:654,0
DA:660,0
DA:661,0
DA:665,0
DA:666,0
DA:674,0
DA:675,0
DA:676,0
DA:678,0
DA:679,0
DA:686,0
DA:689,0
DA:697,0
DA:699,0
DA:705,0
DA:706,0
DA:714,0
DA:715,0
DA:716,0
DA:717,0
DA:718,0
DA:720,0
DA:723,0
DA:738,0
DA:743,0
DA:745,0
DA:757,0
DA:758,0
DA:766,0
DA:767,0
DA:768,0
DA:769,0
DA:771,0
DA:773,0
DA:786,0
DA:787,0
DA:793,0
DA:799,0
DA:800,0
DA:808,0
DA:809,0
DA:810,0
DA:811,0
DA:813,0
DA:816,0
DA:821,0
DA:822,0
DA:828,0
DA:831,0
DA:832,0
DA:839,0
DA:840,0
DA:841,0
DA:842,0
DA:844,0
DA:845,0
DA:852,0
DA:857,0
DA:863,0
DA:864,0
DA:871,0
LF:285
LH:0
BRDA:36,0,0,0
BRDA:36,0,1,0
BRDA:47,1,0,0
BRDA:47,1,1,0
BRDA:47,2,0,0
BRDA:47,2,1,0
BRDA:49,3,0,0
BRDA:49,3,1,0
BRDA:70,4,0,0
BRDA:70,4,1,0
BRDA:70,5,0,0
BRDA:70,5,1,0
BRDA:77,6,0,0
BRDA:77,6,1,0
BRDA:118,7,0,0
BRDA:118,7,1,0
BRDA:119,8,0,0
BRDA:119,8,1,0
BRDA:121,9,0,0
BRDA:121,9,1,0
BRDA:121,10,0,0
BRDA:121,10,1,0
BRDA:135,11,0,0
BRDA:135,11,1,0
BRDA:135,12,0,0
BRDA:135,12,1,0
BRDA:135,12,2,0
BRDA:150,13,0,0
BRDA:150,13,1,0
BRDA:151,14,0,0
BRDA:151,14,1,0
BRDA:155,15,0,0
BRDA:155,15,1,0
BRDA:158,16,0,0
BRDA:158,16,1,0
BRDA:161,17,0,0
BRDA:161,17,1,0
BRDA:173,18,0,0
BRDA:173,18,1,0
BRDA:185,19,0,0
BRDA:185,19,1,0
BRDA:188,20,0,0
BRDA:188,20,1,0
BRDA:191,21,0,0
BRDA:191,21,1,0
BRDA:236,22,0,0
BRDA:236,22,1,0
BRDA:246,23,0,0
BRDA:246,23,1,0
BRDA:272,24,0,0
BRDA:272,24,1,0
BRDA:273,25,0,0
BRDA:273,25,1,0
BRDA:274,26,0,0
BRDA:274,26,1,0
BRDA:275,27,0,0
BRDA:275,27,1,0
BRDA:277,28,0,0
BRDA:277,28,1,0
BRDA:303,29,0,0
BRDA:303,29,1,0
BRDA:303,30,0,0
BRDA:303,30,1,0
BRDA:315,31,0,0
BRDA:315,31,1,0
BRDA:324,32,0,0
BRDA:324,32,1,0
BRDA:356,33,0,0
BRDA:356,33,1,0
BRDA:368,34,0,0
BRDA:368,34,1,0
BRDA:406,35,0,0
BRDA:406,35,1,0
BRDA:433,36,0,0
BRDA:433,36,1,0
BRDA:460,37,0,0
BRDA:460,37,1,0
BRDA:460,38,0,0
BRDA:460,38,1,0
BRDA:473,39,0,0
BRDA:473,39,1,0
BRDA:501,40,0,0
BRDA:501,40,1,0
BRDA:530,41,0,0
BRDA:530,41,1,0
BRDA:530,42,0,0
BRDA:530,42,1,0
BRDA:539,43,0,0
BRDA:539,43,1,0
BRDA:554,44,0,0
BRDA:554,44,1,0
BRDA:554,45,0,0
BRDA:554,45,1,0
BRDA:593,46,0,0
BRDA:593,46,1,0
BRDA:593,47,0,0
BRDA:593,47,1,0
BRDA:601,48,0,0
BRDA:601,48,1,0
BRDA:622,49,0,0
BRDA:622,49,1,0
BRDA:622,50,0,0
BRDA:622,50,1,0
BRDA:678,51,0,0
BRDA:678,51,1,0
BRDA:697,52,0,0
BRDA:697,52,1,0
BRDA:701,53,0,0
BRDA:701,53,1,0
BRDA:716,54,0,0
BRDA:716,55,0,0
BRDA:786,56,0,0
BRDA:786,56,1,0
BRDA:821,57,0,0
BRDA:821,57,1,0
BRDA:831,58,0,0
BRDA:831,58,1,0
BRDA:844,59,0,0
BRDA:844,59,1,0
BRF:119
BRH:0
end_of_record
TN:
SF:backend\src\routes\clientAuthSecure.js
FN:15,(anonymous_0)
FN:29,(anonymous_1)
FN:34,(anonymous_2)
FN:41,(anonymous_3)
FN:55,(anonymous_4)
FN:122,(anonymous_5)
FN:236,(anonymous_6)
FN:285,(anonymous_7)
FN:309,(anonymous_8)
FN:365,(anonymous_9)
FN:436,(anonymous_10)
FN:464,(anonymous_11)
FNF:12
FNH:0
FNDA:0,(anonymous_0)
FNDA:0,(anonymous_1)
FNDA:0,(anonymous_2)
FNDA:0,(anonymous_3)
FNDA:0,(anonymous_4)
FNDA:0,(anonymous_5)
FNDA:0,(anonymous_6)
FNDA:0,(anonymous_7)
FNDA:0,(anonymous_8)
FNDA:0,(anonymous_9)
FNDA:0,(anonymous_10)
FNDA:0,(anonymous_11)
DA:1,0
DA:2,0
DA:3,0
DA:4,0
DA:5,0
DA:6,0
DA:7,0
DA:10,0
DA:11,0
DA:12,0
DA:15,0
DA:16,0
DA:29,0
DA:30,0
DA:34,0
DA:36,0
DA:37,0
DA:41,0
DA:42,0
DA:43,0
DA:50,0
DA:55,0
DA:56,0
DA:57,0
DA:60,0
DA:61,0
DA:67,0
DA:72,0
DA:73,0
DA:79,0
DA:82,0
DA:85,0
DA:92,0
DA:95,0
DA:101,0
DA:104,0
DA:106,0
DA:113,0
DA:114,0
DA:122,0
DA:123,0
DA:124,0
DA:126,0
DA:127,0
DA:133,0
DA:134,0
DA:136,0
DA:137,0
DA:144,0
DA:149,0
DA:151,0
DA:152,0
DA:157,0
DA:159,0
DA:164,0
DA:167,0
DA:168,0
DA:169,0
DA:175,0
DA:177,0
DA:179,0
DA:180,0
DA:185,0
DA:187,0
DA:193,0
DA:196,0
DA:199,0
DA:200,0
DA:206,0
DA:209,0
DA:216,0
DA:227,0
DA:228,0
DA:236,0
DA:237,0
DA:238,0
DA:240,0
DA:241,0
DA:247,0
DA:252,0
DA:253,0
DA:258,0
DA:261,0
DA:267,0
DA:272,0
DA:276,0
DA:277,0
DA:285,0
DA:286,0
DA:287,0
DA:292,0
DA:293,0
DA:298,0
DA:300,0
DA:301,0
DA:309,0
DA:310,0
DA:311,0
DA:312,0
DA:314,0
DA:315,0
DA:316,0
DA:318,0
DA:319,0
DA:320,0
DA:322,0
DA:323,0
DA:324,0
DA:326,0
DA:327,0
DA:328,0
DA:330,0
DA:331,0
DA:332,0
DA:334,0
DA:335,0
DA:336,0
DA:339,0
DA:340,0
DA:345,0
DA:347,0
DA:352,0
DA:356,0
DA:357,0
DA:365,0
DA:366,0
DA:367,0
DA:368,0
DA:370,0
DA:371,0
DA:377,0
DA:378,0
DA:384,0
DA:389,0
DA:390,0
DA:396,0
DA:398,0
DA:399,0
DA:400,0
DA:406,0
DA:409,0
DA:415,0
DA:421,0
DA:423,0
DA:427,0
DA:428,0
DA:436,0
DA:437,0
DA:438,0
DA:441,0
DA:442,0
DA:449,0
DA:451,0
DA:455,0
DA:456,0
DA:464,0
DA:465,0
DA:466,0
DA:471,0
DA:472,0
DA:478,0
DA:483,0
DA:484,0
DA:491,0
LF:164
LH:0
BRDA:41,0,0,0
BRDA:47,1,0,0
BRDA:47,1,1,0
BRDA:57,2,0,0
BRDA:60,3,0,0
BRDA:60,3,1,0
BRDA:72,4,0,0
BRDA:72,4,1,0
BRDA:110,5,0,0
BRDA:110,5,1,0
BRDA:126,6,0,0
BRDA:126,6,1,0
BRDA:126,7,0,0
BRDA:126,7,1,0
BRDA:136,8,0,0
BRDA:136,8,1,0
BRDA:136,9,0,0
BRDA:136,9,1,0
BRDA:136,9,2,0
BRDA:149,10,0,0
BRDA:149,10,1,0
BRDA:151,11,0,0
BRDA:151,11,1,0
BRDA:154,12,0,0
BRDA:154,12,1,0
BRDA:167,13,0,0
BRDA:167,13,1,0
BRDA:177,14,0,0
BRDA:177,14,1,0
BRDA:179,15,0,0
BRDA:179,15,1,0
BRDA:182,16,0,0
BRDA:182,16,1,0
BRDA:240,17,0,0
BRDA:240,17,1,0
BRDA:252,18,0,0
BRDA:252,18,1,0
BRDA:292,19,0,0
BRDA:292,19,1,0
BRDA:318,20,0,0
BRDA:318,20,1,0
BRDA:322,21,0,0
BRDA:322,21,1,0
BRDA:326,22,0,0
BRDA:326,22,1,0
BRDA:330,23,0,0
BRDA:330,23,1,0
BRDA:334,24,0,0
BRDA:334,24,1,0
BRDA:339,25,0,0
BRDA:339,25,1,0
BRDA:370,26,0,0
BRDA:370,26,1,0
BRDA:370,27,0,0
BRDA:370,27,1,0
BRDA:377,28,0,0
BRDA:377,28,1,0
BRDA:389,29,0,0
BRDA:389,29,1,0
BRDA:398,30,0,0
BRDA:398,30,1,0
BRDA:441,31,0,0
BRDA:441,31,1,0
BRDA:471,32,0,0
BRDA:471,32,1,0
BRF:65
BRH:0
end_of_record
TN:
SF:backend\src\routes\clients.js
FN:10,(anonymous_0)
FN:35,(anonymous_1)
FN:52,(anonymous_2)
FN:81,(anonymous_3)
FN:105,(anonymous_4)
FN:136,(anonymous_5)
FN:156,(anonymous_6)
FNF:7
FNH:0
FNDA:0,(anonymous_0)
FNDA:0,(anonymous_1)
FNDA:0,(anonymous_2)
FNDA:0,(anonymous_3)
FNDA:0,(anonymous_4)
FNDA:0,(anonymous_5)
FNDA:0,(anonymous_6)
DA:1,0
DA:2,0
DA:3,0
DA:4,0
DA:7,0
DA:10,0
DA:11,0
DA:12,0
DA:13,0
DA:14,0
DA:16,0
DA:17,0
DA:19,0
DA:29,0
DA:30,0
DA:35,0
DA:36,0
DA:37,0
DA:38,0
DA:40,0
DA:41,0
DA:44,0
DA:46,0
DA:47,0
DA:52,0
DA:53,0
DA:54,0
DA:55,0
DA:57,0
DA:58,0
DA:59,0
DA:62,0
DA:63,0
DA:65,0
DA:75,0
DA:76,0
DA:81,0
DA:82,0
DA:83,0
DA:86,0
DA:87,0
DA:88,0
DA:91,0
DA:92,0
DA:94,0
DA:99,0
DA:100,0
DA:105,0
DA:106,0
DA:107,0
DA:108,0
DA:111,0
DA:112,0
DA:113,0
DA:117,0
DA:118,0
DA:119,0
DA:122,0
DA:123,0
DA:125,0
DA:130,0
DA:131,0
DA:136,0
DA:137,0
DA:138,0
DA:141,0
DA:142,0
DA:143,0
DA:146,0
DA:148,0
DA:150,0
DA:151,0
DA:156,0
DA:157,0
DA:158,0
DA:159,0
DA:161,0
DA:163,0
DA:165,0
DA:166,0
DA:170,0
LF:81
LH:0
BRDA:12,0,0,0
BRDA:12,0,1,0
BRDA:13,1,0,0
BRDA:13,1,1,0
BRDA:14,2,0,0
BRDA:14,2,1,0
BRDA:40,3,0,0
BRDA:40,3,1,0
BRDA:55,4,0,0
BRDA:55,4,1,0
BRDA:58,5,0,0
BRDA:58,5,1,0
BRDA:87,6,0,0
BRDA:87,6,1,0
BRDA:112,7,0,0
BRDA:112,7,1,0
BRDA:118,8,0,0
BRDA:118,8,1,0
BRDA:142,9,0,0
BRDA:142,9,1,0
BRDA:159,10,0,0
BRDA:159,10,1,0
BRF:22
BRH:0
end_of_record
TN:
SF:backend\src\routes\draftStats.js
FNF:0
FNH:0
LF:0
LH:0
BRF:0
BRH:0
end_of_record
TN:
SF:backend\src\routes\inventaire.js
FN:10,(anonymous_0)
FN:88,(anonymous_1)
FN:107,(anonymous_2)
FN:165,(anonymous_3)
FN:228,(anonymous_4)
FN:299,(anonymous_5)
FN:323,(anonymous_6)
FN:342,(anonymous_7)
FN:343,(anonymous_8)
FN:352,(anonymous_9)
FN:372,(anonymous_10)
FNF:11
FNH:0
FNDA:0,(anonymous_0)
FNDA:0,(anonymous_1)
FNDA:0,(anonymous_2)
FNDA:0,(anonymous_3)
FNDA:0,(anonymous_4)
FNDA:0,(anonymous_5)
FNDA:0,(anonymous_6)
FNDA:0,(anonymous_7)
FNDA:0,(anonymous_8)
FNDA:0,(anonymous_9)
FNDA:0,(anonymous_10)
DA:1,0
DA:2,0
DA:3,0
DA:4,0
DA:7,0
DA:10,0
DA:11,0
DA:12,0
DA:13,0
DA:14,0
DA:15,0
DA:16,0
DA:18,0
DA:19,0
DA:21,0
DA:22,0
DA:23,0
DA:24,0
DA:27,0
DA:28,0
DA:29,0
DA:32,0
DA:33,0
DA:36,0
DA:37,0
DA:40,0
DA:63,0
DA:64,0
DA:67,0
DA:68,0
DA:69,0
DA:70,0
DA:72,0
DA:82,0
DA:83,0
DA:88,0
DA:89,0
DA:90,0
DA:92,0
DA:93,0
DA:95,0
DA:96,0
DA:99,0
DA:101,0
DA:102,0
DA:107,0
DA:108,0
DA:113,0
DA:116,0
DA:117,0
DA:123,0
DA:124,0
DA:129,0
DA:130,0
DA:134,0
DA:142,0
DA:149,0
DA:154,0
DA:159,0
DA:160,0
DA:165,0
DA:166,0
DA:167,0
DA:172,0
DA:175,0
DA:180,0
DA:181,0
DA:185,0
DA:186,0
DA:191,0
DA:192,0
DA:196,0
DA:205,0
DA:212,0
DA:217,0
DA:222,0
DA:223,0
DA:228,0
DA:229,0
DA:230,0
DA:231,0
DA:233,0
DA:234,0
DA:240,0
DA:245,0
DA:246,0
DA:249,0
DA:252,0
DA:253,0
DA:254,0
DA:255,0
DA:257,0
DA:258,0
DA:263,0
DA:269,0
DA:276,0
DA:281,0
DA:293,0
DA:294,0
DA:299,0
DA:300,0
DA:301,0
DA:304,0
DA:309,0
DA:310,0
DA:313,0
DA:315,0
DA:317,0
DA:318,0
DA:323,0
DA:324,0
DA:325,0
DA:337,0
DA:339,0
DA:342,0
DA:343,0
DA:346,0
DA:347,0
DA:352,0
DA:353,0
DA:354,0
DA:371,0
DA:372,0
DA:375,0
DA:383,0
DA:384,0
DA:388,0
LF:127
LH:0
BRDA:12,0,0,0
BRDA:12,0,1,0
BRDA:13,1,0,0
BRDA:13,1,1,0
BRDA:14,2,0,0
BRDA:14,2,1,0
BRDA:15,3,0,0
BRDA:15,3,1,0
BRDA:21,4,0,0
BRDA:21,4,1,0
BRDA:27,5,0,0
BRDA:27,5,1,0
BRDA:32,6,0,0
BRDA:32,6,1,0
BRDA:95,7,0,0
BRDA:95,7,1,0
BRDA:116,8,0,0
BRDA:116,8,1,0
BRDA:116,9,0,0
BRDA:116,9,1,0
BRDA:116,9,2,0
BRDA:123,10,0,0
BRDA:123,10,1,0
BRDA:129,11,0,0
BRDA:129,11,1,0
BRDA:144,12,0,0
BRDA:144,12,1,0
BRDA:180,13,0,0
BRDA:180,13,1,0
BRDA:185,14,0,0
BRDA:185,14,1,0
BRDA:185,15,0,0
BRDA:185,15,1,0
BRDA:191,16,0,0
BRDA:191,16,1,0
BRDA:233,17,0,0
BRDA:233,17,1,0
BRDA:233,18,0,0
BRDA:233,18,1,0
BRDA:245,19,0,0
BRDA:245,19,1,0
BRDA:252,20,0,0
BRDA:252,20,1,0
BRDA:254,21,0,0
BRDA:254,21,1,0
BRDA:257,22,0,0
BRDA:257,22,1,0
BRDA:282,23,0,0
BRDA:282,23,1,0
BRDA:309,24,0,0
BRDA:309,24,1,0
BRDA:377,25,0,0
BRDA:377,25,1,0
BRF:53
BRH:0
end_of_record
TN:
SF:backend\src\routes\jotform.js
FN:111,extractFieldValue
FN:129,(anonymous_1)
FN:130,(anonymous_2)
FN:158,(anonymous_3)
FN:164,(anonymous_4)
FN:175,formatJotFormDate
FN:188,formatFieldDisplay
FN:233,(anonymous_7)
FN:249,(anonymous_8)
FN:250,(anonymous_9)
FN:263,sendTelegramNotification
FN:297,(anonymous_11)
FN:305,(anonymous_12)
FN:320,(anonymous_13)
FN:361,(anonymous_14)
FN:372,(anonymous_15)
FN:391,(anonymous_16)
FN:508,(anonymous_17)
FN:576,(anonymous_18)
FN:637,(anonymous_19)
FN:665,(anonymous_20)
FN:721,(anonymous_21)
FN:791,(anonymous_22)
FN:829,(anonymous_23)
FN:839,(anonymous_24)
FN:856,(anonymous_25)
FN:866,(anonymous_26)
FN:884,(anonymous_27)
FNF:28
FNH:0
FNDA:0,extractFieldValue
FNDA:0,(anonymous_1)
FNDA:0,(anonymous_2)
FNDA:0,(anonymous_3)
FNDA:0,(anonymous_4)
FNDA:0,formatJotFormDate
FNDA:0,formatFieldDisplay
FNDA:0,(anonymous_7)
FNDA:0,(anonymous_8)
FNDA:0,(anonymous_9)
FNDA:0,sendTelegramNotification
FNDA:0,(anonymous_11)
FNDA:0,(anonymous_12)
FNDA:0,(anonymous_13)
FNDA:0,(anonymous_14)
FNDA:0,(anonymous_15)
FNDA:0,(anonymous_16)
FNDA:0,(anonymous_17)
FNDA:0,(anonymous_18)
FNDA:0,(anonymous_19)
FNDA:0,(anonymous_20)
FNDA:0,(anonymous_21)
FNDA:0,(anonymous_22)
FNDA:0,(anonymous_23)
FNDA:0,(anonymous_24)
FNDA:0,(anonymous_25)
FNDA:0,(anonymous_26)
FNDA:0,(anonymous_27)
DA:1,0
DA:2,0
DA:3,0
DA:6,0
DA:7,0
DA:10,0
DA:11,0
DA:12,0
DA:16,0
DA:112,0
DA:113,0
DA:115,0
DA:118,0
DA:119,0
DA:123,0
DA:125,0
DA:126,0
DA:129,0
DA:130,0
DA:131,0
DA:132,0
DA:136,0
DA:137,0
DA:141,0
DA:142,0
DA:149,0
DA:153,0
DA:154,0
DA:158,0
DA:159,0
DA:161,0
DA:162,0
DA:164,0
DA:167,0
DA:171,0
DA:176,0
DA:177,0
DA:179,0
DA:180,0
DA:181,0
DA:184,0
DA:189,0
DA:190,0
DA:192,0
DA:194,0
DA:197,0
DA:198,0
DA:202,0
DA:203,0
DA:207,0
DA:208,0
DA:212,0
DA:213,0
DA:220,0
DA:224,0
DA:226,0
DA:230,0
DA:233,0
DA:235,0
DA:240,0
DA:242,0
DA:243,0
DA:244,0
DA:248,0
DA:249,0
DA:252,0
DA:253,0
DA:259,0
DA:264,0
DA:265,0
DA:266,0
DA:269,0
DA:270,0
DA:285,0
DA:290,0
DA:292,0
DA:297,0
DA:298,0
DA:302,0
DA:303,0
DA:305,0
DA:306,0
DA:307,0
DA:308,0
DA:310,0
DA:320,0
DA:321,0
DA:322,0
DA:324,0
DA:325,0
DA:326,0
DA:330,0
DA:343,0
DA:346,0
DA:348,0
DA:355,0
DA:356,0
DA:361,0
DA:362,0
DA:372,0
DA:373,0
DA:375,0
DA:376,0
DA:378,0
DA:380,0
DA:384,0
DA:385,0
DA:388,0
DA:389,0
DA:390,0
DA:391,0
DA:392,0
DA:395,0
DA:420,0
DA:422,0
DA:423,0
DA:425,0
DA:426,0
DA:427,0
DA:430,0
DA:431,0
DA:432,0
DA:433,0
DA:434,0
DA:435,0
DA:436,0
DA:438,0
DA:439,0
DA:440,0
DA:444,0
DA:447,0
DA:467,0
DA:470,0
DA:471,0
DA:472,0
DA:474,0
DA:475,0
DA:476,0
DA:477,0
DA:478,0
DA:479,0
DA:480,0
DA:481,0
DA:483,0
DA:484,0
DA:485,0
DA:486,0
DA:487,0
DA:488,0
DA:491,0
DA:492,0
DA:493,0
DA:494,0
DA:495,0
DA:497,0
DA:498,0
DA:499,0
DA:500,0
DA:501,0
DA:505,0
DA:506,0
DA:508,0
DA:509,0
DA:510,0
DA:513,0
DA:514,0
DA:515,0
DA:516,0
DA:517,0
DA:518,0
DA:519,0
DA:521,0
DA:524,0
DA:526,0
DA:530,0
DA:557,0
DA:562,0
DA:563,0
DA:566,0
DA:567,0
DA:576,0
DA:577,0
DA:578,0
DA:581,0
DA:585,0
DA:586,0
DA:588,0
DA:590,0
DA:591,0
DA:598,0
DA:599,0
DA:600,0
DA:602,0
DA:621,0
DA:622,0
DA:623,0
DA:625,0
DA:629,0
DA:630,0
DA:633,0
DA:636,0
DA:637,0
DA:641,0
DA:644,0
DA:652,0
DA:655,0
DA:656,0
DA:665,0
DA:666,0
DA:667,0
DA:668,0
DA:670,0
DA:674,0
DA:675,0
DA:676,0
DA:679,0
DA:681,0
DA:683,0
DA:684,0
DA:686,0
DA:697,0
DA:703,0
DA:709,0
DA:715,0
DA:717,0
DA:720,0
DA:721,0
DA:722,0
DA:723,0
DA:724,0
DA:725,0
DA:726,0
DA:727,0
DA:731,0
DA:742,0
DA:764,0
DA:767,0
DA:768,0
DA:769,0
DA:774,0
DA:775,0
DA:777,0
DA:780,0
DA:781,0
DA:791,0
DA:792,0
DA:794,0
DA:795,0
DA:797,0
DA:798,0
DA:804,0
DA:805,0
DA:806,0
DA:811,0
DA:820,0
DA:821,0
DA:829,0
DA:830,0
DA:832,0
DA:833,0
DA:836,0
DA:839,0
DA:840,0
DA:842,0
DA:843,0
DA:844,0
DA:847,0
DA:849,0
DA:850,0
DA:851,0
DA:855,0
DA:856,0
DA:857,0
DA:860,0
DA:864,0
DA:866,0
DA:867,0
DA:870,0
DA:877,0
DA:880,0
DA:883,0
DA:884,0
DA:885,0
DA:888,0
DA:894,0
DA:896,0
DA:897,0
DA:898,0
DA:900,0
DA:907,0
DA:908,0
DA:916,0
DA:917,0
DA:925,0
LF:294
LH:0
BRDA:10,0,0,0
BRDA:10,0,1,0
BRDA:10,1,0,0
BRDA:10,1,1,0
BRDA:111,2,0,0
BRDA:113,3,0,0
BRDA:113,3,1,0
BRDA:113,4,0,0
BRDA:113,4,1,0
BRDA:118,5,0,0
BRDA:118,5,1,0
BRDA:118,6,0,0
BRDA:118,6,1,0
BRDA:119,7,0,0
BRDA:119,7,1,0
BRDA:123,8,0,0
BRDA:123,8,1,0
BRDA:125,9,0,0
BRDA:125,9,1,0
BRDA:125,10,0,0
BRDA:125,10,1,0
BRDA:126,11,0,0
BRDA:126,11,1,0
BRDA:126,12,0,0
BRDA:126,12,1,0
BRDA:131,13,0,0
BRDA:131,13,1,0
BRDA:131,14,0,0
BRDA:131,14,1,0
BRDA:132,15,0,0
BRDA:132,15,1,0
BRDA:132,16,0,0
BRDA:132,16,1,0
BRDA:136,17,0,0
BRDA:136,17,1,0
BRDA:141,18,0,0
BRDA:141,18,1,0
BRDA:141,19,0,0
BRDA:141,19,1,0
BRDA:141,19,2,0
BRDA:153,20,0,0
BRDA:153,20,1,0
BRDA:153,21,0,0
BRDA:153,21,1,0
BRDA:153,21,2,0
BRDA:158,22,0,0
BRDA:158,22,1,0
BRDA:158,22,2,0
BRDA:159,23,0,0
BRDA:159,23,1,0
BRDA:162,24,0,0
BRDA:162,24,1,0
BRDA:177,25,0,0
BRDA:177,25,1,0
BRDA:177,26,0,0
BRDA:177,26,1,0
BRDA:179,27,0,0
BRDA:179,27,1,0
BRDA:179,28,0,0
BRDA:179,28,1,0
BRDA:192,29,0,0
BRDA:192,29,1,0
BRDA:192,30,0,0
BRDA:192,30,1,0
BRDA:197,31,0,0
BRDA:197,31,1,0
BRDA:197,32,0,0
BRDA:197,32,1,0
BRDA:197,32,2,0
BRDA:198,33,0,0
BRDA:198,33,1,0
BRDA:198,34,0,0
BRDA:198,34,1,0
BRDA:202,35,0,0
BRDA:202,35,1,0
BRDA:202,36,0,0
BRDA:202,36,1,0
BRDA:207,37,0,0
BRDA:207,37,1,0
BRDA:207,38,0,0
BRDA:207,38,1,0
BRDA:212,39,0,0
BRDA:212,39,1,0
BRDA:212,40,0,0
BRDA:212,40,1,0
BRDA:212,40,2,0
BRDA:212,40,3,0
BRDA:220,41,0,0
BRDA:220,41,1,0
BRDA:224,42,0,0
BRDA:224,42,1,0
BRDA:230,43,0,0
BRDA:230,43,1,0
BRDA:230,44,0,0
BRDA:230,44,1,0
BRDA:230,44,2,0
BRDA:230,44,3,0
BRDA:240,45,0,0
BRDA:240,45,1,0
BRDA:243,46,0,0
BRDA:243,46,1,0
BRDA:248,47,0,0
BRDA:248,47,1,0
BRDA:249,48,0,0
BRDA:249,48,1,0
BRDA:249,48,2,0
BRDA:264,49,0,0
BRDA:264,49,1,0
BRDA:264,50,0,0
BRDA:264,50,1,0
BRDA:274,51,0,0
BRDA:274,51,1,0
BRDA:275,52,0,0
BRDA:275,52,1,0
BRDA:277,53,0,0
BRDA:277,53,1,0
BRDA:278,54,0,0
BRDA:278,54,1,0
BRDA:325,55,0,0
BRDA:325,55,1,0
BRDA:331,56,0,0
BRDA:331,56,1,0
BRDA:333,57,0,0
BRDA:333,57,1,0
BRDA:334,58,0,0
BRDA:334,58,1,0
BRDA:335,59,0,0
BRDA:335,59,1,0
BRDA:336,60,0,0
BRDA:336,60,1,0
BRDA:337,61,0,0
BRDA:337,61,1,0
BRDA:339,62,0,0
BRDA:339,62,1,0
BRDA:340,63,0,0
BRDA:340,63,1,0
BRDA:375,64,0,0
BRDA:375,64,1,0
BRDA:376,65,0,0
BRDA:376,65,1,0
BRDA:385,66,0,0
BRDA:385,66,1,0
BRDA:388,67,0,0
BRDA:388,67,1,0
BRDA:388,68,0,0
BRDA:388,68,1,0
BRDA:390,69,0,0
BRDA:390,69,1,0
BRDA:415,70,0,0
BRDA:415,70,1,0
BRDA:416,71,0,0
BRDA:416,71,1,0
BRDA:420,72,0,0
BRDA:420,72,1,0
BRDA:420,73,0,0
BRDA:420,73,1,0
BRDA:426,74,0,0
BRDA:426,74,1,0
BRDA:433,75,0,0
BRDA:433,75,1,0
BRDA:433,76,0,0
BRDA:433,76,1,0
BRDA:434,77,0,0
BRDA:434,77,1,0
BRDA:435,78,0,0
BRDA:435,78,1,0
BRDA:435,78,2,0
BRDA:436,79,0,0
BRDA:436,79,1,0
BRDA:436,79,2,0
BRDA:439,80,0,0
BRDA:439,80,1,0
BRDA:440,81,0,0
BRDA:440,81,1,0
BRDA:444,82,0,0
BRDA:444,82,1,0
BRDA:444,83,0,0
BRDA:444,83,1,0
BRDA:444,84,0,0
BRDA:444,84,1,0
BRDA:451,85,0,0
BRDA:451,85,1,0
BRDA:475,86,0,0
BRDA:475,86,1,0
BRDA:476,87,0,0
BRDA:476,87,1,0
BRDA:477,88,0,0
BRDA:477,88,1,0
BRDA:478,89,0,0
BRDA:478,89,1,0
BRDA:479,90,0,0
BRDA:479,90,1,0
BRDA:480,91,0,0
BRDA:480,91,1,0
BRDA:483,92,0,0
BRDA:483,92,1,0
BRDA:483,93,0,0
BRDA:483,93,1,0
BRDA:483,93,2,0
BRDA:485,94,0,0
BRDA:485,94,1,0
BRDA:486,95,0,0
BRDA:486,95,1,0
BRDA:487,96,0,0
BRDA:487,96,1,0
BRDA:492,97,0,0
BRDA:492,97,1,0
BRDA:493,98,0,0
BRDA:493,98,1,0
BRDA:494,99,0,0
BRDA:494,99,1,0
BRDA:497,100,0,0
BRDA:497,100,1,0
BRDA:497,101,0,0
BRDA:497,101,1,0
BRDA:499,102,0,0
BRDA:499,102,1,0
BRDA:500,103,0,0
BRDA:500,103,1,0
BRDA:510,104,0,0
BRDA:510,104,1,0
BRDA:513,105,0,0
BRDA:513,105,1,0
BRDA:517,106,0,0
BRDA:517,106,1,0
BRDA:586,107,0,0
BRDA:586,107,1,0
BRDA:590,108,0,0
BRDA:590,108,1,0
BRDA:630,109,0,0
BRDA:630,109,1,0
BRDA:636,110,0,0
BRDA:636,110,1,0
BRDA:676,111,0,0
BRDA:676,111,1,0
BRDA:679,112,0,0
BRDA:679,112,1,0
BRDA:681,113,0,0
BRDA:681,113,1,0
BRDA:683,114,0,0
BRDA:683,114,1,0
BRDA:684,115,0,0
BRDA:684,115,1,0
BRDA:689,116,0,0
BRDA:689,116,1,0
BRDA:690,117,0,0
BRDA:690,117,1,0
BRDA:690,117,2,0
BRDA:691,118,0,0
BRDA:691,118,1,0
BRDA:692,119,0,0
BRDA:692,119,1,0
BRDA:693,120,0,0
BRDA:693,120,1,0
BRDA:694,121,0,0
BRDA:694,121,1,0
BRDA:698,122,0,0
BRDA:698,122,1,0
BRDA:699,123,0,0
BRDA:699,123,1,0
BRDA:700,124,0,0
BRDA:700,124,1,0
BRDA:704,125,0,0
BRDA:704,125,1,0
BRDA:705,126,0,0
BRDA:705,126,1,0
BRDA:706,127,0,0
BRDA:706,127,1,0
BRDA:710,128,0,0
BRDA:710,128,1,0
BRDA:711,129,0,0
BRDA:711,129,1,0
BRDA:723,130,0,0
BRDA:723,130,1,0
BRDA:723,131,0,0
BRDA:723,131,1,0
BRDA:725,132,0,0
BRDA:725,132,1,0
BRDA:768,133,0,0
BRDA:768,133,1,0
BRDA:770,134,0,0
BRDA:770,134,1,0
BRDA:797,135,0,0
BRDA:797,135,1,0
BRDA:806,136,0,0
BRDA:806,136,1,0
BRDA:840,137,0,0
BRDA:840,137,1,0
BRDA:840,138,0,0
BRDA:840,138,1,0
BRDA:843,139,0,0
BRDA:843,139,1,0
BRDA:847,140,0,0
BRDA:847,140,1,0
BRDA:850,141,0,0
BRDA:850,141,1,0
BRDA:855,142,0,0
BRDA:855,142,1,0
BRDA:864,143,0,0
BRDA:864,143,1,0
BRDA:896,144,0,0
BRDA:896,144,1,0
BRDA:896,145,0,0
BRDA:896,145,1,0
BRDA:910,146,0,0
BRDA:910,146,1,0
BRF:306
BRH:0
end_of_record
TN:
SF:backend\src\routes\memberships.js
FN:7,(anonymous_0)
FN:18,(anonymous_1)
FN:38,(anonymous_2)
FN:62,(anonymous_3)
FN:80,(anonymous_4)
FNF:5
FNH:0
FNDA:0,(anonymous_0)
FNDA:0,(anonymous_1)
FNDA:0,(anonymous_2)
FNDA:0,(anonymous_3)
FNDA:0,(anonymous_4)
DA:1,0
DA:2,0
DA:3,0
DA:4,0
DA:7,0
DA:8,0
DA:9,0
DA:10,0
DA:12,0
DA:13,0
DA:18,0
DA:19,0
DA:20,0
DA:21,0
DA:23,0
DA:24,0
DA:27,0
DA:29,0
DA:30,0
DA:35,0
DA:38,0
DA:39,0
DA:40,0
DA:42,0
DA:43,0
DA:48,0
DA:49,0
DA:51,0
DA:56,0
DA:57,0
DA:62,0
DA:63,0
DA:64,0
DA:66,0
DA:67,0
DA:69,0
DA:74,0
DA:75,0
DA:80,0
DA:81,0
DA:82,0
DA:84,0
DA:86,0
DA:88,0
DA:89,0
DA:93,0
LF:46
LH:0
BRDA:23,0,0,0
BRDA:23,0,1,0
BRDA:42,1,0,0
BRDA:42,1,1,0
BRDA:42,2,0,0
BRDA:42,2,1,0
BRDA:42,2,2,0
BRF:7
BRH:0
end_of_record
TN:
SF:backend\src\routes\public.js
FN:10,(anonymous_0)
FN:26,(anonymous_1)
FN:70,(anonymous_2)
FN:85,(anonymous_3)
FN:100,(anonymous_4)
FN:111,(anonymous_5)
FN:122,(anonymous_6)
FN:134,(anonymous_7)
FN:146,(anonymous_8)
FN:158,(anonymous_9)
FN:170,(anonymous_10)
FN:181,(anonymous_11)
FN:196,(anonymous_12)
FN:213,(anonymous_13)
FN:225,(anonymous_14)
FN:237,(anonymous_15)
FN:285,(anonymous_16)
FN:341,(anonymous_17)
FN:367,(anonymous_18)
FN:385,(anonymous_19)
FN:433,(anonymous_20)
FNF:21
FNH:0
FNDA:0,(anonymous_0)
FNDA:0,(anonymous_1)
FNDA:0,(anonymous_2)
FNDA:0,(anonymous_3)
FNDA:0,(anonymous_4)
FNDA:0,(anonymous_5)
FNDA:0,(anonymous_6)
FNDA:0,(anonymous_7)
FNDA:0,(anonymous_8)
FNDA:0,(anonymous_9)
FNDA:0,(anonymous_10)
FNDA:0,(anonymous_11)
FNDA:0,(anonymous_12)
FNDA:0,(anonymous_13)
FNDA:0,(anonymous_14)
FNDA:0,(anonymous_15)
FNDA:0,(anonymous_16)
FNDA:0,(anonymous_17)
FNDA:0,(anonymous_18)
FNDA:0,(anonymous_19)
FNDA:0,(anonymous_20)
DA:1,0
DA:2,0
DA:3,0
DA:4,0
DA:5,0
DA:10,0
DA:11,0
DA:12,0
DA:18,0
DA:20,0
DA:23,0
DA:26,0
DA:27,0
DA:30,0
DA:32,0
DA:35,0
DA:38,0
DA:46,0
DA:53,0
DA:60,0
DA:61,0
DA:70,0
DA:71,0
DA:72,0
DA:77,0
DA:79,0
DA:80,0
DA:85,0
DA:86,0
DA:87,0
DA:92,0
DA:94,0
DA:95,0
DA:100,0
DA:101,0
DA:102,0
DA:103,0
DA:105,0
DA:106,0
DA:111,0
DA:112,0
DA:113,0
DA:114,0
DA:116,0
DA:117,0
DA:122,0
DA:123,0
DA:124,0
DA:125,0
DA:126,0
DA:128,0
DA:129,0
DA:134,0
DA:135,0
DA:136,0
DA:137,0
DA:138,0
DA:140,0
DA:141,0
DA:146,0
DA:147,0
DA:148,0
DA:149,0
DA:150,0
DA:152,0
DA:153,0
DA:158,0
DA:159,0
DA:160,0
DA:161,0
DA:162,0
DA:164,0
DA:165,0
DA:170,0
DA:171,0
DA:172,0
DA:173,0
DA:175,0
DA:176,0
DA:181,0
DA:182,0
DA:183,0
DA:188,0
DA:190,0
DA:191,0
DA:196,0
DA:197,0
DA:198,0
DA:199,0
DA:201,0
DA:202,0
DA:205,0
DA:207,0
DA:208,0
DA:213,0
DA:214,0
DA:215,0
DA:216,0
DA:217,0
DA:219,0
DA:220,0
DA:225,0
DA:226,0
DA:227,0
DA:228,0
DA:229,0
DA:231,0
DA:232,0
DA:237,0
DA:238,0
DA:240,0
DA:241,0
DA:250,0
DA:252,0
DA:263,0
DA:264,0
DA:268,0
DA:269,0
DA:270,0
DA:271,0
DA:273,0
DA:277,0
DA:279,0
DA:280,0
DA:285,0
DA:286,0
DA:288,0
DA:289,0
DA:298,0
DA:300,0
DA:311,0
DA:312,0
DA:324,0
DA:325,0
DA:326,0
DA:327,0
DA:329,0
DA:333,0
DA:335,0
DA:336,0
DA:341,0
DA:342,0
DA:343,0
DA:359,0
DA:361,0
DA:362,0
DA:367,0
DA:368,0
DA:369,0
DA:371,0
DA:377,0
DA:379,0
DA:380,0
DA:385,0
DA:386,0
DA:387,0
DA:388,0
DA:389,0
DA:391,0
DA:392,0
DA:394,0
DA:395,0
DA:411,0
DA:417,0
DA:421,0
DA:427,0
DA:428,0
DA:433,0
DA:434,0
DA:435,0
DA:437,0
DA:453,0
DA:455,0
DA:456,0
DA:460,0
LF:175
LH:0
BRDA:12,0,0,0
BRDA:27,1,0,0
BRDA:27,1,1,0
BRDA:30,2,0,0
BRDA:30,2,1,0
BRDA:124,3,0,0
BRDA:124,3,1,0
BRDA:136,4,0,0
BRDA:136,4,1,0
BRDA:148,5,0,0
BRDA:148,5,1,0
BRDA:201,6,0,0
BRDA:201,6,1,0
BRDA:215,7,0,0
BRDA:215,7,1,0
BRDA:227,8,0,0
BRDA:227,8,1,0
BRDA:263,9,0,0
BRDA:263,9,1,0
BRDA:269,10,0,0
BRDA:269,10,1,0
BRDA:269,11,0,0
BRDA:269,11,1,0
BRDA:311,12,0,0
BRDA:311,12,1,0
BRDA:325,13,0,0
BRDA:325,13,1,0
BRDA:325,14,0,0
BRDA:325,14,1,0
BRDA:387,15,0,0
BRDA:387,15,1,0
BRDA:388,16,0,0
BRDA:388,16,1,0
BRDA:423,17,0,0
BRDA:423,17,1,0
BRDA:424,18,0,0
BRDA:424,18,1,0
BRF:37
BRH:0
end_of_record
TN:
SF:backend\src\routes\publicServices.js
FN:10,(anonymous_0)
FN:50,(anonymous_1)
FN:72,(anonymous_2)
FN:89,(anonymous_3)
FN:111,(anonymous_4)
FN:130,(anonymous_5)
FN:147,(anonymous_6)
FN:164,(anonymous_7)
FNF:8
FNH:0
FNDA:0,(anonymous_0)
FNDA:0,(anonymous_1)
FNDA:0,(anonymous_2)
FNDA:0,(anonymous_3)
FNDA:0,(anonymous_4)
FNDA:0,(anonymous_5)
FNDA:0,(anonymous_6)
FNDA:0,(anonymous_7)
DA:1,0
DA:2,0
DA:3,0
DA:4,0
DA:5,0
DA:10,0
DA:11,0
DA:12,0
DA:13,0
DA:16,0
DA:17,0
DA:18,0
DA:20,0
DA:21,0
DA:22,0
DA:25,0
DA:26,0
DA:28,0
DA:38,0
DA:39,0
DA:41,0
DA:42,0
DA:50,0
DA:51,0
DA:52,0
DA:53,0
DA:55,0
DA:57,0
DA:58,0
DA:61,0
DA:63,0
DA:64,0
DA:72,0
DA:73,0
DA:74,0
DA:76,0
DA:78,0
DA:80,0
DA:81,0
DA:89,0
DA:90,0
DA:91,0
DA:98,0
DA:100,0
DA:102,0
DA:103,0
DA:111,0
DA:112,0
DA:113,0
DA:116,0
DA:117,0
DA:119,0
DA:121,0
DA:122,0
DA:130,0
DA:131,0
DA:132,0
DA:134,0
DA:136,0
DA:138,0
DA:139,0
DA:147,0
DA:148,0
DA:149,0
DA:151,0
DA:153,0
DA:155,0
DA:156,0
DA:164,0
DA:165,0
DA:166,0
DA:168,0
DA:170,0
DA:172,0
DA:173,0
DA:180,0
LF:76
LH:0
BRDA:13,0,0,0
BRDA:13,1,0,0
BRDA:13,2,0,0
BRDA:17,3,0,0
BRDA:17,3,1,0
BRDA:18,4,0,0
BRDA:18,4,1,0
BRDA:53,5,0,0
BRDA:57,6,0,0
BRDA:57,6,1,0
BRDA:74,7,0,0
BRDA:113,8,0,0
BRDA:132,9,0,0
BRDA:149,10,0,0
BRDA:166,11,0,0
BRF:15
BRH:0
end_of_record
TN:
SF:backend\src\routes\publicServicesMultilingual.js
FN:6,(anonymous_0)
FN:28,(anonymous_1)
FN:54,(anonymous_2)
FN:76,(anonymous_3)
FN:100,(anonymous_4)
FN:159,(anonymous_5)
FN:169,(anonymous_6)
FN:202,(anonymous_7)
FN:220,(anonymous_8)
FNF:9
FNH:0
FNDA:0,(anonymous_0)
FNDA:0,(anonymous_1)
FNDA:0,(anonymous_2)
FNDA:0,(anonymous_3)
FNDA:0,(anonymous_4)
FNDA:0,(anonymous_5)
FNDA:0,(anonymous_6)
FNDA:0,(anonymous_7)
FNDA:0,(anonymous_8)
DA:1,0
DA:2,0
DA:3,0
DA:6,0
DA:7,0
DA:9,0
DA:10,0
DA:11,0
DA:14,0
DA:15,0
DA:18,0
DA:20,0
DA:21,0
DA:28,0
DA:29,0
DA:30,0
DA:33,0
DA:40,0
DA:42,0
DA:43,0
DA:44,0
DA:47,0
DA:48,0
DA:50,0
DA:53,0
DA:55,0
DA:62,0
DA:73,0
DA:74,0
DA:75,0
DA:76,0
DA:77,0
DA:82,0
DA:90,0
DA:91,0
DA:100,0
DA:101,0
DA:102,0
DA:103,0
DA:106,0
DA:113,0
DA:115,0
DA:116,0
DA:122,0
DA:125,0
DA:132,0
DA:142,0
DA:149,0
DA:150,0
DA:159,0
DA:160,0
DA:161,0
DA:164,0
DA:165,0
DA:168,0
DA:170,0
DA:177,0
DA:185,0
DA:192,0
DA:193,0
DA:202,0
DA:203,0
DA:204,0
DA:207,0
DA:216,0
DA:219,0
DA:221,0
DA:228,0
DA:237,0
DA:244,0
DA:245,0
DA:253,0
LF:72
LH:0
BRDA:6,0,0,0
BRDA:6,1,0,0
BRDA:14,2,0,0
BRDA:14,2,1,0
BRDA:14,3,0,0
BRDA:14,3,1,0
BRDA:18,4,0,0
BRDA:18,4,1,0
BRDA:30,5,0,0
BRDA:30,6,0,0
BRDA:30,7,0,0
BRDA:42,8,0,0
BRDA:42,8,1,0
BRDA:64,9,0,0
BRDA:64,9,1,0
BRDA:65,10,0,0
BRDA:65,10,1,0
BRDA:66,11,0,0
BRDA:66,11,1,0
BRDA:67,12,0,0
BRDA:67,12,1,0
BRDA:74,13,0,0
BRDA:74,13,1,0
BRDA:77,14,0,0
BRDA:77,14,1,0
BRDA:103,15,0,0
BRDA:115,16,0,0
BRDA:115,16,1,0
BRDA:134,17,0,0
BRDA:134,17,1,0
BRDA:135,18,0,0
BRDA:135,18,1,0
BRDA:136,19,0,0
BRDA:136,19,1,0
BRDA:137,20,0,0
BRDA:137,20,1,0
BRDA:138,21,0,0
BRDA:138,21,1,0
BRDA:139,22,0,0
BRDA:139,22,1,0
BRDA:161,23,0,0
BRDA:179,24,0,0
BRDA:179,24,1,0
BRDA:180,25,0,0
BRDA:180,25,1,0
BRDA:204,26,0,0
BRDA:204,27,0,0
BRDA:230,28,0,0
BRDA:230,28,1,0
BRDA:231,29,0,0
BRDA:231,29,1,0
BRDA:232,30,0,0
BRDA:232,30,1,0
BRF:53
BRH:0
end_of_record
TN:
SF:backend\src\routes\referralCodes.js
FN:8,(anonymous_0)
FN:42,(anonymous_1)
FN:105,(anonymous_2)
FN:140,(anonymous_3)
FN:190,(anonymous_4)
FN:209,(anonymous_5)
FN:216,(anonymous_6)
FNF:7
FNH:0
FNDA:0,(anonymous_0)
FNDA:0,(anonymous_1)
FNDA:0,(anonymous_2)
FNDA:0,(anonymous_3)
FNDA:0,(anonymous_4)
FNDA:0,(anonymous_5)
FNDA:0,(anonymous_6)
DA:1,0
DA:2,0
DA:3,0
DA:4,0
DA:5,0
DA:8,0
DA:9,0
DA:10,0
DA:11,0
DA:14,0
DA:15,0
DA:20,0
DA:27,0
DA:33,0
DA:34,0
DA:42,0
DA:43,0
DA:44,0
DA:46,0
DA:47,0
DA:53,0
DA:58,0
DA:59,0
DA:65,0
DA:67,0
DA:68,0
DA:75,0
DA:76,0
DA:83,0
DA:84,0
DA:90,0
DA:96,0
DA:97,0
DA:105,0
DA:106,0
DA:107,0
DA:108,0
DA:110,0
DA:111,0
DA:116,0
DA:118,0
DA:119,0
DA:125,0
DA:131,0
DA:132,0
DA:140,0
DA:141,0
DA:142,0
DA:143,0
DA:145,0
DA:146,0
DA:152,0
DA:153,0
DA:154,0
DA:160,0
DA:166,0
DA:173,0
DA:181,0
DA:182,0
DA:190,0
DA:191,0
DA:192,0
DA:193,0
DA:195,0
DA:200,0
DA:201,0
DA:209,0
DA:210,0
DA:211,0
DA:212,0
DA:215,0
DA:216,0
DA:218,0
DA:219,0
DA:224,0
DA:226,0
DA:232,0
DA:233,0
DA:240,0
LF:79
LH:0
BRDA:11,0,0,0
BRDA:11,1,0,0
BRDA:11,2,0,0
BRDA:14,3,0,0
BRDA:14,3,1,0
BRDA:14,4,0,0
BRDA:14,4,1,0
BRDA:46,5,0,0
BRDA:46,5,1,0
BRDA:58,6,0,0
BRDA:58,6,1,0
BRDA:67,7,0,0
BRDA:67,7,1,0
BRDA:75,8,0,0
BRDA:75,8,1,0
BRDA:75,9,0,0
BRDA:75,9,1,0
BRDA:83,10,0,0
BRDA:83,10,1,0
BRDA:83,11,0,0
BRDA:83,11,1,0
BRDA:110,12,0,0
BRDA:110,12,1,0
BRDA:118,13,0,0
BRDA:118,13,1,0
BRDA:145,14,0,0
BRDA:145,14,1,0
BRDA:145,15,0,0
BRDA:145,15,1,0
BRDA:153,16,0,0
BRDA:153,16,1,0
BRDA:218,17,0,0
BRDA:218,17,1,0
BRF:33
BRH:0
end_of_record
TN:
SF:backend\src\routes\reservations.js
FN:18,(anonymous_0)
FN:312,(anonymous_1)
FN:371,(anonymous_2)
FN:428,(anonymous_3)
FN:475,(anonymous_4)
FN:492,(anonymous_5)
FN:533,(anonymous_6)
FN:589,(anonymous_7)
FN:594,(anonymous_8)
FN:633,(anonymous_9)
FN:692,(anonymous_10)
FN:798,(anonymous_11)
FN:860,(anonymous_12)
FN:884,(anonymous_13)
FN:901,(anonymous_14)
FNF:15
FNH:0
FNDA:0,(anonymous_0)
FNDA:0,(anonymous_1)
FNDA:0,(anonymous_2)
FNDA:0,(anonymous_3)
FNDA:0,(anonymous_4)
FNDA:0,(anonymous_5)
FNDA:0,(anonymous_6)
FNDA:0,(anonymous_7)
FNDA:0,(anonymous_8)
FNDA:0,(anonymous_9)
FNDA:0,(anonymous_10)
FNDA:0,(anonymous_11)
FNDA:0,(anonymous_12)
FNDA:0,(anonymous_13)
FNDA:0,(anonymous_14)
DA:1,0
DA:2,0
DA:3,0
DA:4,0
DA:5,0
DA:6,0
DA:7,0
DA:8,0
DA:9,0
DA:10,0
DA:13,0
DA:19,0
DA:20,0
DA:33,0
DA:35,0
DA:40,0
DA:41,0
DA:42,0
DA:46,0
DA:48,0
DA:56,0
DA:57,0
DA:58,0
DA:60,0
DA:64,0
DA:66,0
DA:69,0
DA:73,0
DA:74,0
DA:75,0
DA:76,0
DA:79,0
DA:81,0
DA:82,0
DA:85,0
DA:86,0
DA:87,0
DA:88,0
DA:93,0
DA:94,0
DA:95,0
DA:96,0
DA:97,0
DA:99,0
DA:102,0
DA:103,0
DA:105,0
DA:106,0
DA:107,0
DA:108,0
DA:109,0
DA:110,0
DA:113,0
DA:118,0
DA:119,0
DA:120,0
DA:121,0
DA:122,0
DA:127,0
DA:128,0
DA:129,0
DA:135,0
DA:139,0
DA:140,0
DA:141,0
DA:146,0
DA:149,0
DA:152,0
DA:153,0
DA:158,0
DA:159,0
DA:162,0
DA:178,0
DA:179,0
DA:180,0
DA:185,0
DA:186,0
DA:188,0
DA:217,0
DA:220,0
DA:221,0
DA:223,0
DA:229,0
DA:231,0
DA:234,0
DA:235,0
DA:238,0
DA:239,0
DA:240,0
DA:241,0
DA:247,0
DA:248,0
DA:249,0
DA:251,0
DA:254,0
DA:288,0
DA:303,0
DA:304,0
DA:312,0
DA:313,0
DA:314,0
DA:317,0
DA:318,0
DA:319,0
DA:323,0
DA:324,0
DA:326,0
DA:328,0
DA:329,0
DA:331,0
DA:332,0
DA:335,0
DA:336,0
DA:340,0
DA:341,0
DA:348,0
DA:357,0
DA:362,0
DA:365,0
DA:366,0
DA:371,0
DA:372,0
DA:373,0
DA:374,0
DA:376,0
DA:381,0
DA:382,0
DA:385,0
DA:387,0
DA:393,0
DA:394,0
DA:395,0
DA:396,0
DA:397,0
DA:399,0
DA:400,0
DA:405,0
DA:408,0
DA:411,0
DA:416,0
DA:422,0
DA:423,0
DA:428,0
DA:429,0
DA:430,0
DA:432,0
DA:437,0
DA:438,0
DA:449,0
DA:454,0
DA:469,0
DA:470,0
DA:475,0
DA:476,0
DA:477,0
DA:478,0
DA:480,0
DA:481,0
DA:484,0
DA:486,0
DA:487,0
DA:492,0
DA:493,0
DA:494,0
DA:496,0
DA:497,0
DA:503,0
DA:504,0
DA:505,0
DA:509,0
DA:510,0
DA:511,0
DA:512,0
DA:513,0
DA:516,0
DA:520,0
DA:527,0
DA:528,0
DA:533,0
DA:534,0
DA:535,0
DA:538,0
DA:539,0
DA:540,0
DA:544,0
DA:545,0
DA:547,0
DA:553,0
DA:554,0
DA:562,0
DA:567,0
DA:568,0
DA:576,0
DA:584,0
DA:585,0
DA:586,0
DA:589,0
DA:590,0
DA:591,0
DA:594,0
DA:595,0
DA:596,0
DA:597,0
DA:600,0
DA:601,0
DA:602,0
DA:604,0
DA:605,0
DA:606,0
DA:609,0
DA:611,0
DA:612,0
DA:619,0
DA:627,0
DA:628,0
DA:633,0
DA:634,0
DA:635,0
DA:636,0
DA:638,0
DA:639,0
DA:643,0
DA:645,0
DA:646,0
DA:649,0
DA:650,0
DA:653,0
DA:654,0
DA:658,0
DA:659,0
DA:660,0
DA:661,0
DA:663,0
DA:664,0
DA:670,0
DA:673,0
DA:674,0
DA:675,0
DA:676,0
DA:677,0
DA:680,0
DA:683,0
DA:686,0
DA:687,0
DA:692,0
DA:693,0
DA:704,0
DA:707,0
DA:708,0
DA:715,0
DA:716,0
DA:723,0
DA:728,0
DA:730,0
DA:759,0
DA:782,0
DA:789,0
DA:790,0
DA:798,0
DA:799,0
DA:800,0
DA:802,0
DA:807,0
DA:808,0
DA:815,0
DA:817,0
DA:818,0
DA:825,0
DA:826,0
DA:827,0
DA:829,0
DA:830,0
DA:836,0
DA:838,0
DA:839,0
DA:845,0
DA:851,0
DA:852,0
DA:860,0
DA:861,0
DA:862,0
DA:864,0
DA:869,0
DA:875,0
DA:876,0
DA:884,0
DA:885,0
DA:886,0
DA:901,0
DA:902,0
DA:903,0
DA:904,0
DA:905,0
DA:906,0
DA:908,0
DA:919,0
DA:920,0
DA:933,0
DA:940,0
DA:941,0
DA:948,0
LF:301
LH:0
BRDA:41,0,0,0
BRDA:41,0,1,0
BRDA:41,1,0,0
BRDA:41,1,1,0
BRDA:41,1,2,0
BRDA:46,2,0,0
BRDA:46,2,1,0
BRDA:56,3,0,0
BRDA:56,3,1,0
BRDA:56,4,0,0
BRDA:56,4,1,0
BRDA:74,5,0,0
BRDA:74,5,1,0
BRDA:85,6,0,0
BRDA:85,6,1,0
BRDA:87,7,0,0
BRDA:87,7,1,0
BRDA:105,8,0,0
BRDA:105,8,1,0
BRDA:105,9,0,0
BRDA:105,9,1,0
BRDA:109,10,0,0
BRDA:109,10,1,0
BRDA:118,11,0,0
BRDA:118,11,1,0
BRDA:120,12,0,0
BRDA:120,12,1,0
BRDA:127,13,0,0
BRDA:127,13,1,0
BRDA:139,14,0,0
BRDA:139,14,1,0
BRDA:152,15,0,0
BRDA:152,15,1,0
BRDA:158,16,0,0
BRDA:158,16,1,0
BRDA:185,17,0,0
BRDA:185,17,1,0
BRDA:239,18,0,0
BRDA:239,18,1,0
BRDA:239,19,0,0
BRDA:239,19,1,0
BRDA:292,20,0,0
BRDA:292,20,1,0
BRDA:318,21,0,0
BRDA:318,21,1,0
BRDA:326,22,0,0
BRDA:326,22,1,0
BRDA:326,23,0,0
BRDA:326,23,1,0
BRDA:326,23,2,0
BRDA:331,24,0,0
BRDA:331,24,1,0
BRDA:335,25,0,0
BRDA:335,25,1,0
BRDA:340,26,0,0
BRDA:340,26,1,0
BRDA:340,27,0,0
BRDA:340,27,1,0
BRDA:381,28,0,0
BRDA:381,28,1,0
BRDA:385,29,0,0
BRDA:385,29,1,0
BRDA:399,30,0,0
BRDA:399,30,1,0
BRDA:399,31,0,0
BRDA:399,31,1,0
BRDA:437,32,0,0
BRDA:437,32,1,0
BRDA:460,33,0,0
BRDA:460,33,1,0
BRDA:480,34,0,0
BRDA:480,34,1,0
BRDA:496,35,0,0
BRDA:496,35,1,0
BRDA:496,36,0,0
BRDA:496,36,1,0
BRDA:496,36,2,0
BRDA:504,37,0,0
BRDA:504,37,1,0
BRDA:523,38,0,0
BRDA:523,38,1,0
BRDA:539,39,0,0
BRDA:539,39,1,0
BRDA:553,40,0,0
BRDA:553,40,1,0
BRDA:567,41,0,0
BRDA:567,41,1,0
BRDA:567,42,0,0
BRDA:567,42,1,0
BRDA:611,43,0,0
BRDA:611,43,1,0
BRDA:638,44,0,0
BRDA:638,44,1,0
BRDA:645,45,0,0
BRDA:645,45,1,0
BRDA:649,46,0,0
BRDA:649,46,1,0
BRDA:653,47,0,0
BRDA:653,47,1,0
BRDA:663,48,0,0
BRDA:663,48,1,0
BRDA:675,49,0,0
BRDA:675,49,1,0
BRDA:696,50,0,0
BRDA:697,51,0,0
BRDA:698,52,0,0
BRDA:699,53,0,0
BRDA:700,54,0,0
BRDA:701,55,0,0
BRDA:702,56,0,0
BRDA:703,57,0,0
BRDA:707,58,0,0
BRDA:707,58,1,0
BRDA:715,59,0,0
BRDA:715,59,1,0
BRDA:715,60,0,0
BRDA:715,60,1,0
BRDA:728,61,0,0
BRDA:728,61,1,0
BRDA:748,62,0,0
BRDA:748,62,1,0
BRDA:749,63,0,0
BRDA:749,63,1,0
BRDA:750,64,0,0
BRDA:750,64,1,0
BRDA:751,65,0,0
BRDA:751,65,1,0
BRDA:767,66,0,0
BRDA:767,66,1,0
BRDA:768,67,0,0
BRDA:768,67,1,0
BRDA:769,68,0,0
BRDA:769,68,1,0
BRDA:770,69,0,0
BRDA:770,69,1,0
BRDA:807,70,0,0
BRDA:807,70,1,0
BRDA:817,71,0,0
BRDA:817,71,1,0
BRDA:827,72,0,0
BRDA:827,72,1,0
BRDA:829,73,0,0
BRDA:829,73,1,0
BRDA:829,74,0,0
BRDA:829,74,1,0
BRF:145
BRH:0
end_of_record
TN:
SF:backend\src\routes\services.js
FN:14,(anonymous_0)
FN:26,(anonymous_1)
FN:43,(anonymous_2)
FN:69,(anonymous_3)
FN:94,(anonymous_4)
FN:118,(anonymous_5)
FN:130,(anonymous_6)
FN:165,(anonymous_7)
FN:177,(anonymous_8)
FN:212,(anonymous_9)
FN:223,(anonymous_10)
FN:234,(anonymous_11)
FN:246,(anonymous_12)
FN:258,(anonymous_13)
FN:275,(anonymous_14)
FN:287,(anonymous_15)
FN:302,(anonymous_16)
FN:313,(anonymous_17)
FN:330,(anonymous_18)
FN:356,(anonymous_19)
FNF:20
FNH:0
FNDA:0,(anonymous_0)
FNDA:0,(anonymous_1)
FNDA:0,(anonymous_2)
FNDA:0,(anonymous_3)
FNDA:0,(anonymous_4)
FNDA:0,(anonymous_5)
FNDA:0,(anonymous_6)
FNDA:0,(anonymous_7)
FNDA:0,(anonymous_8)
FNDA:0,(anonymous_9)
FNDA:0,(anonymous_10)
FNDA:0,(anonymous_11)
FNDA:0,(anonymous_12)
FNDA:0,(anonymous_13)
FNDA:0,(anonymous_14)
FNDA:0,(anonymous_15)
FNDA:0,(anonymous_16)
FNDA:0,(anonymous_17)
FNDA:0,(anonymous_18)
FNDA:0,(anonymous_19)
DA:1,0
DA:2,0
DA:3,0
DA:4,0
DA:7,0
DA:14,0
DA:15,0
DA:16,0
DA:17,0
DA:18,0
DA:20,0
DA:21,0
DA:26,0
DA:27,0
DA:28,0
DA:29,0
DA:31,0
DA:32,0
DA:35,0
DA:37,0
DA:38,0
DA:43,0
DA:44,0
DA:45,0
DA:48,0
DA:49,0
DA:50,0
DA:55,0
DA:56,0
DA:58,0
DA:63,0
DA:64,0
DA:69,0
DA:70,0
DA:71,0
DA:72,0
DA:75,0
DA:76,0
DA:77,0
DA:80,0
DA:81,0
DA:83,0
DA:88,0
DA:89,0
DA:94,0
DA:95,0
DA:96,0
DA:99,0
DA:100,0
DA:101,0
DA:104,0
DA:106,0
DA:108,0
DA:109,0
DA:118,0
DA:119,0
DA:120,0
DA:121,0
DA:122,0
DA:124,0
DA:125,0
DA:130,0
DA:131,0
DA:132,0
DA:133,0
DA:135,0
DA:136,0
DA:141,0
DA:147,0
DA:148,0
DA:150,0
DA:155,0
DA:156,0
DA:165,0
DA:166,0
DA:167,0
DA:168,0
DA:169,0
DA:171,0
DA:172,0
DA:177,0
DA:178,0
DA:179,0
DA:180,0
DA:182,0
DA:183,0
DA:188,0
DA:194,0
DA:195,0
DA:197,0
DA:202,0
DA:203,0
DA:212,0
DA:213,0
DA:214,0
DA:215,0
DA:217,0
DA:218,0
DA:223,0
DA:224,0
DA:225,0
DA:226,0
DA:228,0
DA:229,0
DA:234,0
DA:235,0
DA:236,0
DA:237,0
DA:238,0
DA:240,0
DA:241,0
DA:246,0
DA:247,0
DA:248,0
DA:249,0
DA:250,0
DA:252,0
DA:253,0
DA:258,0
DA:259,0
DA:260,0
DA:261,0
DA:263,0
DA:264,0
DA:267,0
DA:269,0
DA:270,0
DA:275,0
DA:276,0
DA:277,0
DA:278,0
DA:279,0
DA:281,0
DA:282,0
DA:287,0
DA:288,0
DA:289,0
DA:290,0
DA:292,0
DA:293,0
DA:302,0
DA:303,0
DA:304,0
DA:305,0
DA:307,0
DA:308,0
DA:313,0
DA:314,0
DA:315,0
DA:316,0
DA:318,0
DA:319,0
DA:322,0
DA:324,0
DA:325,0
DA:330,0
DA:331,0
DA:332,0
DA:335,0
DA:336,0
DA:337,0
DA:342,0
DA:343,0
DA:345,0
DA:350,0
DA:351,0
DA:356,0
DA:357,0
DA:358,0
DA:359,0
DA:362,0
DA:363,0
DA:364,0
DA:367,0
DA:368,0
DA:370,0
DA:375,0
DA:376,0
DA:380,0
LF:179
LH:0
BRDA:31,0,0,0
BRDA:31,0,1,0
BRDA:48,1,0,0
BRDA:49,2,0,0
BRDA:49,2,1,0
BRDA:49,3,0,0
BRDA:49,3,1,0
BRDA:49,3,2,0
BRDA:49,3,3,0
BRDA:76,4,0,0
BRDA:76,4,1,0
BRDA:100,5,0,0
BRDA:100,5,1,0
BRDA:135,6,0,0
BRDA:135,6,1,0
BRDA:135,7,0,0
BRDA:135,7,1,0
BRDA:182,8,0,0
BRDA:182,8,1,0
BRDA:182,9,0,0
BRDA:182,9,1,0
BRDA:182,9,2,0
BRDA:182,9,3,0
BRDA:236,10,0,0
BRDA:236,10,1,0
BRDA:248,11,0,0
BRDA:248,11,1,0
BRDA:263,12,0,0
BRDA:263,12,1,0
BRDA:318,13,0,0
BRDA:318,13,1,0
BRDA:336,14,0,0
BRDA:336,14,1,0
BRDA:336,15,0,0
BRDA:336,15,1,0
BRDA:336,15,2,0
BRDA:336,15,3,0
[...]
FN:460,(anonymous_10)
FN:486,(anonymous_11)
FN:491,(anonymous_12)
FN:513,(anonymous_13)
FN:574,(anonymous_14)
FNF:15
FNH:0
FNDA:0,(anonymous_0)
FNDA:0,(anonymous_1)
FNDA:0,(anonymous_2)
FNDA:0,(anonymous_3)
FNDA:0,(anonymous_4)
FNDA:0,(anonymous_5)
FNDA:0,(anonymous_6)
FNDA:0,(anonymous_7)
FNDA:0,(anonymous_8)
FNDA:0,(anonymous_9)
FNDA:0,(anonymous_10)
FNDA:0,(anonymous_11)
FNDA:0,(anonymous_12)
FNDA:0,(anonymous_13)
FNDA:0,(anonymous_14)
DA:1,0
DA:2,0
DA:3,0
DA:4,0
DA:7,0
DA:8,0
DA:9,0
DA:10,0
DA:11,0
DA:12,0
DA:13,0
DA:14,0
DA:15,0
DA:18,0
DA:25,0
DA:26,0
DA:32,0
DA:66,0
DA:99,0
DA:125,0
DA:158,0
DA:169,0
DA:180,0
DA:189,0
DA:205,0
DA:220,0
DA:234,0
DA:246,0
DA:258,0
DA:273,0
DA:290,0
DA:291,0
DA:292,0
DA:293,0
DA:294,0
DA:296,0
DA:300,0
DA:304,0
DA:379,0
DA:390,0
DA:394,0
DA:404,0
DA:424,0
DA:455,0
DA:460,0
DA:486,0
DA:491,0
DA:499,0
DA:500,0
DA:503,0
DA:504,0
DA:513,0
DA:514,0
DA:515,0
DA:517,0
DA:528,0
DA:529,0
DA:530,0
DA:539,0
DA:542,0
DA:544,0
DA:564,0
DA:565,0
DA:574,0
DA:575,0
DA:576,0
DA:577,0
DA:578,0
DA:579,0
DA:580,0
DA:582,0
DA:595,0
DA:596,0
DA:598,0
DA:612,0
DA:613,0
DA:621,0
LF:77
LH:0
BRDA:9,0,0,0
BRDA:290,1,0,0
BRDA:290,1,1,0
BRDA:294,2,0,0
BRDA:294,2,1,0
BRDA:296,3,0,0
BRDA:296,3,1,0
BRDA:300,4,0,0
BRDA:300,4,1,0
BRDA:309,5,0,0
BRDA:309,5,1,0
BRDA:310,6,0,0
BRDA:310,6,1,0
BRDA:311,7,0,0
BRDA:311,7,1,0
BRDA:312,8,0,0
BRDA:312,8,1,0
BRDA:315,9,0,0
BRDA:315,9,1,0
BRDA:316,10,0,0
BRDA:316,10,1,0
BRDA:322,11,0,0
BRDA:322,11,1,0
BRDA:323,12,0,0
BRDA:323,12,1,0
BRDA:326,13,0,0
BRDA:326,13,1,0
BRDA:327,14,0,0
BRDA:327,14,1,0
BRDA:330,15,0,0
BRDA:330,15,1,0
BRDA:331,16,0,0
BRDA:331,16,1,0
BRDA:334,17,0,0
BRDA:334,17,1,0
BRDA:335,18,0,0
BRDA:335,18,1,0
BRDA:339,19,0,0
BRDA:339,19,1,0
BRDA:340,20,0,0
BRDA:340,20,1,0
BRDA:341,21,0,0
BRDA:341,21,1,0
BRDA:347,22,0,0
BRDA:347,22,1,0
BRDA:348,23,0,0
BRDA:348,23,1,0
BRDA:349,24,0,0
BRDA:349,24,1,0
BRDA:350,25,0,0
BRDA:350,25,1,0
BRDA:351,26,0,0
BRDA:351,26,1,0
BRDA:354,27,0,0
BRDA:354,27,1,0
BRDA:355,28,0,0
BRDA:355,28,1,0
BRDA:362,29,0,0
BRDA:362,29,1,0
BRDA:363,30,0,0
BRDA:363,30,1,0
BRDA:364,31,0,0
BRDA:364,31,1,0
BRDA:365,32,0,0
BRDA:365,32,1,0
BRDA:366,33,0,0
BRDA:366,33,1,0
BRDA:367,34,0,0
BRDA:367,34,1,0
BRDA:370,35,0,0
BRDA:370,35,1,0
BRDA:373,36,0,0
BRDA:373,36,1,0
BRDA:374,37,0,0
BRDA:374,37,1,0
BRDA:382,38,0,0
BRDA:382,38,1,0
BRDA:383,39,0,0
BRDA:383,39,1,0
BRDA:384,40,0,0
BRDA:384,40,1,0
BRDA:385,41,0,0
BRDA:385,41,1,0
BRDA:397,42,0,0
BRDA:397,42,1,0
BRDA:402,43,0,0
BRDA:402,43,1,0
BRDA:403,44,0,0
BRDA:403,44,1,0
BRDA:407,45,0,0
BRDA:407,45,1,0
BRDA:408,46,0,0
BRDA:408,46,1,0
BRDA:409,47,0,0
BRDA:409,47,1,0
BRDA:415,48,0,0
BRDA:415,48,1,0
BRDA:416,49,0,0
BRDA:416,49,1,0
BRDA:426,50,0,0
BRDA:426,50,1,0
BRDA:427,51,0,0
BRDA:427,51,1,0
BRDA:457,52,0,0
BRDA:457,52,1,0
BRDA:458,53,0,0
BRDA:458,53,1,0
BRDA:462,54,0,0
BRDA:462,54,1,0
BRDA:467,55,0,0
BRDA:467,55,1,0
BRDA:468,56,0,0
BRDA:468,56,1,0
BRDA:472,57,0,0
BRDA:472,57,1,0
BRDA:473,58,0,0
BRDA:473,58,1,0
BRDA:488,59,0,0
BRDA:488,59,1,0
BRDA:489,60,0,0
BRDA:489,60,1,0
BRDA:493,61,0,0
BRDA:493,61,1,0
BRDA:530,62,0,0
BRDA:530,62,1,0
BRDA:539,63,0,0
BRDA:539,63,1,0
BRDA:553,64,0,0
BRDA:553,64,1,0
BRDA:554,65,0,0
BRDA:554,65,1,0
BRDA:555,66,0,0
BRDA:555,66,1,0
BRDA:556,67,0,0
BRDA:556,67,1,0
BRDA:576,68,0,0
BRDA:596,69,0,0
BRDA:596,69,1,0
BRDA:601,70,0,0
BRDA:601,70,1,0
BRDA:602,71,0,0
BRDA:602,71,1,0
BRDA:603,72,0,0
BRDA:603,72,1,0
BRDA:604,73,0,0
BRDA:604,73,1,0
BRDA:605,74,0,0
BRDA:605,74,1,0
BRDA:606,75,0,0
BRDA:606,75,1,0
BRDA:607,76,0,0
BRDA:607,76,1,0
BRDA:607,77,0,0
BRDA:607,77,1,0
BRDA:607,78,0,0
BRDA:607,78,1,0
BRF:156
BRH:0
end_of_record
TN:
SF:backend\src\routes\store.js
FN:12,(anonymous_0)
FN:57,(anonymous_1)
FN:77,(anonymous_2)
FN:106,(anonymous_3)
FN:149,(anonymous_4)
FN:168,(anonymous_5)
FN:202,(anonymous_6)
FN:231,(anonymous_7)
FN:351,(anonymous_8)
FN:385,(anonymous_9)
FN:415,(anonymous_10)
FN:482,(anonymous_11)
FN:510,(anonymous_12)
FNF:13
FNH:0
FNDA:0,(anonymous_0)
FNDA:0,(anonymous_1)
FNDA:0,(anonymous_2)
FNDA:0,(anonymous_3)
FNDA:0,(anonymous_4)
FNDA:0,(anonymous_5)
FNDA:0,(anonymous_6)
FNDA:0,(anonymous_7)
FNDA:0,(anonymous_8)
FNDA:0,(anonymous_9)
FNDA:0,(anonymous_10)
FNDA:0,(anonymous_11)
FNDA:0,(anonymous_12)
DA:1,0
DA:2,0
DA:3,0
DA:4,0
DA:5,0
DA:12,0
DA:13,0
DA:14,0
DA:26,0
DA:34,0
DA:35,0
DA:36,0
DA:38,0
DA:40,0
DA:47,0
DA:48,0
DA:57,0
DA:58,0
DA:59,0
DA:60,0
DA:61,0
DA:63,0
DA:68,0
DA:69,0
DA:77,0
DA:78,0
DA:79,0
DA:81,0
DA:82,0
DA:88,0
DA:89,0
DA:91,0
DA:97,0
DA:98,0
DA:106,0
DA:107,0
DA:108,0
DA:110,0
DA:111,0
DA:117,0
DA:118,0
DA:120,0
DA:121,0
DA:128,0
DA:129,0
DA:135,0
DA:140,0
DA:141,0
DA:149,0
DA:150,0
DA:151,0
DA:152,0
DA:154,0
DA:159,0
DA:160,0
DA:168,0
DA:169,0
DA:170,0
DA:172,0
DA:173,0
DA:179,0
DA:181,0
DA:182,0
DA:188,0
DA:193,0
DA:194,0
DA:202,0
DA:203,0
DA:204,0
DA:206,0
DA:207,0
DA:213,0
DA:214,0
DA:216,0
DA:222,0
DA:223,0
DA:231,0
DA:232,0
DA:242,0
DA:245,0
DA:246,0
DA:252,0
DA:253,0
DA:260,0
DA:261,0
DA:262,0
DA:269,0
DA:270,0
DA:272,0
DA:279,0
DA:280,0
DA:281,0
DA:291,0
DA:292,0
DA:294,0
DA:295,0
DA:297,0
DA:298,0
DA:301,0
DA:304,0
DA:314,0
DA:315,0
DA:320,0
DA:321,0
DA:331,0
DA:332,0
DA:335,0
DA:342,0
DA:343,0
DA:351,0
DA:352,0
DA:353,0
DA:355,0
DA:356,0
DA:362,0
DA:364,0
DA:365,0
DA:371,0
DA:376,0
DA:377,0
DA:385,0
DA:386,0
DA:388,0
DA:389,0
DA:391,0
DA:397,0
DA:402,0
DA:403,0
DA:415,0
DA:416,0
DA:425,0
DA:428,0
DA:429,0
DA:436,0
DA:437,0
DA:444,0
DA:446,0
DA:457,0
DA:459,0
DA:462,0
DA:465,0
DA:473,0
DA:474,0
DA:482,0
DA:483,0
DA:484,0
DA:486,0
DA:488,0
DA:489,0
DA:495,0
DA:501,0
DA:502,0
DA:510,0
DA:511,0
DA:512,0
DA:514,0
DA:516,0
DA:522,0
DA:523,0
DA:530,0
LF:160
LH:0
BRDA:15,0,0,0
BRDA:15,0,1,0
BRDA:17,1,0,0
BRDA:17,1,1,0
BRDA:18,2,0,0
BRDA:18,2,1,0
BRDA:20,3,0,0
BRDA:20,3,1,0
BRDA:21,4,0,0
BRDA:21,4,1,0
BRDA:23,5,0,0
BRDA:23,5,1,0
BRDA:23,5,2,0
BRDA:27,6,0,0
BRDA:27,6,1,0
BRDA:28,7,0,0
BRDA:28,7,1,0
BRDA:29,8,0,0
BRDA:29,8,1,0
BRDA:30,9,0,0
BRDA:30,9,1,0
BRDA:34,10,0,0
BRDA:34,10,1,0
BRDA:35,11,0,0
BRDA:35,11,1,0
BRDA:36,12,0,0
BRDA:36,12,1,0
BRDA:51,13,0,0
BRDA:51,13,1,0
BRDA:59,14,0,0
BRDA:59,14,1,0
BRDA:60,15,0,0
BRDA:60,15,1,0
BRDA:60,15,2,0
BRDA:81,16,0,0
BRDA:81,16,1,0
BRDA:81,17,0,0
BRDA:81,17,1,0
BRDA:88,18,0,0
BRDA:88,18,1,0
BRDA:110,19,0,0
BRDA:110,19,1,0
BRDA:110,20,0,0
BRDA:110,20,1,0
BRDA:117,21,0,0
BRDA:117,21,1,0
BRDA:117,21,2,0
BRDA:120,22,0,0
BRDA:120,22,1,0
BRDA:128,23,0,0
BRDA:128,23,1,0
BRDA:172,24,0,0
BRDA:172,24,1,0
BRDA:172,25,0,0
BRDA:172,25,1,0
BRDA:181,26,0,0
BRDA:181,26,1,0
BRDA:206,27,0,0
BRDA:206,27,1,0
BRDA:206,28,0,0
BRDA:206,28,1,0
BRDA:213,29,0,0
BRDA:213,29,1,0
BRDA:234,30,0,0
BRDA:241,31,0,0
BRDA:245,32,0,0
BRDA:245,32,1,0
BRDA:245,33,0,0
BRDA:245,33,1,0
BRDA:245,33,2,0
BRDA:245,33,3,0
BRDA:252,34,0,0
BRDA:252,34,1,0
BRDA:252,35,0,0
BRDA:252,35,1,0
BRDA:252,35,2,0
BRDA:261,36,0,0
BRDA:261,36,1,0
BRDA:270,37,0,0
BRDA:270,37,1,0
BRDA:270,38,0,0
BRDA:270,38,1,0
BRDA:270,38,2,0
BRDA:270,38,3,0
BRDA:270,38,4,0
BRDA:280,39,0,0
BRDA:280,39,1,0
BRDA:280,40,0,0
BRDA:280,40,1,0
BRDA:294,41,0,0
BRDA:294,41,1,0
BRDA:297,42,0,0
BRDA:297,42,1,0
BRDA:320,43,0,0
BRDA:320,43,1,0
BRDA:337,44,0,0
BRDA:337,44,1,0
BRDA:345,45,0,0
BRDA:345,45,1,0
BRDA:355,46,0,0
BRDA:355,46,1,0
BRDA:364,47,0,0
BRDA:364,47,1,0
BRDA:392,48,0,0
BRDA:392,48,1,0
BRDA:419,49,0,0
BRDA:420,50,0,0
BRDA:421,51,0,0
BRDA:422,52,0,0
BRDA:423,53,0,0
BRDA:424,54,0,0
BRDA:428,55,0,0
BRDA:428,55,1,0
BRDA:436,56,0,0
BRDA:436,56,1,0
BRDA:436,57,0,0
BRDA:436,57,1,0
BRDA:457,58,0,0
BRDA:457,58,1,0
BRDA:488,59,0,0
BRDA:488,59,1,0
BRF:121
BRH:0
end_of_record
TN:
SF:backend\src\scripts\parse-jotform-html.js
FN:65,(anonymous_0)
FN:137,(anonymous_1)
FN:169,(anonymous_2)
FN:200,(anonymous_3)
FN:205,(anonymous_4)
FN:214,(anonymous_5)
FN:217,(anonymous_6)
FN:236,(anonymous_7)
FNF:8
FNH:0
FNDA:0,(anonymous_0)
FNDA:0,(anonymous_1)
FNDA:0,(anonymous_2)
FNDA:0,(anonymous_3)
FNDA:0,(anonymous_4)
FNDA:0,(anonymous_5)
FNDA:0,(anonymous_6)
FNDA:0,(anonymous_7)
DA:7,0
DA:8,0
DA:11,0
DA:12,0
DA:15,0
DA:28,0
DA:29,0
DA:30,0
DA:31,0
DA:32,0
DA:36,0
DA:37,0
DA:41,0
DA:42,0
DA:43,0
DA:44,0
DA:45,0
DA:47,0
DA:48,0
DA:50,0
DA:54,0
DA:55,0
DA:56,0
DA:63,0
DA:64,0
DA:65,0
DA:66,0
DA:67,0
DA:72,0
DA:73,0
DA:74,0
DA:75,0
DA:76,0
DA:78,0
DA:88,0
DA:89,0
DA:90,0
DA:91,0
DA:93,0
DA:103,0
DA:104,0
DA:105,0
DA:106,0
DA:107,0
DA:108,0
DA:109,0
DA:110,0
DA:112,0
DA:113,0
DA:123,0
DA:124,0
DA:130,0
DA:137,0
DA:138,0
DA:139,0
DA:143,0
DA:144,0
DA:145,0
DA:146,0
DA:147,0
DA:148,0
DA:149,0
DA:151,0
DA:152,0
DA:162,0
DA:169,0
DA:170,0
DA:174,0
DA:175,0
DA:176,0
DA:177,0
DA:178,0
DA:179,0
DA:180,0
DA:182,0
DA:183,0
DA:193,0
DA:200,0
DA:201,0
DA:205,0
DA:208,0
DA:209,0
DA:210,0
DA:212,0
DA:213,0
DA:214,0
DA:215,0
DA:217,0
DA:218,0
DA:222,0
DA:223,0
DA:230,0
DA:233,0
DA:234,0
DA:236,0
DA:237,0
DA:239,0
DA:240,0
DA:241,0
DA:242,0
DA:243,0
DA:245,0
DA:246,0
DA:247,0
DA:250,0
DA:254,0
DA:256,0
LF:107
LH:0
BRDA:47,0,0,0
BRDA:47,0,1,0
BRDA:66,1,0,0
BRDA:66,1,1,0
BRDA:66,2,0,0
BRDA:66,2,1,0
BRDA:82,3,0,0
BRDA:82,3,1,0
BRDA:97,4,0,0
BRDA:97,4,1,0
BRDA:112,5,0,0
BRDA:112,5,1,0
BRDA:117,6,0,0
BRDA:117,6,1,0
BRDA:123,7,0,0
BRDA:123,7,1,0
BRDA:125,8,0,0
BRDA:125,8,1,0
BRDA:151,9,0,0
BRDA:151,9,1,0
BRDA:156,10,0,0
BRDA:156,10,1,0
BRDA:182,11,0,0
BRDA:182,11,1,0
BRDA:187,12,0,0
BRDA:187,12,1,0
BRDA:215,13,0,0
BRDA:215,13,1,0
BRDA:239,14,0,0
BRDA:239,14,1,0
BRDA:241,15,0,0
BRDA:241,15,1,0
BRDA:243,16,0,0
BRDA:243,16,1,0
BRDA:246,17,0,0
BRDA:246,17,1,0
BRF:36
BRH:0
end_of_record
TN:
SF:backend\src\scripts\telegram-setup.js
FN:26,updateEnvFile
FN:31,(anonymous_1)
FN:53,testBotToken
FN:63,getChatInfo
FN:75,setup
FNF:5
FNH:0
FNDA:0,updateEnvFile
FNDA:0,(anonymous_1)
FNDA:0,testBotToken
FNDA:0,getChatInfo
FNDA:0,setup
DA:8,0
DA:9,0
DA:10,0
DA:12,0
DA:14,0
DA:17,0
DA:18,0
DA:19,0
DA:21,0
DA:22,0
DA:27,0
DA:28,0
DA:31,0
DA:32,0
DA:33,0
DA:34,0
DA:35,0
DA:36,0
DA:38,0
DA:42,0
DA:43,0
DA:44,0
DA:45,0
DA:46,0
DA:49,0
DA:54,0
DA:55,0
DA:56,0
DA:58,0
DA:64,0
DA:65,0
DA:68,0
DA:70,0
DA:76,0
DA:78,0
DA:79,0
DA:80,0
DA:81,0
DA:83,0
DA:84,0
DA:85,0
DA:86,0
DA:87,0
DA:89,0
DA:91,0
DA:92,0
DA:93,0
DA:95,0
DA:96,0
DA:98,0
DA:99,0
DA:101,0
DA:102,0
DA:104,0
DA:105,0
DA:108,0
DA:109,0
DA:111,0
DA:112,0
DA:113,0
DA:116,0
DA:119,0
DA:122,0
DA:123,0
DA:124,0
DA:128,0
LF:66
LH:0
BRDA:32,0,0,0
BRDA:32,0,1,0
BRDA:35,1,0,0
BRDA:35,1,1,0
BRDA:42,2,0,0
BRDA:42,2,1,0
BRDA:56,3,0,0
BRDA:56,3,1,0
BRDA:68,4,0,0
BRDA:68,4,1,0
BRDA:91,5,0,0
BRDA:91,5,1,0
BRDA:98,6,0,0
BRDA:98,6,1,0
BRDA:104,7,0,0
BRDA:104,7,1,0
BRDA:105,8,0,0
BRDA:105,8,1,0
BRDA:105,8,2,0
BRF:19
BRH:0
end_of_record
TN:
SF:backend\src\services\EmailService.js
FN:17,(anonymous_0)
FN:128,(anonymous_1)
FN:308,(anonymous_2)
FNF:3
FNH:0
FNDA:0,(anonymous_0)
FNDA:0,(anonymous_1)
FNDA:0,(anonymous_2)
DA:1,0
DA:4,0
DA:7,0
DA:8,0
DA:9,0
DA:12,0
DA:14,0
DA:18,0
DA:19,0
DA:21,0
DA:92,0
DA:95,0
DA:102,0
DA:103,0
DA:106,0
DA:107,0
DA:108,0
DA:110,0
DA:116,0
DA:129,0
DA:130,0
DA:133,0
DA:134,0
DA:137,0
DA:138,0
DA:139,0
DA:141,0
DA:144,0
DA:151,0
DA:152,0
DA:153,0
DA:154,0
DA:156,0
DA:275,0
DA:277,0
DA:282,0
DA:283,0
DA:286,0
DA:287,0
DA:288,0
DA:290,0
DA:295,0
DA:309,0
DA:310,0
DA:313,0
DA:314,0
DA:317,0
DA:318,0
DA:319,0
DA:321,0
DA:324,0
DA:331,0
DA:332,0
DA:333,0
DA:334,0
DA:335,0
DA:337,0
DA:473,0
DA:475,0
DA:480,0
DA:481,0
DA:484,0
DA:485,0
DA:486,0
DA:488,0
DA:493,0
DA:498,0
LF:67
LH:0
BRDA:7,0,0,0
BRDA:7,0,1,0
BRDA:17,1,0,0
BRDA:19,2,0,0
BRDA:19,2,1,0
BRDA:23,3,0,0
BRDA:23,3,1,0
BRDA:37,4,0,0
BRDA:37,4,1,0
BRDA:78,5,0,0
BRDA:78,5,1,0
BRDA:102,6,0,0
BRDA:102,6,1,0
BRDA:112,7,0,0
BRDA:112,7,1,0
BRDA:133,8,0,0
BRDA:133,8,1,0
BRDA:134,9,0,0
BRDA:134,9,1,0
BRDA:134,9,2,0
BRDA:152,10,0,0
BRDA:152,10,1,0
BRDA:158,11,0,0
BRDA:158,11,1,0
BRDA:173,12,0,0
BRDA:173,12,1,0
BRDA:229,13,0,0
BRDA:229,13,1,0
BRDA:232,14,0,0
BRDA:232,14,1,0
BRDA:241,15,0,0
BRDA:241,15,1,0
BRDA:266,16,0,0
BRDA:266,16,1,0
BRDA:267,17,0,0
BRDA:267,17,1,0
BRDA:271,18,0,0
BRDA:271,18,1,0
BRDA:282,19,0,0
BRDA:282,19,1,0
BRDA:292,20,0,0
BRDA:292,20,1,0
BRDA:313,21,0,0
BRDA:313,21,1,0
BRDA:314,22,0,0
BRDA:314,22,1,0
BRDA:314,22,2,0
BRDA:332,23,0,0
BRDA:332,23,1,0
BRDA:335,24,0,0
BRDA:335,24,1,0
BRDA:339,25,0,0
BRDA:339,25,1,0
BRDA:354,26,0,0
BRDA:354,26,1,0
BRDA:422,27,0,0
BRDA:422,27,1,0
BRDA:425,28,0,0
BRDA:425,28,1,0
BRDA:434,29,0,0
BRDA:434,29,1,0
BRDA:464,30,0,0
BRDA:464,30,1,0
BRDA:465,31,0,0
BRDA:465,31,1,0
BRDA:469,32,0,0
BRDA:469,32,1,0
BRDA:480,33,0,0
BRDA:480,33,1,0
BRDA:490,34,0,0
BRDA:490,34,1,0
BRF:71
BRH:0
end_of_record
TN:
SF:backend\src\services\EmailServiceSMTP.js
FNF:0
FNH:0
LF:0
LH:0
BRF:0
BRH:0
end_of_record
TN:
SF:backend\src\services\JotformDataService.js
FN:81,(anonymous_0)
FN:91,(anonymous_1)
FN:98,(anonymous_2)
FN:110,(anonymous_3)
FN:129,(anonymous_4)
FN:130,(anonymous_5)
FN:158,(anonymous_6)
FN:162,(anonymous_7)
FN:176,(anonymous_8)
FN:229,(anonymous_9)
FN:238,(anonymous_10)
FN:244,(anonymous_11)
FN:258,(anonymous_12)
FN:281,(anonymous_13)
FN:288,(anonymous_14)
FN:320,(anonymous_15)
FN:329,(anonymous_16)
FN:342,(anonymous_17)
FN:350,(anonymous_18)
FN:364,(anonymous_19)
FN:372,(anonymous_20)
FN:395,(anonymous_21)
FNF:22
FNH:0
FNDA:0,(anonymous_0)
FNDA:0,(anonymous_1)
FNDA:0,(anonymous_2)
FNDA:0,(anonymous_3)
FNDA:0,(anonymous_4)
FNDA:0,(anonymous_5)
FNDA:0,(anonymous_6)
FNDA:0,(anonymous_7)
FNDA:0,(anonymous_8)
FNDA:0,(anonymous_9)
FNDA:0,(anonymous_10)
FNDA:0,(anonymous_11)
FNDA:0,(anonymous_12)
FNDA:0,(anonymous_13)
FNDA:0,(anonymous_14)
FNDA:0,(anonymous_15)
FNDA:0,(anonymous_16)
FNDA:0,(anonymous_17)
FNDA:0,(anonymous_18)
FNDA:0,(anonymous_19)
FNDA:0,(anonymous_20)
FNDA:0,(anonymous_21)
DA:13,0
DA:14,0
DA:17,0
DA:82,0
DA:83,0
DA:84,0
DA:85,0
DA:92,0
DA:99,0
DA:111,0
DA:112,0
DA:114,0
DA:117,0
DA:118,0
DA:122,0
DA:124,0
DA:125,0
DA:129,0
DA:130,0
DA:131,0
DA:132,0
DA:136,0
DA:137,0
DA:141,0
DA:142,0
DA:149,0
DA:153,0
DA:154,0
DA:158,0
DA:159,0
DA:160,0
DA:161,0
DA:162,0
DA:165,0
DA:169,0
DA:177,0
DA:178,0
DA:180,0
DA:181,0
DA:184,0
DA:187,0
DA:188,0
DA:195,0
DA:196,0
DA:203,0
DA:204,0
DA:208,0
DA:209,0
DA:216,0
DA:223,0
DA:224,0
DA:228,0
DA:229,0
DA:233,0
DA:237,0
DA:238,0
DA:239,0
DA:240,0
DA:242,0
DA:244,0
DA:252,0
DA:259,0
DA:260,0
DA:261,0
DA:264,0
DA:265,0
DA:267,0
DA:268,0
DA:271,0
DA:273,0
DA:274,0
DA:282,0
DA:283,0
DA:284,0
DA:287,0
DA:288,0
DA:289,0
DA:290,0
DA:292,0
DA:293,0
DA:301,0
DA:312,0
DA:313,0
DA:321,0
DA:322,0
DA:323,0
DA:327,0
DA:329,0
DA:330,0
DA:331,0
DA:332,0
DA:333,0
DA:335,0
DA:336,0
DA:337,0
DA:338,0
DA:341,0
DA:342,0
DA:343,0
DA:346,0
DA:349,0
DA:350,0
DA:351,0
DA:354,0
DA:362,0
DA:363,0
DA:364,0
DA:365,0
DA:368,0
DA:372,0
DA:375,0
DA:377,0
DA:378,0
DA:384,0
DA:387,0
DA:388,0
DA:396,0
DA:397,0
DA:398,0
DA:401,0
DA:402,0
DA:404,0
DA:405,0
DA:408,0
DA:410,0
DA:411,0
DA:417,0
LF:127
LH:0
BRDA:92,0,0,0
BRDA:92,0,1,0
BRDA:92,0,2,0
BRDA:110,1,0,0
BRDA:112,2,0,0
BRDA:112,2,1,0
BRDA:112,3,0,0
BRDA:112,3,1,0
BRDA:117,4,0,0
BRDA:117,4,1,0
BRDA:117,5,0,0
BRDA:117,5,1,0
BRDA:118,6,0,0
BRDA:118,6,1,0
BRDA:122,7,0,0
BRDA:122,7,1,0
BRDA:124,8,0,0
BRDA:124,8,1,0
BRDA:124,9,0,0
BRDA:124,9,1,0
BRDA:125,10,0,0
BRDA:125,10,1,0
BRDA:125,11,0,0
BRDA:125,11,1,0
BRDA:131,12,0,0
BRDA:131,12,1,0
BRDA:131,13,0,0
BRDA:131,13,1,0
BRDA:132,14,0,0
BRDA:132,14,1,0
BRDA:132,15,0,0
BRDA:132,15,1,0
BRDA:136,16,0,0
BRDA:136,16,1,0
BRDA:141,17,0,0
BRDA:141,17,1,0
BRDA:141,18,0,0
BRDA:141,18,1,0
BRDA:141,18,2,0
BRDA:153,19,0,0
BRDA:153,19,1,0
BRDA:153,20,0,0
BRDA:153,20,1,0
BRDA:153,20,2,0
BRDA:158,21,0,0
BRDA:158,21,1,0
BRDA:158,21,2,0
BRDA:159,22,0,0
BRDA:159,22,1,0
BRDA:161,23,0,0
BRDA:161,23,1,0
BRDA:180,24,0,0
BRDA:180,24,1,0
BRDA:180,25,0,0
BRDA:180,25,1,0
BRDA:187,26,0,0
BRDA:187,26,1,0
BRDA:187,27,0,0
BRDA:187,27,1,0
BRDA:187,27,2,0
BRDA:190,28,0,0
BRDA:190,28,1,0
BRDA:190,29,0,0
BRDA:190,29,1,0
BRDA:195,30,0,0
BRDA:195,30,1,0
BRDA:195,31,0,0
BRDA:195,31,1,0
BRDA:203,32,0,0
BRDA:203,32,1,0
BRDA:203,33,0,0
BRDA:203,33,1,0
BRDA:208,34,0,0
BRDA:208,34,1,0
BRDA:208,35,0,0
BRDA:208,35,1,0
BRDA:208,35,2,0
BRDA:208,35,3,0
BRDA:218,36,0,0
BRDA:218,36,1,0
BRDA:223,37,0,0
BRDA:223,37,1,0
BRDA:228,38,0,0
BRDA:228,38,1,0
BRDA:228,39,0,0
BRDA:228,39,1,0
BRDA:228,39,2,0
BRDA:228,39,3,0
BRDA:237,40,0,0
BRDA:237,40,1,0
BRDA:238,41,0,0
BRDA:238,41,1,0
BRDA:238,41,2,0
BRDA:239,42,0,0
BRDA:239,42,1,0
BRDA:260,43,0,0
BRDA:260,43,1,0
BRDA:267,44,0,0
BRDA:267,44,1,0
BRDA:267,45,0,0
BRDA:267,45,1,0
BRDA:292,46,0,0
BRDA:292,46,1,0
BRDA:322,47,0,0
BRDA:322,47,1,0
BRDA:330,48,0,0
BRDA:330,48,1,0
BRDA:330,49,0,0
BRDA:330,49,1,0
BRDA:332,50,0,0
BRDA:332,50,1,0
BRDA:335,51,0,0
BRDA:335,51,1,0
BRDA:337,52,0,0
BRDA:337,52,1,0
BRDA:341,53,0,0
BRDA:341,53,1,0
BRDA:349,54,0,0
BRDA:349,54,1,0
BRDA:377,55,0,0
BRDA:377,55,1,0
BRDA:377,56,0,0
BRDA:377,56,1,0
BRDA:384,57,0,0
BRDA:384,57,1,0
BRDA:395,58,0,0
BRDA:395,59,0,0
BRDA:397,60,0,0
BRDA:397,60,1,0
BRDA:404,61,0,0
BRDA:404,61,1,0
BRDA:404,62,0,0
BRDA:404,62,1,0
BRF:133
BRH:0
end_of_record
TN:
SF:backend\src\services\MultilingualService.js
FN:10,(anonymous_0)
FN:97,(anonymous_1)
FN:150,(anonymous_2)
FN:180,(anonymous_3)
FN:214,(anonymous_4)
FN:250,(anonymous_5)
FNF:6
FNH:0
FNDA:0,(anonymous_0)
FNDA:0,(anonymous_1)
FNDA:0,(anonymous_2)
FNDA:0,(anonymous_3)
FNDA:0,(anonymous_4)
FNDA:0,(anonymous_5)
DA:1,0
DA:11,0
DA:64,0
DA:67,0
DA:68,0
DA:69,0
DA:72,0
DA:73,0
DA:74,0
DA:77,0
DA:78,0
DA:81,0
DA:82,0
DA:83,0
DA:86,0
DA:88,0
DA:98,0
DA:141,0
DA:142,0
DA:151,0
DA:172,0
DA:181,0
DA:206,0
DA:215,0
DA:242,0
DA:251,0
DA:279,0
DA:280,0
DA:284,0
LF:29
LH:0
BRDA:10,0,0,0
BRDA:10,1,0,0
BRDA:67,2,0,0
BRDA:67,2,1,0
BRDA:72,3,0,0
BRDA:72,3,1,0
BRDA:77,4,0,0
BRDA:77,4,1,0
BRDA:81,5,0,0
BRDA:81,5,1,0
BRDA:97,6,0,0
BRDA:142,7,0,0
BRDA:142,7,1,0
BRDA:150,8,0,0
BRDA:180,9,0,0
BRDA:214,10,0,0
BRDA:250,11,0,0
BRDA:280,12,0,0
BRDA:280,12,1,0
BRF:19
BRH:0
end_of_record
TN:
SF:backend\src\services\ServiceService.js
FNF:0
FNH:0
LF:0
LH:0
BRF:0
BRH:0
end_of_record
TN:
SF:backend\src\services\TelegramService.js
FN:4,(anonymous_0)
FN:7,(anonymous_1)
FN:23,(anonymous_2)
FN:40,(anonymous_3)
FN:87,(anonymous_4)
FN:139,(anonymous_5)
FN:172,(anonymous_6)
FN:188,(anonymous_7)
FN:231,(anonymous_8)
FN:246,(anonymous_9)
FN:262,(anonymous_10)
FN:268,(anonymous_11)
FN:282,(anonymous_12)
FN:295,(anonymous_13)
FN:308,(anonymous_14)
FNF:15
FNH:0
FNDA:0,(anonymous_0)
FNDA:0,(anonymous_1)
FNDA:0,(anonymous_2)
FNDA:0,(anonymous_3)
FNDA:0,(anonymous_4)
FNDA:0,(anonymous_5)
FNDA:0,(anonymous_6)
FNDA:0,(anonymous_7)
FNDA:0,(anonymous_8)
FNDA:0,(anonymous_9)
FNDA:0,(anonymous_10)
FNDA:0,(anonymous_11)
FNDA:0,(anonymous_12)
FNDA:0,(anonymous_13)
FNDA:0,(anonymous_14)
DA:1,0
DA:5,0
DA:7,0
DA:8,0
DA:11,0
DA:12,0
DA:13,0
DA:14,0
DA:24,0
DA:25,0
DA:27,0
DA:28,0
DA:29,0
DA:30,0
DA:31,0
DA:32,0
DA:36,0
DA:37,0
DA:38,0
DA:39,0
DA:40,0
DA:42,0
DA:43,0
DA:44,0
DA:45,0
DA:48,0
DA:50,0
DA:51,0
DA:52,0
DA:53,0
DA:60,0
DA:61,0
DA:62,0
DA:63,0
DA:65,0
DA:66,0
DA:69,0
DA:70,0
DA:73,0
DA:74,0
DA:76,0
DA:77,0
DA:88,0
DA:95,0
DA:98,0
DA:105,0
DA:131,0
DA:140,0
DA:147,0
DA:148,0
DA:150,0
DA:165,0
DA:173,0
DA:174,0
DA:175,0
DA:177,0
DA:179,0
DA:180,0
DA:189,0
DA:190,0
DA:192,0
DA:199,0
DA:219,0
DA:221,0
DA:222,0
DA:232,0
DA:233,0
DA:235,0
DA:237,0
DA:238,0
DA:247,0
DA:248,0
DA:255,0
DA:257,0
DA:258,0
DA:260,0
DA:262,0
DA:263,0
DA:264,0
DA:265,0
DA:268,0
DA:269,0
DA:272,0
DA:274,0
DA:275,0
DA:283,0
DA:289,0
DA:296,0
DA:302,0
DA:309,0
DA:310,0
DA:311,0
DA:313,0
DA:314,0
DA:319,0
LF:95
LH:0
BRDA:7,0,0,0
BRDA:7,0,1,0
BRDA:12,1,0,0
BRDA:12,1,1,0
BRDA:23,2,0,0
BRDA:23,3,0,0
BRDA:27,4,0,0
BRDA:27,4,1,0
BRDA:27,5,0,0
BRDA:27,5,1,0
BRDA:27,5,2,0
BRDA:37,6,0,0
BRDA:37,6,1,0
BRDA:39,7,0,0
BRDA:39,7,1,0
BRDA:42,8,0,0
BRDA:42,8,1,0
BRDA:43,9,0,0
BRDA:43,9,1,0
BRDA:56,10,0,0
BRDA:56,10,1,0
BRDA:57,11,0,0
BRDA:57,11,1,0
BRDA:62,12,0,0
BRDA:62,12,1,0
BRDA:73,13,0,0
BRDA:73,13,1,0
BRDA:95,14,0,0
BRDA:95,14,1,0
BRDA:111,15,0,0
BRDA:111,15,1,0
BRDA:124,16,0,0
BRDA:124,16,1,0
BRDA:147,17,0,0
BRDA:147,17,1,0
BRDA:209,18,0,0
BRDA:209,18,1,0
BRDA:214,19,0,0
BRDA:214,19,1,0
BRDA:257,20,0,0
BRDA:257,20,1,0
BRDA:289,21,0,0
BRDA:289,21,1,0
BRDA:302,22,0,0
BRDA:302,22,1,0
BRF:45
BRH:0
end_of_record
